   1              		.syntax unified
   2              		.cpu cortex-m4
   3              		.eabi_attribute 27, 3
   4              		.fpu fpv4-sp-d16
   5              		.eabi_attribute 20, 1
   6              		.eabi_attribute 21, 1
   7              		.eabi_attribute 23, 3
   8              		.eabi_attribute 24, 1
   9              		.eabi_attribute 25, 1
  10              		.eabi_attribute 26, 1
  11              		.eabi_attribute 30, 6
  12              		.eabi_attribute 34, 1
  13              		.eabi_attribute 18, 4
  14              		.thumb
  15              		.file	"etMessage.c"
  16              		.text
  17              	.Ltext0:
  18              		.cfi_sections	.debug_frame
  19              		.section	.text.etMessage_init,"ax",%progbits
  20              		.align	2
  21              		.global	etMessage_init
  22              		.thumb
  23              		.thumb_func
  25              	etMessage_init:
  26              	.LFB0:
  27              		.file 1 "../etRuntime/src/common/messaging/etMessage.c"
   1:../etRuntime/src/common/messaging/etMessage.c **** /*******************************************************************************
   2:../etRuntime/src/common/messaging/etMessage.c ****  * Copyright (c) 2011 protos software gmbh (http://www.protos.de).
   3:../etRuntime/src/common/messaging/etMessage.c ****  * All rights reserved. This program and the accompanying materials
   4:../etRuntime/src/common/messaging/etMessage.c ****  * are made available under the terms of the Eclipse Public License v1.0
   5:../etRuntime/src/common/messaging/etMessage.c ****  * which accompanies this distribution, and is available at
   6:../etRuntime/src/common/messaging/etMessage.c ****  * http://www.eclipse.org/legal/epl-v10.html
   7:../etRuntime/src/common/messaging/etMessage.c ****  *
   8:../etRuntime/src/common/messaging/etMessage.c ****  * CONTRIBUTORS:
   9:../etRuntime/src/common/messaging/etMessage.c ****  * 		Thomas Schuetz (initial contribution)
  10:../etRuntime/src/common/messaging/etMessage.c ****  *
  11:../etRuntime/src/common/messaging/etMessage.c ****  *******************************************************************************/
  12:../etRuntime/src/common/messaging/etMessage.c **** 
  13:../etRuntime/src/common/messaging/etMessage.c **** #include "messaging/etMessage.h"
  14:../etRuntime/src/common/messaging/etMessage.c **** 
  15:../etRuntime/src/common/messaging/etMessage.c **** #include "debugging/etMSCLogger.h"
  16:../etRuntime/src/common/messaging/etMessage.c **** 
  17:../etRuntime/src/common/messaging/etMessage.c **** #include <stddef.h>
  18:../etRuntime/src/common/messaging/etMessage.c **** 
  19:../etRuntime/src/common/messaging/etMessage.c **** void etMessage_init(etMessage* self){
  28              		.loc 1 19 0
  29              		.cfi_startproc
  30              		@ args = 0, pretend = 0, frame = 8
  31              		@ frame_needed = 1, uses_anonymous_args = 0
  32              		@ link register save eliminated.
  33 0000 80B4     		push	{r7}
  34              	.LCFI0:
  35              		.cfi_def_cfa_offset 4
  36              		.cfi_offset 7, -4
  37 0002 83B0     		sub	sp, sp, #12
  38              	.LCFI1:
  39              		.cfi_def_cfa_offset 16
  40 0004 00AF     		add	r7, sp, #0
  41              	.LCFI2:
  42              		.cfi_def_cfa_register 7
  43 0006 7860     		str	r0, [r7, #4]
  20:../etRuntime/src/common/messaging/etMessage.c **** 	ET_MSC_LOGGER_SYNC_ENTRY("etMessage", "init")
  21:../etRuntime/src/common/messaging/etMessage.c **** 	self->next = NULL;
  44              		.loc 1 21 0
  45 0008 7B68     		ldr	r3, [r7, #4]
  46 000a 4FF00002 		mov	r2, #0
  47 000e 1A60     		str	r2, [r3, #0]
  22:../etRuntime/src/common/messaging/etMessage.c **** 	self->address = 0;
  48              		.loc 1 22 0
  49 0010 7B68     		ldr	r3, [r7, #4]
  50 0012 4FF00002 		mov	r2, #0
  51 0016 9A80     		strh	r2, [r3, #4]	@ movhi
  23:../etRuntime/src/common/messaging/etMessage.c **** 	self->evtID = 0;
  52              		.loc 1 23 0
  53 0018 7B68     		ldr	r3, [r7, #4]
  54 001a 4FF00002 		mov	r2, #0
  55 001e DA80     		strh	r2, [r3, #6]	@ movhi
  24:../etRuntime/src/common/messaging/etMessage.c **** 	ET_MSC_LOGGER_SYNC_EXIT
  25:../etRuntime/src/common/messaging/etMessage.c **** }
  56              		.loc 1 25 0
  57 0020 07F10C07 		add	r7, r7, #12
  58 0024 BD46     		mov	sp, r7
  59 0026 80BC     		pop	{r7}
  60 0028 7047     		bx	lr
  61              		.cfi_endproc
  62              	.LFE0:
  64 002a 00BF     		.text
  65              	.Letext0:
  66              		.file 2 "C:\\data\\workspaces\\github\\de.protos.demos\\src\\HexagonCANDemo\\etrice.runtime.c\\etR
  67              		.file 3 "C:\\data\\workspaces\\github\\de.protos.demos\\src\\HexagonCANDemo\\etrice.runtime.c\\etR
DEFINED SYMBOLS
                            *ABS*:00000000 etMessage.c
C:\Users\TJung\AppData\Local\Temp\cczvpaiY.s:20     .text.etMessage_init:00000000 $t
C:\Users\TJung\AppData\Local\Temp\cczvpaiY.s:25     .text.etMessage_init:00000000 etMessage_init
                     .debug_frame:00000010 $d
                           .group:00000000 wm4.1.3ebb63153f4be34d5fff8ba99e32b1ac
                           .group:00000000 wm4.newlib.h.8.a9901dc52d1357e3e94003403d43f8b5
                           .group:00000000 wm4.features.h.22.b72b3baab2bb2eab3661375590100b6b
                           .group:00000000 wm4.config.h.193.5fb8ef056cdff92dec3dee9552839d8c
                           .group:00000000 wm4._ansi.h.23.7aefdac4826acebbfc9f3822a0aeb14c
                           .group:00000000 wm4.stdio.h.31.f48311dde756a2aec27351b58a280fb9
                           .group:00000000 wm4.stddef.h.187.9e651b6b8b16e149c1353259404973ea
                           .group:00000000 wm4.stdarg.h.34.3a23a216c0c293b3d2ea2e89281481e6
                           .group:00000000 wm4._default_types.h.6.5e12cd604db8ce00b62bb2f02708eaf3
                           .group:00000000 wm4.lock.h.2.9bc98482741e5e2a9450b12934a684ea
                           .group:00000000 wm4.stddef.h.349.31f4c5baff3fa2689010b32028da9c47
                           .group:00000000 wm4.reent.h.16.9e42f0e588b85e70b2bf6572af57ce64
                           .group:00000000 wm4.types.h.23.0d949686bbcadd1621462d4fa1f884f9
                           .group:00000000 wm4.stddef.h.40.cf962ebbec441b3ac67502735f0765db
                           .group:00000000 wm4.types.h.2.e9cec8c90ab35f77d9f499e06ae02400
                           .group:00000000 wm4.types.h.80.1f2c84c0d57dd52dd9936095d9ac218e
                           .group:00000000 wm4.stdio.h.2.4aa87247282eca6c8f36f9de33d8df1a
                           .group:00000000 wm4.stdio.h.63.dfdea6580b080784d08faace69b6ed76
                           .group:00000000 wm4.etDatatypes.h.46.d01c3a9ad02b6611beb80ccd6973b180
                           .group:00000000 wm4.etRuntimeConfig.h.22.f3896c5e01c5c01380e7f5e574077970
                           .group:00000000 wm4.etMSCLogger.h.141.92ef314402d3b770bc37bd8efd7aeec4

NO UNDEFINED SYMBOLS
