   1              		.cpu cortex-m0
   2              		.fpu softvfp
   3              		.eabi_attribute 20, 1
   4              		.eabi_attribute 21, 1
   5              		.eabi_attribute 23, 3
   6              		.eabi_attribute 24, 1
   7              		.eabi_attribute 25, 1
   8              		.eabi_attribute 26, 1
   9              		.eabi_attribute 30, 6
  10              		.eabi_attribute 34, 0
  11              		.eabi_attribute 18, 4
  12              		.code	16
  13              		.file	"StartDaveTimer.c"
  14              		.text
  15              	.Ltext0:
  16              		.cfi_sections	.debug_frame
  17              		.section	.text.timerCallback,"ax",%progbits
  18              		.align	2
  19              		.global	timerCallback
  20              		.code	16
  21              		.thumb_func
  23              	timerCallback:
  24              	.LFB33:
  25              		.file 1 "../StartDaveTimer.c"
   1:../StartDaveTimer.c **** /*
   2:../StartDaveTimer.c ****  * StartDaveTimer.c
   3:../StartDaveTimer.c ****  *
   4:../StartDaveTimer.c ****  *  Created on: 09.11.2014
   5:../StartDaveTimer.c ****  *      Author: TJung
   6:../StartDaveTimer.c ****  */
   7:../StartDaveTimer.c **** 
   8:../StartDaveTimer.c **** #include "DAVE3.h"
   9:../StartDaveTimer.c **** 
  10:../StartDaveTimer.c **** void etTick_Handler(void);
  11:../StartDaveTimer.c **** 
  12:../StartDaveTimer.c **** void timerCallback(void * arg){
  26              		.loc 1 12 0
  27              		.cfi_startproc
  28 0000 80B5     		push	{r7, lr}
  29              	.LCFI0:
  30              		.cfi_def_cfa_offset 8
  31              		.cfi_offset 7, -8
  32              		.cfi_offset 14, -4
  33 0002 82B0     		sub	sp, sp, #8
  34              	.LCFI1:
  35              		.cfi_def_cfa_offset 16
  36 0004 00AF     		add	r7, sp, #0
  37              	.LCFI2:
  38              		.cfi_def_cfa_register 7
  39 0006 7860     		str	r0, [r7, #4]
  13:../StartDaveTimer.c **** 	etTick_Handler();
  40              		.loc 1 13 0
  41 0008 FFF7FEFF 		bl	etTick_Handler
  14:../StartDaveTimer.c **** }
  42              		.loc 1 14 0
  43 000c BD46     		mov	sp, r7
  44 000e 02B0     		add	sp, sp, #8
  45              		@ sp needed for prologue
  46 0010 80BD     		pop	{r7, pc}
  47              		.cfi_endproc
  48              	.LFE33:
  50 0012 C046     		.section	.text.StartDaveTimer,"ax",%progbits
  51              		.align	2
  52              		.global	StartDaveTimer
  53              		.code	16
  54              		.thumb_func
  56              	StartDaveTimer:
  57              	.LFB34:
  15:../StartDaveTimer.c **** 
  16:../StartDaveTimer.c **** typedef void (*SYSTM001_TimerCallBackPtr)(void* ParamToCallBack);
  17:../StartDaveTimer.c **** 
  18:../StartDaveTimer.c **** void StartDaveTimer(void){
  58              		.loc 1 18 0
  59              		.cfi_startproc
  60 0000 80B5     		push	{r7, lr}
  61              	.LCFI3:
  62              		.cfi_def_cfa_offset 8
  63              		.cfi_offset 7, -8
  64              		.cfi_offset 14, -4
  65 0002 82B0     		sub	sp, sp, #8
  66              	.LCFI4:
  67              		.cfi_def_cfa_offset 16
  68 0004 00AF     		add	r7, sp, #0
  69              	.LCFI5:
  70              		.cfi_def_cfa_register 7
  19:../StartDaveTimer.c **** handle_t timer;
  20:../StartDaveTimer.c **** 
  21:../StartDaveTimer.c **** 	timer = SYSTM001_CreateTimer(1,SYSTM001_PERIODIC,(SYSTM001_TimerCallBackPtr*) timerCallback,(void*
  71              		.loc 1 21 0
  72 0006 084B     		ldr	r3, .L3
  73 0008 0120     		mov	r0, #1
  74 000a 0121     		mov	r1, #1
  75 000c 1A1C     		mov	r2, r3
  76 000e 0023     		mov	r3, #0
  77 0010 FFF7FEFF 		bl	SYSTM001_CreateTimer
  78 0014 031C     		mov	r3, r0
  79 0016 7B60     		str	r3, [r7, #4]
  22:../StartDaveTimer.c **** 	SYSTM001_StartTimer(timer);
  80              		.loc 1 22 0
  81 0018 7B68     		ldr	r3, [r7, #4]
  82 001a 181C     		mov	r0, r3
  83 001c FFF7FEFF 		bl	SYSTM001_StartTimer
  23:../StartDaveTimer.c **** }
  84              		.loc 1 23 0
  85 0020 BD46     		mov	sp, r7
  86 0022 02B0     		add	sp, sp, #8
  87              		@ sp needed for prologue
  88 0024 80BD     		pop	{r7, pc}
  89              	.L4:
  90 0026 C046     		.align	2
  91              	.L3:
  92 0028 00000000 		.word	timerCallback
  93              		.cfi_endproc
  94              	.LFE34:
  96              		.text
  97              	.Letext0:
  98              		.file 2 "c:\\dave-3.1.10\\arm-gcc\\bin\\../lib/gcc/arm-none-eabi/4.7.4/../../../../arm-none-eabi/i
  99              		.file 3 "C:\\data\\workspaces\\github\\de.protos.demos\\src\\XMC2GoBlinky\\XMC2GoBlinkyST\\Dave\\G
 100              		.file 4 "C:\\data\\workspaces\\github\\de.protos.demos\\src\\XMC2GoBlinky\\XMC2GoBlinkyST\\Dave\\G
DEFINED SYMBOLS
                            *ABS*:00000000 StartDaveTimer.c
C:\Users\TJung\AppData\Local\Temp\cc8LBggu.s:18     .text.timerCallback:00000000 $t
C:\Users\TJung\AppData\Local\Temp\cc8LBggu.s:23     .text.timerCallback:00000000 timerCallback
C:\Users\TJung\AppData\Local\Temp\cc8LBggu.s:51     .text.StartDaveTimer:00000000 $t
C:\Users\TJung\AppData\Local\Temp\cc8LBggu.s:56     .text.StartDaveTimer:00000000 StartDaveTimer
C:\Users\TJung\AppData\Local\Temp\cc8LBggu.s:92     .text.StartDaveTimer:00000028 $d
                     .debug_frame:00000010 $d
                           .group:00000000 wm4.1.4f34ab06ae2725aaf04d3230f4ec23a7
                           .group:00000000 wm4.XMC1100.h.45.7a7cd799d7738130fcda8b83b0aa37d4
                           .group:00000000 wm4.core_cm0.h.47.022e66414e77714da7c4b30b3ad99fe8
                           .group:00000000 wm4.newlib.h.8.a9901dc52d1357e3e94003403d43f8b5
                           .group:00000000 wm4.features.h.22.b72b3baab2bb2eab3661375590100b6b
                           .group:00000000 wm4.config.h.193.5fb8ef056cdff92dec3dee9552839d8c
                           .group:00000000 wm4._ansi.h.23.7aefdac4826acebbfc9f3822a0aeb14c
                           .group:00000000 wm4.stdint.h.20.54ad762faa59e3c05491630641c8d8bf
                           .group:00000000 wm4.core_cmInstr.h.39.b7b6650bdd2316848d940915272d75b8
                           .group:00000000 wm4.core_cm0.h.135.ca70469f87e143609670bb393bfa6518
                           .group:00000000 wm4.XMC1000_RomFunctionTable.h.31.6d9a94465618f31b040dc9cea9a47ad7
                           .group:00000000 wm4.XMC1100.h.114.be3711f71ee045884346be801053f4c0
                           .group:00000000 wm4.stddef.h.40.50cf36416e06376af8a9dca28536f2e4
                           .group:00000000 wm4.types.h.60.e75c47576398c648cdcf9000ace5e3d8
                           .group:00000000 wm4.MULTIPLEXER.h.46.383e3edbb9cbf6e538f7c1532ef623c1
                           .group:00000000 wm4.uc_id.h.35.eaf9b374d895319eacbb56387e04af18
                           .group:00000000 wm4.Usic.h.90.22743468abc46f16747d12430b219aaf
                           .group:00000000 wm4.UART001_Conf.h.53.f334402b2e237110b77f625dfc27af0e
                           .group:00000000 wm4.UART001.h.109.3e835815a7a59791d8bd39655f4d4cc9
                           .group:00000000 wm4.CCU4Global_Conf.h.63.a52fac0daa39b5f58343578312b4eb54
                           .group:00000000 wm4.PWMSP001.h.57.29b732b86baf3e81f49153f5f495912e
                           .group:00000000 wm4.IO004.h.53.442ea5eb47ad9eedc675253aa35f3107
                           .group:00000000 wm4.SYSTM001.h.64.aec07633e24163b6539b13abf1730eae

UNDEFINED SYMBOLS
etTick_Handler
SYSTM001_CreateTimer
SYSTM001_StartTimer
