   1              		.cpu cortex-m0
   2              		.fpu softvfp
   3              		.eabi_attribute 20, 1
   4              		.eabi_attribute 21, 1
   5              		.eabi_attribute 23, 3
   6              		.eabi_attribute 24, 1
   7              		.eabi_attribute 25, 1
   8              		.eabi_attribute 26, 1
   9              		.eabi_attribute 30, 6
  10              		.eabi_attribute 34, 0
  11              		.eabi_attribute 18, 4
  12              		.code	16
  13              		.file	"PWMSP001.c"
  14              		.text
  15              	.Ltext0:
  16              		.cfi_sections	.debug_frame
  17              		.section	.text.PWMSP001ReplPort_getReplication,"ax",%progbits
  18              		.align	2
  19              		.global	PWMSP001ReplPort_getReplication
  20              		.code	16
  21              		.thumb_func
  23              	PWMSP001ReplPort_getReplication:
  24              	.LFB33:
  25              		.file 1 "C:/data/workspaces/github/de.protos.demos/src/XMC2GoBlinky/etrice.XMC2GoBlinky.demo/src-g
   1:C:/data/workspaces/github/de.protos.demos/src/XMC2GoBlinky/etrice.XMC2GoBlinky.demo/src-gen-mt/DaveInterface\PWMSP001.c **** /**
   2:C:/data/workspaces/github/de.protos.demos/src/XMC2GoBlinky/etrice.XMC2GoBlinky.demo/src-gen-mt/DaveInterface\PWMSP001.c ****  * @author generated by eTrice
   3:C:/data/workspaces/github/de.protos.demos/src/XMC2GoBlinky/etrice.XMC2GoBlinky.demo/src-gen-mt/DaveInterface\PWMSP001.c ****  *
   4:C:/data/workspaces/github/de.protos.demos/src/XMC2GoBlinky/etrice.XMC2GoBlinky.demo/src-gen-mt/DaveInterface\PWMSP001.c ****  * Source File of ProtocolClass PWMSP001
   5:C:/data/workspaces/github/de.protos.demos/src/XMC2GoBlinky/etrice.XMC2GoBlinky.demo/src-gen-mt/DaveInterface\PWMSP001.c ****  * 
   6:C:/data/workspaces/github/de.protos.demos/src/XMC2GoBlinky/etrice.XMC2GoBlinky.demo/src-gen-mt/DaveInterface\PWMSP001.c ****  */
   7:C:/data/workspaces/github/de.protos.demos/src/XMC2GoBlinky/etrice.XMC2GoBlinky.demo/src-gen-mt/DaveInterface\PWMSP001.c **** 
   8:C:/data/workspaces/github/de.protos.demos/src/XMC2GoBlinky/etrice.XMC2GoBlinky.demo/src-gen-mt/DaveInterface\PWMSP001.c **** #include "PWMSP001.h"
   9:C:/data/workspaces/github/de.protos.demos/src/XMC2GoBlinky/etrice.XMC2GoBlinky.demo/src-gen-mt/DaveInterface\PWMSP001.c **** #include "debugging/etMSCLogger.h"
  10:C:/data/workspaces/github/de.protos.demos/src/XMC2GoBlinky/etrice.XMC2GoBlinky.demo/src-gen-mt/DaveInterface\PWMSP001.c **** #include "PWMSP001_Utils.h"
  11:C:/data/workspaces/github/de.protos.demos/src/XMC2GoBlinky/etrice.XMC2GoBlinky.demo/src-gen-mt/DaveInterface\PWMSP001.c **** 
  12:C:/data/workspaces/github/de.protos.demos/src/XMC2GoBlinky/etrice.XMC2GoBlinky.demo/src-gen-mt/DaveInterface\PWMSP001.c **** 
  13:C:/data/workspaces/github/de.protos.demos/src/XMC2GoBlinky/etrice.XMC2GoBlinky.demo/src-gen-mt/DaveInterface\PWMSP001.c **** /*--------------------- port methods */
  14:C:/data/workspaces/github/de.protos.demos/src/XMC2GoBlinky/etrice.XMC2GoBlinky.demo/src-gen-mt/DaveInterface\PWMSP001.c **** etInt32 PWMSP001ReplPort_getReplication(const PWMSP001ReplPort* self) {
  26              		.loc 1 14 0
  27              		.cfi_startproc
  28 0000 80B5     		push	{r7, lr}
  29              	.LCFI0:
  30              		.cfi_def_cfa_offset 8
  31              		.cfi_offset 7, -8
  32              		.cfi_offset 14, -4
  33 0002 82B0     		sub	sp, sp, #8
  34              	.LCFI1:
  35              		.cfi_def_cfa_offset 16
  36 0004 00AF     		add	r7, sp, #0
  37              	.LCFI2:
  38              		.cfi_def_cfa_register 7
  39 0006 7860     		str	r0, [r7, #4]
  15:C:/data/workspaces/github/de.protos.demos/src/XMC2GoBlinky/etrice.XMC2GoBlinky.demo/src-gen-mt/DaveInterface\PWMSP001.c **** 	return ((etReplPort*)self)->size;
  40              		.loc 1 15 0
  41 0008 7B68     		ldr	r3, [r7, #4]
  42 000a 1B88     		ldrh	r3, [r3]
  43 000c 1BB2     		sxth	r3, r3
  16:C:/data/workspaces/github/de.protos.demos/src/XMC2GoBlinky/etrice.XMC2GoBlinky.demo/src-gen-mt/DaveInterface\PWMSP001.c **** }
  44              		.loc 1 16 0
  45 000e 181C     		mov	r0, r3
  46 0010 BD46     		mov	sp, r7
  47 0012 02B0     		add	sp, sp, #8
  48              		@ sp needed for prologue
  49 0014 80BD     		pop	{r7, pc}
  50              		.cfi_endproc
  51              	.LFE33:
  53 0016 C046     		.section	.text.PWMSP001ConjPort_setInstance,"ax",%progbits
  54              		.align	2
  55              		.global	PWMSP001ConjPort_setInstance
  56              		.code	16
  57              		.thumb_func
  59              	PWMSP001ConjPort_setInstance:
  60              	.LFB34:
  17:C:/data/workspaces/github/de.protos.demos/src/XMC2GoBlinky/etrice.XMC2GoBlinky.demo/src-gen-mt/DaveInterface\PWMSP001.c **** 
  18:C:/data/workspaces/github/de.protos.demos/src/XMC2GoBlinky/etrice.XMC2GoBlinky.demo/src-gen-mt/DaveInterface\PWMSP001.c **** 
  19:C:/data/workspaces/github/de.protos.demos/src/XMC2GoBlinky/etrice.XMC2GoBlinky.demo/src-gen-mt/DaveInterface\PWMSP001.c **** /* begin PWMSP001ConjPort specific */
  20:C:/data/workspaces/github/de.protos.demos/src/XMC2GoBlinky/etrice.XMC2GoBlinky.demo/src-gen-mt/DaveInterface\PWMSP001.c **** 
  21:C:/data/workspaces/github/de.protos.demos/src/XMC2GoBlinky/etrice.XMC2GoBlinky.demo/src-gen-mt/DaveInterface\PWMSP001.c **** /*--------------------- operations ---------------------*/
  22:C:/data/workspaces/github/de.protos.demos/src/XMC2GoBlinky/etrice.XMC2GoBlinky.demo/src-gen-mt/DaveInterface\PWMSP001.c **** void PWMSP001ConjPort_setInstance(PWMSP001ConjPort* self, uint32 data) {
  61              		.loc 1 22 0
  62              		.cfi_startproc
  63 0000 80B5     		push	{r7, lr}
  64              	.LCFI3:
  65              		.cfi_def_cfa_offset 8
  66              		.cfi_offset 7, -8
  67              		.cfi_offset 14, -4
  68 0002 82B0     		sub	sp, sp, #8
  69              	.LCFI4:
  70              		.cfi_def_cfa_offset 16
  71 0004 00AF     		add	r7, sp, #0
  72              	.LCFI5:
  73              		.cfi_def_cfa_register 7
  74 0006 7860     		str	r0, [r7, #4]
  75 0008 3960     		str	r1, [r7]
  23:C:/data/workspaces/github/de.protos.demos/src/XMC2GoBlinky/etrice.XMC2GoBlinky.demo/src-gen-mt/DaveInterface\PWMSP001.c **** 	switch(data){
  76              		.loc 1 23 0
  77 000a 3B68     		ldr	r3, [r7]
  78 000c 002B     		cmp	r3, #0
  79 000e 02D0     		beq	.L5
  80 0010 012B     		cmp	r3, #1
  81 0012 05D0     		beq	.L6
  82 0014 09E0     		b	.L8
  83              	.L5:
  24:C:/data/workspaces/github/de.protos.demos/src/XMC2GoBlinky/etrice.XMC2GoBlinky.demo/src-gen-mt/DaveInterface\PWMSP001.c **** 	    case 0: Handle=&PWMSP001_Handle0;
  84              		.loc 1 24 0
  85 0016 7B68     		ldr	r3, [r7, #4]
  86 0018 1B68     		ldr	r3, [r3]
  87 001a 064A     		ldr	r2, .L9
  88 001c 1A60     		str	r2, [r3]
  25:C:/data/workspaces/github/de.protos.demos/src/XMC2GoBlinky/etrice.XMC2GoBlinky.demo/src-gen-mt/DaveInterface\PWMSP001.c **** 			break;
  89              		.loc 1 25 0
  90 001e 05E0     		b	.L3
  91              	.L6:
  26:C:/data/workspaces/github/de.protos.demos/src/XMC2GoBlinky/etrice.XMC2GoBlinky.demo/src-gen-mt/DaveInterface\PWMSP001.c **** 	    case 1: Handle=&PWMSP001_Handle1;
  92              		.loc 1 26 0
  93 0020 7B68     		ldr	r3, [r7, #4]
  94 0022 1B68     		ldr	r3, [r3]
  95 0024 044A     		ldr	r2, .L9+4
  96 0026 1A60     		str	r2, [r3]
  27:C:/data/workspaces/github/de.protos.demos/src/XMC2GoBlinky/etrice.XMC2GoBlinky.demo/src-gen-mt/DaveInterface\PWMSP001.c **** 			break;
  97              		.loc 1 27 0
  98 0028 00E0     		b	.L3
  99              	.L8:
  28:C:/data/workspaces/github/de.protos.demos/src/XMC2GoBlinky/etrice.XMC2GoBlinky.demo/src-gen-mt/DaveInterface\PWMSP001.c **** 	    default: break;
 100              		.loc 1 28 0
 101 002a C046     		mov	r8, r8
 102              	.L3:
  29:C:/data/workspaces/github/de.protos.demos/src/XMC2GoBlinky/etrice.XMC2GoBlinky.demo/src-gen-mt/DaveInterface\PWMSP001.c **** 	    }
  30:C:/data/workspaces/github/de.protos.demos/src/XMC2GoBlinky/etrice.XMC2GoBlinky.demo/src-gen-mt/DaveInterface\PWMSP001.c **** }
 103              		.loc 1 30 0
 104 002c BD46     		mov	sp, r7
 105 002e 02B0     		add	sp, sp, #8
 106              		@ sp needed for prologue
 107 0030 80BD     		pop	{r7, pc}
 108              	.L10:
 109 0032 C046     		.align	2
 110              	.L9:
 111 0034 00000000 		.word	PWMSP001_Handle0
 112 0038 00000000 		.word	PWMSP001_Handle1
 113              		.cfi_endproc
 114              	.LFE34:
 116              		.global	__aeabi_ui2f
 117              		.section	.text.PWMSP001ConjPort_setDutyCycle,"ax",%progbits
 118              		.align	2
 119              		.global	PWMSP001ConjPort_setDutyCycle
 120              		.code	16
 121              		.thumb_func
 123              	PWMSP001ConjPort_setDutyCycle:
 124              	.LFB35:
  31:C:/data/workspaces/github/de.protos.demos/src/XMC2GoBlinky/etrice.XMC2GoBlinky.demo/src-gen-mt/DaveInterface\PWMSP001.c **** void PWMSP001ConjPort_setDutyCycle(PWMSP001ConjPort* self, uint8 dc) {
 125              		.loc 1 31 0
 126              		.cfi_startproc
 127 0000 90B5     		push	{r4, r7, lr}
 128              	.LCFI6:
 129              		.cfi_def_cfa_offset 12
 130              		.cfi_offset 4, -12
 131              		.cfi_offset 7, -8
 132              		.cfi_offset 14, -4
 133 0002 83B0     		sub	sp, sp, #12
 134              	.LCFI7:
 135              		.cfi_def_cfa_offset 24
 136 0004 00AF     		add	r7, sp, #0
 137              	.LCFI8:
 138              		.cfi_def_cfa_register 7
 139 0006 7860     		str	r0, [r7, #4]
 140 0008 0A1C     		mov	r2, r1
 141 000a FB1C     		add	r3, r7, #3
 142 000c 1A70     		strb	r2, [r3]
  32:C:/data/workspaces/github/de.protos.demos/src/XMC2GoBlinky/etrice.XMC2GoBlinky.demo/src-gen-mt/DaveInterface\PWMSP001.c **** 	PWMSP001_SetDutyCycle(Handle, dc);
 143              		.loc 1 32 0
 144 000e 7B68     		ldr	r3, [r7, #4]
 145 0010 1B68     		ldr	r3, [r3]
 146 0012 1C68     		ldr	r4, [r3]
 147 0014 FB1C     		add	r3, r7, #3
 148 0016 1B78     		ldrb	r3, [r3]
 149 0018 181C     		mov	r0, r3
 150 001a FFF7FEFF 		bl	__aeabi_ui2f
 151 001e 031C     		add	r3, r0, #0
 152 0020 201C     		mov	r0, r4
 153 0022 191C     		add	r1, r3, #0
 154 0024 FFF7FEFF 		bl	PWMSP001_SetDutyCycle
  33:C:/data/workspaces/github/de.protos.demos/src/XMC2GoBlinky/etrice.XMC2GoBlinky.demo/src-gen-mt/DaveInterface\PWMSP001.c **** }
 155              		.loc 1 33 0
 156 0028 BD46     		mov	sp, r7
 157 002a 03B0     		add	sp, sp, #12
 158              		@ sp needed for prologue
 159 002c 90BD     		pop	{r4, r7, pc}
 160              		.cfi_endproc
 161              	.LFE35:
 163 002e C046     		.section	.text.PWMSP001ConjReplPort_getReplication,"ax",%progbits
 164              		.align	2
 165              		.global	PWMSP001ConjReplPort_getReplication
 166              		.code	16
 167              		.thumb_func
 169              	PWMSP001ConjReplPort_getReplication:
 170              	.LFB36:
  34:C:/data/workspaces/github/de.protos.demos/src/XMC2GoBlinky/etrice.XMC2GoBlinky.demo/src-gen-mt/DaveInterface\PWMSP001.c **** /* end PWMSP001ConjPort specific */
  35:C:/data/workspaces/github/de.protos.demos/src/XMC2GoBlinky/etrice.XMC2GoBlinky.demo/src-gen-mt/DaveInterface\PWMSP001.c **** 
  36:C:/data/workspaces/github/de.protos.demos/src/XMC2GoBlinky/etrice.XMC2GoBlinky.demo/src-gen-mt/DaveInterface\PWMSP001.c **** etInt32 PWMSP001ConjReplPort_getReplication(const PWMSP001ConjReplPort* self) {
 171              		.loc 1 36 0
 172              		.cfi_startproc
 173 0000 80B5     		push	{r7, lr}
 174              	.LCFI9:
 175              		.cfi_def_cfa_offset 8
 176              		.cfi_offset 7, -8
 177              		.cfi_offset 14, -4
 178 0002 82B0     		sub	sp, sp, #8
 179              	.LCFI10:
 180              		.cfi_def_cfa_offset 16
 181 0004 00AF     		add	r7, sp, #0
 182              	.LCFI11:
 183              		.cfi_def_cfa_register 7
 184 0006 7860     		str	r0, [r7, #4]
  37:C:/data/workspaces/github/de.protos.demos/src/XMC2GoBlinky/etrice.XMC2GoBlinky.demo/src-gen-mt/DaveInterface\PWMSP001.c **** 	return ((etReplPort*)self)->size;
 185              		.loc 1 37 0
 186 0008 7B68     		ldr	r3, [r7, #4]
 187 000a 1B88     		ldrh	r3, [r3]
 188 000c 1BB2     		sxth	r3, r3
  38:C:/data/workspaces/github/de.protos.demos/src/XMC2GoBlinky/etrice.XMC2GoBlinky.demo/src-gen-mt/DaveInterface\PWMSP001.c **** }
 189              		.loc 1 38 0
 190 000e 181C     		mov	r0, r3
 191 0010 BD46     		mov	sp, r7
 192 0012 02B0     		add	sp, sp, #8
 193              		@ sp needed for prologue
 194 0014 80BD     		pop	{r7, pc}
 195              		.cfi_endproc
 196              	.LFE36:
 198 0016 C046     		.text
 199              	.Letext0:
 200              		.file 2 "c:\\dave-3.1.10\\arm-gcc\\bin\\../lib/gcc/arm-none-eabi/4.7.4/../../../../arm-none-eabi/i
 201              		.file 3 "C:\\data\\workspaces\\github\\de.protos.demos\\src\\XMC2GoBlinky\\etrice.runtime.c.FreeRT
 202              		.file 4 "C:\\data\\workspaces\\github\\de.protos.demos\\src\\XMC2GoBlinky\\etrice.runtime.c.FreeRT
 203              		.file 5 "C:\\data\\workspaces\\github\\de.protos.demos\\src\\XMC2GoBlinky\\etrice.runtime.c.FreeRT
 204              		.file 6 "C:\\data\\workspaces\\github\\de.protos.demos\\src\\XMC2GoBlinky\\etrice.runtime.c.FreeRT
 205              		.file 7 "C:\\data\\workspaces\\github\\de.protos.demos\\src\\XMC2GoBlinky\\etrice.runtime.c.FreeRT
 206              		.file 8 "C:\\data\\workspaces\\github\\de.protos.demos\\src\\XMC2GoBlinky\\etrice.runtime.c.FreeRT
 207              		.file 9 "C:\\data\\workspaces\\github\\de.protos.demos\\src\\XMC2GoBlinky\\etrice.runtime.c.FreeRT
 208              		.file 10 "C:\\data\\workspaces\\github\\de.protos.demos\\src\\XMC2GoBlinky\\etrice.runtime.c.FreeR
 209              		.file 11 "C:\\data\\workspaces\\github\\de.protos.demos\\src\\XMC2GoBlinky\\etrice.runtime.c.FreeR
 210              		.file 12 "C:\\data\\workspaces\\github\\de.protos.demos\\src\\XMC2GoBlinky\\etrice.runtime.c.FreeR
 211              		.file 13 "C:\\data\\workspaces\\github\\de.protos.demos\\src\\XMC2GoBlinky\\etrice.runtime.c.FreeR
 212              		.file 14 "C:\\data\\workspaces\\github\\de.protos.demos\\src\\XMC2GoBlinky\\etrice.runtime.c.FreeR
 213              		.file 15 "C:\\data\\workspaces\\github\\de.protos.demos\\src\\XMC2GoBlinky\\etrice.runtime.c.FreeR
 214              		.file 16 "C:\\data\\workspaces\\github\\de.protos.demos\\src\\XMC2GoBlinky\\etrice.runtime.c.FreeR
 215              		.file 17 "C:\\data\\workspaces\\github\\de.protos.demos\\src\\XMC2GoBlinky\\etrice.runtime.c.FreeR
 216              		.file 18 "C:\\DAVE-3.1.10\\eclipse\\/../CMSIS/Infineon/XMC1100_series/Include/XMC1100.h"
 217              		.file 19 "C:\\data\\workspaces\\github\\de.protos.demos\\src\\XMC2GoBlinky\\XMC2GoBlinkyMT\\Dave\\
 218              		.file 20 "C:/data/workspaces/github/de.protos.demos/src/XMC2GoBlinky/etrice.XMC2GoBlinky.demo/src-
 219              		.file 21 "C:\\data\\workspaces\\github\\de.protos.demos\\src\\XMC2GoBlinky\\XMC2GoBlinkyMT\\Dave\\
DEFINED SYMBOLS
                            *ABS*:00000000 PWMSP001.c
C:\Users\TJung\AppData\Local\Temp\cclzn5Wd.s:18     .text.PWMSP001ReplPort_getReplication:00000000 $t
C:\Users\TJung\AppData\Local\Temp\cclzn5Wd.s:23     .text.PWMSP001ReplPort_getReplication:00000000 PWMSP001ReplPort_getReplication
C:\Users\TJung\AppData\Local\Temp\cclzn5Wd.s:54     .text.PWMSP001ConjPort_setInstance:00000000 $t
C:\Users\TJung\AppData\Local\Temp\cclzn5Wd.s:59     .text.PWMSP001ConjPort_setInstance:00000000 PWMSP001ConjPort_setInstance
C:\Users\TJung\AppData\Local\Temp\cclzn5Wd.s:111    .text.PWMSP001ConjPort_setInstance:00000034 $d
C:\Users\TJung\AppData\Local\Temp\cclzn5Wd.s:118    .text.PWMSP001ConjPort_setDutyCycle:00000000 $t
C:\Users\TJung\AppData\Local\Temp\cclzn5Wd.s:123    .text.PWMSP001ConjPort_setDutyCycle:00000000 PWMSP001ConjPort_setDutyCycle
C:\Users\TJung\AppData\Local\Temp\cclzn5Wd.s:164    .text.PWMSP001ConjReplPort_getReplication:00000000 $t
C:\Users\TJung\AppData\Local\Temp\cclzn5Wd.s:169    .text.PWMSP001ConjReplPort_getReplication:00000000 PWMSP001ConjReplPort_getReplication
                     .debug_frame:00000010 $d
                           .group:00000000 wm4.1.4f34ab06ae2725aaf04d3230f4ec23a7
                           .group:00000000 wm4.newlib.h.8.a9901dc52d1357e3e94003403d43f8b5
                           .group:00000000 wm4.features.h.22.b72b3baab2bb2eab3661375590100b6b
                           .group:00000000 wm4.config.h.193.5fb8ef056cdff92dec3dee9552839d8c
                           .group:00000000 wm4._ansi.h.23.7aefdac4826acebbfc9f3822a0aeb14c
                           .group:00000000 wm4.stdio.h.31.f48311dde756a2aec27351b58a280fb9
                           .group:00000000 wm4.stddef.h.187.9e651b6b8b16e149c1353259404973ea
                           .group:00000000 wm4.stdarg.h.34.3a23a216c0c293b3d2ea2e89281481e6
                           .group:00000000 wm4._default_types.h.6.5e12cd604db8ce00b62bb2f02708eaf3
                           .group:00000000 wm4.lock.h.2.9bc98482741e5e2a9450b12934a684ea
                           .group:00000000 wm4.stddef.h.349.31f4c5baff3fa2689010b32028da9c47
                           .group:00000000 wm4.reent.h.16.9e42f0e588b85e70b2bf6572af57ce64
                           .group:00000000 wm4.types.h.23.0d949686bbcadd1621462d4fa1f884f9
                           .group:00000000 wm4.stddef.h.40.cf962ebbec441b3ac67502735f0765db
                           .group:00000000 wm4.types.h.2.e9cec8c90ab35f77d9f499e06ae02400
                           .group:00000000 wm4.types.h.80.1f2c84c0d57dd52dd9936095d9ac218e
                           .group:00000000 wm4.stdio.h.2.4aa87247282eca6c8f36f9de33d8df1a
                           .group:00000000 wm4.stdio.h.63.dfdea6580b080784d08faace69b6ed76
                           .group:00000000 wm4.stdint.h.10.90b695f550ca6cc3fb08fa83baf01e05
                           .group:00000000 wm4.projdefs.h.67.1891ed3aab788f154f6e7a8ff42f2cfd
                           .group:00000000 wm4.FreeRTOSConfig.h.68.68069ebd1511300aee6a0902a3190dd9
                           .group:00000000 wm4.portmacro.h.68.1103cd8abdfa15961989a6c9d96bac02
                           .group:00000000 wm4.portable.h.325.a31e8973a246cd28421ddb595e37fd13
                           .group:00000000 wm4.mpu_wrappers.h.67.4bcfd12ce15e5313ce3efd77400f8168
                           .group:00000000 wm4.FreeRTOS.h.177.d3bfaf06585c5400f89c867433e2b84d
                           .group:00000000 wm4.list.h.96.eaa3d29743bd681933f9f5e726c756a1
                           .group:00000000 wm4.task.h.84.ff846741c7bdac87bd4a7636d5320d68
                           .group:00000000 wm4.timers.h.92.7e7e1a9bf65701faf3dfc9cf90e720c0
                           .group:00000000 wm4.queue.h.68.1266563298ebacb4a83c08ead1e4111f
                           .group:00000000 wm4.semphr.h.77.cfc41285e8d228b828c00c3fce52801f
                           .group:00000000 wm4.etDatatypes.h.51.3bbea7db1cc9da3a5e28a729d320f817
                           .group:00000000 wm4.etMessageService.h.26.c4e8a1353ad385fd30ddcda194df0956
                           .group:00000000 wm4.etRuntimeConfig.h.14.b2bde6fc1d2ab5ddcde20eb67dcec2c1
                           .group:00000000 wm4.XMC1100.h.45.7a7cd799d7738130fcda8b83b0aa37d4
                           .group:00000000 wm4.core_cm0.h.47.022e66414e77714da7c4b30b3ad99fe8
                           .group:00000000 wm4.core_cmInstr.h.39.b7b6650bdd2316848d940915272d75b8
                           .group:00000000 wm4.core_cm0.h.135.ca70469f87e143609670bb393bfa6518
                           .group:00000000 wm4.XMC1000_RomFunctionTable.h.31.6d9a94465618f31b040dc9cea9a47ad7
                           .group:00000000 wm4.XMC1100.h.114.be3711f71ee045884346be801053f4c0
                           .group:00000000 wm4.types.h.60.43223fdca13f7a32c3450deb52d058eb
                           .group:00000000 wm4.MULTIPLEXER.h.46.383e3edbb9cbf6e538f7c1532ef623c1
                           .group:00000000 wm4.uc_id.h.35.eaf9b374d895319eacbb56387e04af18
                           .group:00000000 wm4.Usic.h.90.22743468abc46f16747d12430b219aaf
                           .group:00000000 wm4.UART001_Conf.h.53.6438e3dd8d9ee3b4523f36dc76bba15b
                           .group:00000000 wm4.UART001.h.109.3e835815a7a59791d8bd39655f4d4cc9
                           .group:00000000 wm4.IO004.h.53.442ea5eb47ad9eedc675253aa35f3107
                           .group:00000000 wm4.CCU4Global_Conf.h.63.a52fac0daa39b5f58343578312b4eb54
                           .group:00000000 wm4.PWMSP001.h.57.29b732b86baf3e81f49153f5f495912e
                           .group:00000000 wm4.etMSCLogger.h.14.7eeb87c32751ae73ac414a4bacac4f55
                           .group:00000000 wm4.PWMSP001_Utils.h.20.3f695c55d46a56911f059dd18195fddd

UNDEFINED SYMBOLS
PWMSP001_Handle0
PWMSP001_Handle1
__aeabi_ui2f
PWMSP001_SetDutyCycle
