   1              		.syntax unified
   2              		.cpu cortex-m4
   3              		.eabi_attribute 27, 3
   4              		.fpu fpv4-sp-d16
   5              		.eabi_attribute 20, 1
   6              		.eabi_attribute 21, 1
   7              		.eabi_attribute 23, 3
   8              		.eabi_attribute 24, 1
   9              		.eabi_attribute 25, 1
  10              		.eabi_attribute 26, 1
  11              		.eabi_attribute 30, 6
  12              		.eabi_attribute 34, 1
  13              		.eabi_attribute 18, 4
  14              		.thumb
  15              		.file	"CAN001_Conf.c"
  16              		.text
  17              	.Ltext0:
  18              		.cfi_sections	.debug_frame
  19              		.global	CAN001_Handle0
  20              		.section	.rodata
  21              		.align	2
  24              	CAN001_Handle0:
  25 0000 17       		.byte	23
  26 0001 01       		.byte	1
  27 0002 06       		.byte	6
  28 0003 01       		.byte	1
  29 0004 00       		.byte	0
  30 0005 000000   		.space	3
  31 0008 00440148 		.word	1208042496
  32 000c 02       		.byte	2
  33 000d 00       		.byte	0
  34 000e 00       		.byte	0
  35 000f 0A       		.byte	10
  36              		.global	CAN001_MessageHandle0_1
  37              		.data
  38              		.align	2
  41              	CAN001_MessageHandle0_1:
  42 0000 01010000 		.word	257
  43 0004 FF070000 		.word	2047
  44 0008 00       		.byte	0
  45 0009 01       		.byte	1
  46 000a 00       		.byte	0
  47 000b 00000000 		.space	8
  47      00000000 
  48 0013 01       		.byte	1
  49 0014 01       		.byte	1
  50 0015 000000   		.space	3
  51              		.global	CAN001_MessageHandle0_2
  52              		.align	2
  55              	CAN001_MessageHandle0_2:
  56 0018 02010000 		.word	258
  57 001c FF070000 		.word	2047
  58 0020 00       		.byte	0
  59 0021 01       		.byte	1
  60 0022 00       		.byte	0
  61 0023 00000000 		.space	8
  61      00000000 
  62 002b 01       		.byte	1
  63 002c 01       		.byte	1
  64 002d 000000   		.space	3
  65              		.global	CAN001_MessageHandle0_3
  66              		.align	2
  69              	CAN001_MessageHandle0_3:
  70 0030 03010000 		.word	259
  71 0034 FF070000 		.word	2047
  72 0038 00       		.byte	0
  73 0039 01       		.byte	1
  74 003a 00       		.byte	0
  75 003b 00000000 		.space	8
  75      00000000 
  76 0043 01       		.byte	1
  77 0044 01       		.byte	1
  78 0045 000000   		.space	3
  79              		.global	CAN001_MessageHandle0_4
  80              		.align	2
  83              	CAN001_MessageHandle0_4:
  84 0048 04010000 		.word	260
  85 004c FF070000 		.word	2047
  86 0050 00       		.byte	0
  87 0051 01       		.byte	1
  88 0052 00       		.byte	0
  89 0053 00000000 		.space	8
  89      00000000 
  90 005b 01       		.byte	1
  91 005c 01       		.byte	1
  92 005d 000000   		.space	3
  93              		.global	CAN001_MessageHandle0_5
  94              		.align	2
  97              	CAN001_MessageHandle0_5:
  98 0060 05010000 		.word	261
  99 0064 FF070000 		.word	2047
 100 0068 00       		.byte	0
 101 0069 01       		.byte	1
 102 006a 00       		.byte	0
 103 006b 00000000 		.space	8
 103      00000000 
 104 0073 01       		.byte	1
 105 0074 01       		.byte	1
 106 0075 000000   		.space	3
 107              		.global	CAN001_MessageHandle0_6
 108              		.align	2
 111              	CAN001_MessageHandle0_6:
 112 0078 06010000 		.word	262
 113 007c FF070000 		.word	2047
 114 0080 00       		.byte	0
 115 0081 01       		.byte	1
 116 0082 00       		.byte	0
 117 0083 00000000 		.space	8
 117      00000000 
 118 008b 01       		.byte	1
 119 008c 00       		.byte	0
 120 008d 000000   		.space	3
 121              		.global	CAN001_MessageHandle0_7
 122              		.align	2
 125              	CAN001_MessageHandle0_7:
 126 0090 07010000 		.word	263
 127 0094 FF070000 		.word	2047
 128 0098 00       		.byte	0
 129 0099 01       		.byte	1
 130 009a 00       		.byte	0
 131 009b 00000000 		.space	8
 131      00000000 
 132 00a3 01       		.byte	1
 133 00a4 00       		.byte	0
 134 00a5 000000   		.space	3
 135              		.global	CAN001_MessageHandle0_8
 136              		.align	2
 139              	CAN001_MessageHandle0_8:
 140 00a8 08010000 		.word	264
 141 00ac FF070000 		.word	2047
 142 00b0 00       		.byte	0
 143 00b1 01       		.byte	1
 144 00b2 00       		.byte	0
 145 00b3 00000000 		.space	8
 145      00000000 
 146 00bb 01       		.byte	1
 147 00bc 00       		.byte	0
 148 00bd 000000   		.space	3
 149              		.global	CAN001_MessageHandle0_9
 150              		.align	2
 153              	CAN001_MessageHandle0_9:
 154 00c0 09010000 		.word	265
 155 00c4 FF070000 		.word	2047
 156 00c8 00       		.byte	0
 157 00c9 01       		.byte	1
 158 00ca 00       		.byte	0
 159 00cb 00000000 		.space	8
 159      00000000 
 160 00d3 01       		.byte	1
 161 00d4 00       		.byte	0
 162 00d5 000000   		.space	3
 163              		.global	CAN001_MessageHandle0_10
 164              		.align	2
 167              	CAN001_MessageHandle0_10:
 168 00d8 0A010000 		.word	266
 169 00dc FF070000 		.word	2047
 170 00e0 00       		.byte	0
 171 00e1 01       		.byte	1
 172 00e2 00       		.byte	0
 173 00e3 00000000 		.space	8
 173      00000000 
 174 00eb 01       		.byte	1
 175 00ec 00       		.byte	0
 176 00ed 000000   		.space	3
 177              		.text
 178              	.Letext0:
 179              		.file 1 "c:\\dave-3.1.10\\arm-gcc\\bin\\../lib/gcc/arm-none-eabi/4.7.4/../../../../arm-none-eabi/i
 180              		.file 2 "C:\\DAVE-3.1.10\\eclipse\\/../CMSIS/Infineon/XMC4500_series/Include/XMC4500.h"
 181              		.file 3 "C:\\data\\workspaces\\github\\de.protos.demos\\src\\HexagonCANDemo\\HexagonCANDemoST\\Dav
 182              		.file 4 "C:\\data\\workspaces\\github\\de.protos.demos\\src\\HexagonCANDemo\\HexagonCANDemoST\\Dav
 183              		.file 5 "C:\\DAVE-3.1.10\\eclipse\\/../CMSIS/Include/core_cm4.h"
 184              		.file 6 "../Dave/Generated/src/CAN001/CAN001_Conf.c"
DEFINED SYMBOLS
                            *ABS*:00000000 CAN001_Conf.c
C:\Users\TJung\AppData\Local\Temp\cc3DpDxQ.s:24     .rodata:00000000 CAN001_Handle0
C:\Users\TJung\AppData\Local\Temp\cc3DpDxQ.s:21     .rodata:00000000 $d
C:\Users\TJung\AppData\Local\Temp\cc3DpDxQ.s:41     .data:00000000 CAN001_MessageHandle0_1
C:\Users\TJung\AppData\Local\Temp\cc3DpDxQ.s:38     .data:00000000 $d
C:\Users\TJung\AppData\Local\Temp\cc3DpDxQ.s:55     .data:00000018 CAN001_MessageHandle0_2
C:\Users\TJung\AppData\Local\Temp\cc3DpDxQ.s:69     .data:00000030 CAN001_MessageHandle0_3
C:\Users\TJung\AppData\Local\Temp\cc3DpDxQ.s:83     .data:00000048 CAN001_MessageHandle0_4
C:\Users\TJung\AppData\Local\Temp\cc3DpDxQ.s:97     .data:00000060 CAN001_MessageHandle0_5
C:\Users\TJung\AppData\Local\Temp\cc3DpDxQ.s:111    .data:00000078 CAN001_MessageHandle0_6
C:\Users\TJung\AppData\Local\Temp\cc3DpDxQ.s:125    .data:00000090 CAN001_MessageHandle0_7
C:\Users\TJung\AppData\Local\Temp\cc3DpDxQ.s:139    .data:000000a8 CAN001_MessageHandle0_8
C:\Users\TJung\AppData\Local\Temp\cc3DpDxQ.s:153    .data:000000c0 CAN001_MessageHandle0_9
C:\Users\TJung\AppData\Local\Temp\cc3DpDxQ.s:167    .data:000000d8 CAN001_MessageHandle0_10
                           .group:00000000 wm4.1.59b7826cf76cfe2eff811cea0f220ee8
                           .group:00000000 wm4.XMC4500.h.45.215f4b8c79f46c7645c15373868d08c0
                           .group:00000000 wm4.core_cm4.h.47.41af406cb4cda82c972f112a9cd0a024
                           .group:00000000 wm4.newlib.h.8.a9901dc52d1357e3e94003403d43f8b5
                           .group:00000000 wm4.features.h.22.b72b3baab2bb2eab3661375590100b6b
                           .group:00000000 wm4.config.h.193.5fb8ef056cdff92dec3dee9552839d8c
                           .group:00000000 wm4._ansi.h.23.7aefdac4826acebbfc9f3822a0aeb14c
                           .group:00000000 wm4.stdint.h.20.54ad762faa59e3c05491630641c8d8bf
                           .group:00000000 wm4.core_cmInstr.h.39.3d3d1b4a79aef37532666dc6ee87c6ac
                           .group:00000000 wm4.core_cm4_simd.h.43.b5d1d38735af6366227b4256d330cf13
                           .group:00000000 wm4.core_cm4.h.178.e5ef5ce66d198d7f00f9d0076e267c41
                           .group:00000000 wm4.system_XMC4500.h.29.827f68baa362c84f2abae4ab67dde7c9
                           .group:00000000 wm4.XMC4500.h.198.8e022f279ff353ed081df898dc7b9cf3
                           .group:00000000 wm4.stddef.h.40.50cf36416e06376af8a9dca28536f2e4
                           .group:00000000 wm4.types.h.60.e75c47576398c648cdcf9000ace5e3d8
                           .group:00000000 wm4.MULTIPLEXER.h.46.4a863fbae1c79f0db26da3ce2dc30d02
                           .group:00000000 wm4.CCU8PWMLIB.h.74.725ec81203769525cc7a424597055f47
                           .group:00000000 wm4.MOTORLIB.h.62.951091d95913dd2ff36d761323a1771d
                           .group:00000000 wm4.DBG001.h.116.d6d9e7459a0faa3905c97c1d2edb339d
                           .group:00000000 wm4.uc_id.h.35.94e6f9e83cbaf2d2b00f265c326df8e7
                           .group:00000000 wm4.CLK001_Const.h.50.e5e9c2ddc89f4cc9e7b93e9648fa94e4
                           .group:00000000 wm4.CLK001_Conf.h.81.82a8db895dc146da001475dd68223522
                           .group:00000000 wm4.CAN_Types.h.39.df7fb5ef31e40aa4065540aa5507b9c8
                           .group:00000000 wm4.CAN001.h.81.2ffbbfa413249ddb098d31e13be0595a
                           .group:00000000 wm4.CAN001_Conf.h.47.921d834dba1940f3c71e32b82c523e95
                           .group:00000000 wm4.CAN001.h.1198.6bba25bd7048241963d5031cb79ff965
                           .group:00000000 wm4.SYSTM001.h.64.6ecb31c49bc3e7691644fdcdfc11b5cd

NO UNDEFINED SYMBOLS
