   1              		.syntax unified
   2              		.cpu cortex-m4
   3              		.eabi_attribute 27, 3
   4              		.fpu fpv4-sp-d16
   5              		.eabi_attribute 20, 1
   6              		.eabi_attribute 21, 1
   7              		.eabi_attribute 23, 3
   8              		.eabi_attribute 24, 1
   9              		.eabi_attribute 25, 1
  10              		.eabi_attribute 26, 1
  11              		.eabi_attribute 30, 6
  12              		.eabi_attribute 34, 1
  13              		.eabi_attribute 18, 4
  14              		.thumb
  15              		.file	"MULTIPLEXER.c"
  16              		.text
  17              	.Ltext0:
  18              		.cfi_sections	.debug_frame
  19              		.section	.text.DAVE_MUX_Init,"ax",%progbits
  20              		.align	2
  21              		.global	DAVE_MUX_Init
  22              		.thumb
  23              		.thumb_func
  25              	DAVE_MUX_Init:
  26              	.LFB112:
  27              		.file 1 "../Dave/Generated/src/DAVESupport/MULTIPLEXER.c"
   1:../Dave/Generated/src/DAVESupport/MULTIPLEXER.c **** /*******************************************************************************
   2:../Dave/Generated/src/DAVESupport/MULTIPLEXER.c **** **  DAVE App Name : DAVESupport       App Version: 1.0.44               
   3:../Dave/Generated/src/DAVESupport/MULTIPLEXER.c **** **  This file is generated by DAVE, User modification to this file will be    **
   4:../Dave/Generated/src/DAVESupport/MULTIPLEXER.c **** **  overwritten at the next code generation.                                  **
   5:../Dave/Generated/src/DAVESupport/MULTIPLEXER.c **** *******************************************************************************/
   6:../Dave/Generated/src/DAVESupport/MULTIPLEXER.c **** 
   7:../Dave/Generated/src/DAVESupport/MULTIPLEXER.c **** 
   8:../Dave/Generated/src/DAVESupport/MULTIPLEXER.c **** /*******************************************************************************
   9:../Dave/Generated/src/DAVESupport/MULTIPLEXER.c ****  Copyright (c) 2014, Infineon Technologies AG                                 **
  10:../Dave/Generated/src/DAVESupport/MULTIPLEXER.c ****  All rights reserved.                                                         **
  11:../Dave/Generated/src/DAVESupport/MULTIPLEXER.c ****                                                                               **
  12:../Dave/Generated/src/DAVESupport/MULTIPLEXER.c ****  Redistribution and use in source and binary forms, with or without           **
  13:../Dave/Generated/src/DAVESupport/MULTIPLEXER.c ****  modification,are permitted provided that the following conditions are met:   **
  14:../Dave/Generated/src/DAVESupport/MULTIPLEXER.c ****                                                                               **
  15:../Dave/Generated/src/DAVESupport/MULTIPLEXER.c ****  *Redistributions of source code must retain the above copyright notice,      **
  16:../Dave/Generated/src/DAVESupport/MULTIPLEXER.c ****  this list of conditions and the following disclaimer.                        **
  17:../Dave/Generated/src/DAVESupport/MULTIPLEXER.c ****  *Redistributions in binary form must reproduce the above copyright notice,   **
  18:../Dave/Generated/src/DAVESupport/MULTIPLEXER.c ****  this list of conditions and the following disclaimer in the documentation    **
  19:../Dave/Generated/src/DAVESupport/MULTIPLEXER.c ****  and/or other materials provided with the distribution.                       **
  20:../Dave/Generated/src/DAVESupport/MULTIPLEXER.c ****  *Neither the name of the copyright holders nor the names of its contributors **
  21:../Dave/Generated/src/DAVESupport/MULTIPLEXER.c ****  may be used to endorse or promote products derived from this software without**
  22:../Dave/Generated/src/DAVESupport/MULTIPLEXER.c ****  specific prior written permission.                                           **
  23:../Dave/Generated/src/DAVESupport/MULTIPLEXER.c ****                                                                               **
  24:../Dave/Generated/src/DAVESupport/MULTIPLEXER.c ****  THIS SOFTWARE IS PROVIDED BY THE COPYRIGHT HOLDERS AND CONTRIBUTORS "AS IS"  **
  25:../Dave/Generated/src/DAVESupport/MULTIPLEXER.c ****  AND ANY EXPRESS OR IMPLIED WARRANTIES, INCLUDING, BUT NOT LIMITED TO, THE    **
  26:../Dave/Generated/src/DAVESupport/MULTIPLEXER.c ****  IMPLIED WARRANTIES OF MERCHANTABILITY AND FITNESS FOR A PARTICULAR PURPOSE   **
  27:../Dave/Generated/src/DAVESupport/MULTIPLEXER.c ****  ARE  DISCLAIMED. IN NO EVENT SHALL THE COPYRIGHT HOLDER OR CONTRIBUTORS BE   **
  28:../Dave/Generated/src/DAVESupport/MULTIPLEXER.c ****  LIABLE  FOR ANY DIRECT, INDIRECT, INCIDENTAL, SPECIAL, EXEMPLARY, OR         **
  29:../Dave/Generated/src/DAVESupport/MULTIPLEXER.c ****  CONSEQUENTIAL DAMAGES (INCLUDING, BUT NOT LIMITED TO, PROCUREMENT OF         **
  30:../Dave/Generated/src/DAVESupport/MULTIPLEXER.c ****  SUBSTITUTE GOODS OR  SERVICES; LOSS OF USE, DATA, OR PROFITS; OR BUSINESS    **
  31:../Dave/Generated/src/DAVESupport/MULTIPLEXER.c ****  INTERRUPTION) HOWEVER CAUSED AND ON ANY THEORY OF LIABILITY, WHETHER IN      **
  32:../Dave/Generated/src/DAVESupport/MULTIPLEXER.c ****  CONTRACT, STRICT LIABILITY,OR TORT (INCLUDING NEGLIGENCE OR OTHERWISE)       **
  33:../Dave/Generated/src/DAVESupport/MULTIPLEXER.c ****  ARISING IN ANY WAY OUT OF THE USE OF THIS SOFTWARE, EVEN IF ADVISED OF THE   **
  34:../Dave/Generated/src/DAVESupport/MULTIPLEXER.c ****  POSSIBILITY OF SUCH DAMAGE.                                                  **
  35:../Dave/Generated/src/DAVESupport/MULTIPLEXER.c ****                                                                               **
  36:../Dave/Generated/src/DAVESupport/MULTIPLEXER.c ****  To improve the quality of the software, users are encouraged to share        **
  37:../Dave/Generated/src/DAVESupport/MULTIPLEXER.c ****  modifications, enhancements or bug fixes with Infineon Technologies AG       **
  38:../Dave/Generated/src/DAVESupport/MULTIPLEXER.c ****  dave@infineon.com).                                                          **
  39:../Dave/Generated/src/DAVESupport/MULTIPLEXER.c ****                                                                               **
  40:../Dave/Generated/src/DAVESupport/MULTIPLEXER.c **** ********************************************************************************
  41:../Dave/Generated/src/DAVESupport/MULTIPLEXER.c **** **                                                                            **
  42:../Dave/Generated/src/DAVESupport/MULTIPLEXER.c **** **                                                                            **
  43:../Dave/Generated/src/DAVESupport/MULTIPLEXER.c **** ** PLATFORM : Infineon <Microcontroller name, step>                           **
  44:../Dave/Generated/src/DAVESupport/MULTIPLEXER.c **** **                                                                            **
  45:../Dave/Generated/src/DAVESupport/MULTIPLEXER.c **** ** COMPILER : Compiler Independent                                            **
  46:../Dave/Generated/src/DAVESupport/MULTIPLEXER.c **** **                                                                            **
  47:../Dave/Generated/src/DAVESupport/MULTIPLEXER.c **** ** MODIFICATION DATE : April 23, 2014                                     **
  48:../Dave/Generated/src/DAVESupport/MULTIPLEXER.c **** **                                                                            **
  49:../Dave/Generated/src/DAVESupport/MULTIPLEXER.c **** *******************************************************************************/
  50:../Dave/Generated/src/DAVESupport/MULTIPLEXER.c **** /**
  51:../Dave/Generated/src/DAVESupport/MULTIPLEXER.c ****  * @file  MULTIPLEXER.c
  52:../Dave/Generated/src/DAVESupport/MULTIPLEXER.c ****  *
  53:../Dave/Generated/src/DAVESupport/MULTIPLEXER.c ****  * @brief This file contains implementation of DAVE Support function which 
  54:../Dave/Generated/src/DAVESupport/MULTIPLEXER.c ****  * uses to configure multiplexer register values.
  55:../Dave/Generated/src/DAVESupport/MULTIPLEXER.c ****  * 24 July 2013 v1.0.34 Initial Version
  56:../Dave/Generated/src/DAVESupport/MULTIPLEXER.c ****  * 06 sep 2013 v1.0.36  UART001 : Mux : One instruction for output pins 
  57:../Dave/Generated/src/DAVESupport/MULTIPLEXER.c ****  *                      initialisation.
  58:../Dave/Generated/src/DAVESupport/MULTIPLEXER.c ****  *                      CAN001 & CAN002 : Avoid twice reset of the INIT bit in 
  59:../Dave/Generated/src/DAVESupport/MULTIPLEXER.c ****  *                      Can001_lNodeInit & DAVE_MUX_Init.
  60:../Dave/Generated/src/DAVESupport/MULTIPLEXER.c ****  *                      WR_REGHIB Macro definition has been changed.
  61:../Dave/Generated/src/DAVESupport/MULTIPLEXER.c ****  * 23 April 2014 v1.0.44 HRPWM MUX configuration supported.                      
  62:../Dave/Generated/src/DAVESupport/MULTIPLEXER.c ****  *                      
  63:../Dave/Generated/src/DAVESupport/MULTIPLEXER.c ****  */
  64:../Dave/Generated/src/DAVESupport/MULTIPLEXER.c **** 
  65:../Dave/Generated/src/DAVESupport/MULTIPLEXER.c **** /*******************************************************************************
  66:../Dave/Generated/src/DAVESupport/MULTIPLEXER.c **** **                      Include Files                                         **
  67:../Dave/Generated/src/DAVESupport/MULTIPLEXER.c **** *******************************************************************************/
  68:../Dave/Generated/src/DAVESupport/MULTIPLEXER.c **** #include "../../inc/DAVESupport/DAVE3.h"
  69:../Dave/Generated/src/DAVESupport/MULTIPLEXER.c **** 
  70:../Dave/Generated/src/DAVESupport/MULTIPLEXER.c **** /*******************************************************************************
  71:../Dave/Generated/src/DAVESupport/MULTIPLEXER.c **** **                 Function declarations                                     **
  72:../Dave/Generated/src/DAVESupport/MULTIPLEXER.c **** *******************************************************************************/
  73:../Dave/Generated/src/DAVESupport/MULTIPLEXER.c **** /*******************************************************************************
  74:../Dave/Generated/src/DAVESupport/MULTIPLEXER.c **** ** Syntax           : void DAVE_MUX_Init(void)                                **
  75:../Dave/Generated/src/DAVESupport/MULTIPLEXER.c **** **                                                                            **
  76:../Dave/Generated/src/DAVESupport/MULTIPLEXER.c **** ** Reentrancy       : None                                                    **
  77:../Dave/Generated/src/DAVESupport/MULTIPLEXER.c **** **                                                                            **
  78:../Dave/Generated/src/DAVESupport/MULTIPLEXER.c **** ** Parameters (in)  : void                                                    **
  79:../Dave/Generated/src/DAVESupport/MULTIPLEXER.c **** **                                                                            **
  80:../Dave/Generated/src/DAVESupport/MULTIPLEXER.c **** ** Parameters (out) : none                                                    **
  81:../Dave/Generated/src/DAVESupport/MULTIPLEXER.c **** **                                                                            **
  82:../Dave/Generated/src/DAVESupport/MULTIPLEXER.c **** ** Return value     : none                                                    **
  83:../Dave/Generated/src/DAVESupport/MULTIPLEXER.c **** **                                                                            **
  84:../Dave/Generated/src/DAVESupport/MULTIPLEXER.c **** ** Description      : This is the Mux configuration                           **
  85:../Dave/Generated/src/DAVESupport/MULTIPLEXER.c **** **                                                                            **
  86:../Dave/Generated/src/DAVESupport/MULTIPLEXER.c **** *******************************************************************************/
  87:../Dave/Generated/src/DAVESupport/MULTIPLEXER.c ****            
  88:../Dave/Generated/src/DAVESupport/MULTIPLEXER.c **** void DAVE_MUX_Init(void)
  89:../Dave/Generated/src/DAVESupport/MULTIPLEXER.c **** {  
  28              		.loc 1 89 0
  29              		.cfi_startproc
  30              		@ args = 0, pretend = 0, frame = 24
  31              		@ frame_needed = 1, uses_anonymous_args = 0
  32              		@ link register save eliminated.
  33 0000 80B4     		push	{r7}
  34              	.LCFI0:
  35              		.cfi_def_cfa_offset 4
  36              		.cfi_offset 7, -4
  37 0002 87B0     		sub	sp, sp, #28
  38              	.LCFI1:
  39              		.cfi_def_cfa_offset 32
  40 0004 00AF     		add	r7, sp, #0
  41              	.LCFI2:
  42              		.cfi_def_cfa_register 7
  90:../Dave/Generated/src/DAVESupport/MULTIPLEXER.c ****    	 
  91:../Dave/Generated/src/DAVESupport/MULTIPLEXER.c ****             	         
  92:../Dave/Generated/src/DAVESupport/MULTIPLEXER.c ****                                      
  93:../Dave/Generated/src/DAVESupport/MULTIPLEXER.c ****        /*        SCU Macro definitions     */                        
  94:../Dave/Generated/src/DAVESupport/MULTIPLEXER.c **** /*
  95:../Dave/Generated/src/DAVESupport/MULTIPLEXER.c ****  * CAN peripheral configuration:
  96:../Dave/Generated/src/DAVESupport/MULTIPLEXER.c ****  */                                                                                                
  97:../Dave/Generated/src/DAVESupport/MULTIPLEXER.c ****     /* Macros which makes the CAN peripheral to exit from the INITIALISATION mode to NORMAL mode */
  98:../Dave/Generated/src/DAVESupport/MULTIPLEXER.c **** #ifdef CAN_NODE0_ENABLE
  99:../Dave/Generated/src/DAVESupport/MULTIPLEXER.c ****     CAN_Handle0_NODE();
 100:../Dave/Generated/src/DAVESupport/MULTIPLEXER.c **** #endif
 101:../Dave/Generated/src/DAVESupport/MULTIPLEXER.c **** #ifdef CAN_NODE1_ENABLE    
 102:../Dave/Generated/src/DAVESupport/MULTIPLEXER.c ****     CAN_Handle1_NODE();
 103:../Dave/Generated/src/DAVESupport/MULTIPLEXER.c **** #endif    
 104:../Dave/Generated/src/DAVESupport/MULTIPLEXER.c **** #ifdef CAN_NODE2_ENABLE    
 105:../Dave/Generated/src/DAVESupport/MULTIPLEXER.c ****     CAN_Handle2_NODE(); 
  43              		.loc 1 105 0
  44 0006 4FF48843 		mov	r3, #17408
  45 000a C4F60103 		movt	r3, 18433
  46 000e 4FF48842 		mov	r2, #17408
  47 0012 C4F60102 		movt	r2, 18433
  48 0016 1268     		ldr	r2, [r2, #0]
  49 0018 22F04002 		bic	r2, r2, #64
  50 001c 1A60     		str	r2, [r3, #0]
  51 001e 4FF48843 		mov	r3, #17408
  52 0022 C4F60103 		movt	r3, 18433
  53 0026 4FF48842 		mov	r2, #17408
  54 002a C4F60102 		movt	r2, 18433
  55 002e 1268     		ldr	r2, [r2, #0]
  56 0030 22F00102 		bic	r2, r2, #1
  57 0034 1A60     		str	r2, [r3, #0]
 106:../Dave/Generated/src/DAVESupport/MULTIPLEXER.c **** #endif 
 107:../Dave/Generated/src/DAVESupport/MULTIPLEXER.c ****    	 
 108:../Dave/Generated/src/DAVESupport/MULTIPLEXER.c ****             	         
 109:../Dave/Generated/src/DAVESupport/MULTIPLEXER.c ****                                               
 110:../Dave/Generated/src/DAVESupport/MULTIPLEXER.c ****    	 
 111:../Dave/Generated/src/DAVESupport/MULTIPLEXER.c ****       
 112:../Dave/Generated/src/DAVESupport/MULTIPLEXER.c **** //********* MODULE USIC CONFIGURATIONS *************************	        
 113:../Dave/Generated/src/DAVESupport/MULTIPLEXER.c ****         
 114:../Dave/Generated/src/DAVESupport/MULTIPLEXER.c ****            
 115:../Dave/Generated/src/DAVESupport/MULTIPLEXER.c ****    /* Disable mode before configuring all USIC registers to avoid unintended edges */   
 116:../Dave/Generated/src/DAVESupport/MULTIPLEXER.c ****       /* Variable to store the CCR_MODE values for various USIC channels */ 
 117:../Dave/Generated/src/DAVESupport/MULTIPLEXER.c ****       uint32_t UsicCcrMode[6] = {0};
  58              		.loc 1 117 0
  59 0036 3B46     		mov	r3, r7
  60 0038 4FF00002 		mov	r2, #0
  61 003c 1A60     		str	r2, [r3, #0]
  62 003e 03F10403 		add	r3, r3, #4
  63 0042 4FF00002 		mov	r2, #0
  64 0046 1A60     		str	r2, [r3, #0]
  65 0048 03F10403 		add	r3, r3, #4
  66 004c 4FF00002 		mov	r2, #0
  67 0050 1A60     		str	r2, [r3, #0]
  68 0052 03F10403 		add	r3, r3, #4
  69 0056 4FF00002 		mov	r2, #0
  70 005a 1A60     		str	r2, [r3, #0]
  71 005c 03F10403 		add	r3, r3, #4
  72 0060 4FF00002 		mov	r2, #0
  73 0064 1A60     		str	r2, [r3, #0]
  74 0066 03F10403 		add	r3, r3, #4
  75 006a 4FF00002 		mov	r2, #0
  76 006e 1A60     		str	r2, [r3, #0]
  77 0070 03F10403 		add	r3, r3, #4
 118:../Dave/Generated/src/DAVESupport/MULTIPLEXER.c ****            
 119:../Dave/Generated/src/DAVESupport/MULTIPLEXER.c ****     UsicCcrMode[0] |= (uint32_t) RD_REG(USIC0_CH0->CCR, USIC_CH_CCR_MODE_Msk, USIC_CH_CCR_MODE_Pos)
  78              		.loc 1 119 0
  79 0074 3A68     		ldr	r2, [r7, #0]
  80 0076 4FF00003 		mov	r3, #0
  81 007a C4F20303 		movt	r3, 16387
  82 007e 1B6C     		ldr	r3, [r3, #64]
  83 0080 03F00F03 		and	r3, r3, #15
  84 0084 1343     		orrs	r3, r3, r2
  85 0086 3B60     		str	r3, [r7, #0]
 120:../Dave/Generated/src/DAVESupport/MULTIPLEXER.c ****     WR_REG(USIC0_CH0->CCR, USIC_CH_CCR_MODE_Msk, USIC_CH_CCR_MODE_Pos,0);  
  86              		.loc 1 120 0
  87 0088 4FF00003 		mov	r3, #0
  88 008c C4F20303 		movt	r3, 16387
  89 0090 4FF00002 		mov	r2, #0
  90 0094 C4F20302 		movt	r2, 16387
  91 0098 126C     		ldr	r2, [r2, #64]
  92 009a 22F00F02 		bic	r2, r2, #15
  93 009e 1A64     		str	r2, [r3, #64]
 121:../Dave/Generated/src/DAVESupport/MULTIPLEXER.c ****                         
 122:../Dave/Generated/src/DAVESupport/MULTIPLEXER.c ****       
 123:../Dave/Generated/src/DAVESupport/MULTIPLEXER.c ****     						
 124:../Dave/Generated/src/DAVESupport/MULTIPLEXER.c ****    /*USIC 0 Channel 0 Mux Related SFR/Bitfields Configurations*/ 						         
 125:../Dave/Generated/src/DAVESupport/MULTIPLEXER.c ****  WR_REG(USIC0_CH0->DX0CR, USIC_CH_DX0CR_DSEL_Msk, USIC_CH_DX0CR_DSEL_Pos,1); 
  94              		.loc 1 125 0
  95 00a0 4FF00003 		mov	r3, #0
  96 00a4 C4F20303 		movt	r3, 16387
  97 00a8 4FF00002 		mov	r2, #0
  98 00ac C4F20302 		movt	r2, 16387
  99 00b0 D269     		ldr	r2, [r2, #28]
 100 00b2 22F00702 		bic	r2, r2, #7
 101 00b6 42F00102 		orr	r2, r2, #1
 102 00ba DA61     		str	r2, [r3, #28]
 126:../Dave/Generated/src/DAVESupport/MULTIPLEXER.c ****   			  					 				 				 		       				              				  					    					 					   				  					 				 			
 127:../Dave/Generated/src/DAVESupport/MULTIPLEXER.c ****           
 128:../Dave/Generated/src/DAVESupport/MULTIPLEXER.c ****    // Data Pointer & Buffer Size for Transmitter Buffer Control  
 129:../Dave/Generated/src/DAVESupport/MULTIPLEXER.c ****  WR_REG(USIC0_CH0->TBCTR, USIC_CH_TBCTR_DPTRSIZE_Msk, USIC_CH_TBCTR_DPTRSIZE_Pos,0x05000000);		/*  
 103              		.loc 1 129 0
 104 00bc 4FF00003 		mov	r3, #0
 105 00c0 C4F20303 		movt	r3, 16387
 106 00c4 4FF00002 		mov	r2, #0
 107 00c8 C4F20302 		movt	r2, 16387
 108 00cc D2F80821 		ldr	r2, [r2, #264]
 109 00d0 22F0E062 		bic	r2, r2, #117440512
 110 00d4 22F03F02 		bic	r2, r2, #63
 111 00d8 42F0A062 		orr	r2, r2, #83886080
 112 00dc C3F80821 		str	r2, [r3, #264]
 130:../Dave/Generated/src/DAVESupport/MULTIPLEXER.c ****            
 131:../Dave/Generated/src/DAVESupport/MULTIPLEXER.c ****   // Data Pointer & Buffer Size for Receiver Buffer Control  
 132:../Dave/Generated/src/DAVESupport/MULTIPLEXER.c ****  WR_REG(USIC0_CH0->RBCTR, USIC_CH_RBCTR_DPTRSIZE_Msk, USIC_CH_RBCTR_DPTRSIZE_Pos,0x04000020);		/*  
 113              		.loc 1 132 0
 114 00e0 4FF00003 		mov	r3, #0
 115 00e4 C4F20303 		movt	r3, 16387
 116 00e8 4FF00002 		mov	r2, #0
 117 00ec C4F20302 		movt	r2, 16387
 118 00f0 D2F80C21 		ldr	r2, [r2, #268]
 119 00f4 22F0E062 		bic	r2, r2, #117440512
 120 00f8 22F03F02 		bic	r2, r2, #63
 121 00fc 42F08062 		orr	r2, r2, #67108864
 122 0100 42F02002 		orr	r2, r2, #32
 123 0104 C3F80C21 		str	r2, [r3, #268]
 133:../Dave/Generated/src/DAVESupport/MULTIPLEXER.c ****  						
 134:../Dave/Generated/src/DAVESupport/MULTIPLEXER.c ****    /*USIC 0 Channel 1 Mux Related SFR/Bitfields Configurations*/ 									  					 				 				 		     
 135:../Dave/Generated/src/DAVESupport/MULTIPLEXER.c ****          						
 136:../Dave/Generated/src/DAVESupport/MULTIPLEXER.c ****    /*USIC 1 Channel 0 Mux Related SFR/Bitfields Configurations*/ 									  					 				 				 		     
 137:../Dave/Generated/src/DAVESupport/MULTIPLEXER.c ****        						
 138:../Dave/Generated/src/DAVESupport/MULTIPLEXER.c ****    /*USIC 1 Channel 1 Mux Related SFR/Bitfields Configurations*/ 									  					 				 				 		     
 139:../Dave/Generated/src/DAVESupport/MULTIPLEXER.c ****          						
 140:../Dave/Generated/src/DAVESupport/MULTIPLEXER.c ****    /*USIC 2 Channel 0 Mux Related SFR/Bitfields Configurations*/ 									  					 				 				 		     
 141:../Dave/Generated/src/DAVESupport/MULTIPLEXER.c ****        						
 142:../Dave/Generated/src/DAVESupport/MULTIPLEXER.c ****    /*USIC 2 Channel 1 Mux Related SFR/Bitfields Configurations*/ 									  					 				 				 		     
 143:../Dave/Generated/src/DAVESupport/MULTIPLEXER.c ****          
 144:../Dave/Generated/src/DAVESupport/MULTIPLEXER.c ****   
 145:../Dave/Generated/src/DAVESupport/MULTIPLEXER.c ****   /* Enable mode after configuring all USIC registers to avoid unintended edges */  
 146:../Dave/Generated/src/DAVESupport/MULTIPLEXER.c ****             
 147:../Dave/Generated/src/DAVESupport/MULTIPLEXER.c ****    WR_REG(USIC0_CH0->CCR, USIC_CH_CCR_MODE_Msk, USIC_CH_CCR_MODE_Pos,UsicCcrMode[0]); 
 124              		.loc 1 147 0
 125 0108 4FF00003 		mov	r3, #0
 126 010c C4F20303 		movt	r3, 16387
 127 0110 3A68     		ldr	r2, [r7, #0]
 128 0112 02F00F01 		and	r1, r2, #15
 129 0116 4FF00002 		mov	r2, #0
 130 011a C4F20302 		movt	r2, 16387
 131 011e 126C     		ldr	r2, [r2, #64]
 132 0120 22F00F02 		bic	r2, r2, #15
 133 0124 0A43     		orrs	r2, r2, r1
 134 0126 1A64     		str	r2, [r3, #64]
 148:../Dave/Generated/src/DAVESupport/MULTIPLEXER.c ****                    	         
 149:../Dave/Generated/src/DAVESupport/MULTIPLEXER.c ****                                               
 150:../Dave/Generated/src/DAVESupport/MULTIPLEXER.c ****    	 
 151:../Dave/Generated/src/DAVESupport/MULTIPLEXER.c ****             	         
 152:../Dave/Generated/src/DAVESupport/MULTIPLEXER.c ****                                               
 153:../Dave/Generated/src/DAVESupport/MULTIPLEXER.c ****    	 
 154:../Dave/Generated/src/DAVESupport/MULTIPLEXER.c ****             	         
 155:../Dave/Generated/src/DAVESupport/MULTIPLEXER.c ****                                           
 156:../Dave/Generated/src/DAVESupport/MULTIPLEXER.c **** 
 157:../Dave/Generated/src/DAVESupport/MULTIPLEXER.c **** /*        PORT Macro definitions for IOCR_OE, IOCR_PCR & HWSEL_HW     */                           
 158:../Dave/Generated/src/DAVESupport/MULTIPLEXER.c ****   WR_REG(PORT1->IOCR4, 0xb800U, PORT_IOCR_PC1_PCR_Pos, 0x12U);                /*P1.5 : PORT1_IOCR4_
 135              		.loc 1 158 0
 136 0128 4FF40143 		mov	r3, #33024
 137 012c C4F60203 		movt	r3, 18434
 138 0130 4FF40142 		mov	r2, #33024
 139 0134 C4F60202 		movt	r2, 18434
 140 0138 5269     		ldr	r2, [r2, #20]
 141 013a 22F43842 		bic	r2, r2, #47104
 142 013e 42F41042 		orr	r2, r2, #36864
 143 0142 5A61     		str	r2, [r3, #20]
 159:../Dave/Generated/src/DAVESupport/MULTIPLEXER.c **** 					                         
 160:../Dave/Generated/src/DAVESupport/MULTIPLEXER.c ****   WR_REG(PORT1->IOCR8, 0xb800U, PORT_IOCR_PC1_PCR_Pos, 0x12U);                /*P1.9 : PORT1_IOCR8_
 144              		.loc 1 160 0
 145 0144 4FF40143 		mov	r3, #33024
 146 0148 C4F60203 		movt	r3, 18434
 147 014c 4FF40142 		mov	r2, #33024
 148 0150 C4F60202 		movt	r2, 18434
 149 0154 9269     		ldr	r2, [r2, #24]
 150 0156 22F43842 		bic	r2, r2, #47104
 151 015a 42F41042 		orr	r2, r2, #36864
 152 015e 9A61     		str	r2, [r3, #24]
 161:../Dave/Generated/src/DAVESupport/MULTIPLEXER.c **** 					      
 162:../Dave/Generated/src/DAVESupport/MULTIPLEXER.c **** }
 153              		.loc 1 162 0
 154 0160 07F11C07 		add	r7, r7, #28
 155 0164 BD46     		mov	sp, r7
 156 0166 80BC     		pop	{r7}
 157 0168 7047     		bx	lr
 158              		.cfi_endproc
 159              	.LFE112:
 161 016a 00BF     		.section	.text.DAVE_MUX_PreInit,"ax",%progbits
 162              		.align	2
 163              		.global	DAVE_MUX_PreInit
 164              		.thumb
 165              		.thumb_func
 167              	DAVE_MUX_PreInit:
 168              	.LFB113:
 163:../Dave/Generated/src/DAVESupport/MULTIPLEXER.c **** 
 164:../Dave/Generated/src/DAVESupport/MULTIPLEXER.c **** 
 165:../Dave/Generated/src/DAVESupport/MULTIPLEXER.c **** /*******************************************************************************
 166:../Dave/Generated/src/DAVESupport/MULTIPLEXER.c **** ** Syntax           : void DAVE_MUX_PreInit(void)                             **
 167:../Dave/Generated/src/DAVESupport/MULTIPLEXER.c **** **                                                                            **
 168:../Dave/Generated/src/DAVESupport/MULTIPLEXER.c **** ** Reentrancy       : None                                                    **
 169:../Dave/Generated/src/DAVESupport/MULTIPLEXER.c **** **                                                                            **
 170:../Dave/Generated/src/DAVESupport/MULTIPLEXER.c **** ** Parameters (in)  : void                                                    **
 171:../Dave/Generated/src/DAVESupport/MULTIPLEXER.c **** **                                                                            **
 172:../Dave/Generated/src/DAVESupport/MULTIPLEXER.c **** ** Parameters (out) : none                                                    **
 173:../Dave/Generated/src/DAVESupport/MULTIPLEXER.c **** **                                                                            **
 174:../Dave/Generated/src/DAVESupport/MULTIPLEXER.c **** ** Return value     : none                                                    **
 175:../Dave/Generated/src/DAVESupport/MULTIPLEXER.c **** **                                                                            **
 176:../Dave/Generated/src/DAVESupport/MULTIPLEXER.c **** ** Description      : This is the Mux configuration                           **
 177:../Dave/Generated/src/DAVESupport/MULTIPLEXER.c **** **                                                                            **
 178:../Dave/Generated/src/DAVESupport/MULTIPLEXER.c **** *******************************************************************************/
 179:../Dave/Generated/src/DAVESupport/MULTIPLEXER.c ****  
 180:../Dave/Generated/src/DAVESupport/MULTIPLEXER.c **** void DAVE_MUX_PreInit(void)
 181:../Dave/Generated/src/DAVESupport/MULTIPLEXER.c **** {                
 169              		.loc 1 181 0
 170              		.cfi_startproc
 171              		@ args = 0, pretend = 0, frame = 0
 172              		@ frame_needed = 1, uses_anonymous_args = 0
 173              		@ link register save eliminated.
 174 0000 80B4     		push	{r7}
 175              	.LCFI3:
 176              		.cfi_def_cfa_offset 4
 177              		.cfi_offset 7, -4
 178 0002 00AF     		add	r7, sp, #0
 179              	.LCFI4:
 180              		.cfi_def_cfa_register 7
 182:../Dave/Generated/src/DAVESupport/MULTIPLEXER.c **** 
 183:../Dave/Generated/src/DAVESupport/MULTIPLEXER.c **** /*        PORT Macro definitions for IOCR_OE, IOCR_PCR & HWSEL_HW     */                   
 184:../Dave/Generated/src/DAVESupport/MULTIPLEXER.c **** }
 181              		.loc 1 184 0
 182 0004 BD46     		mov	sp, r7
 183 0006 80BC     		pop	{r7}
 184 0008 7047     		bx	lr
 185              		.cfi_endproc
 186              	.LFE113:
 188 000a 00BF     		.text
 189              	.Letext0:
 190              		.file 2 "c:\\dave-3.1.10\\arm-gcc\\bin\\../lib/gcc/arm-none-eabi/4.7.4/../../../../arm-none-eabi/i
 191              		.file 3 "C:\\DAVE-3.1.10\\eclipse\\/../CMSIS/Infineon/XMC4500_series/Include/XMC4500.h"
 192              		.file 4 "C:\\DAVE-3.1.10\\eclipse\\/../CMSIS/Include/core_cm4.h"
DEFINED SYMBOLS
                            *ABS*:00000000 MULTIPLEXER.c
C:\Users\TJung\AppData\Local\Temp\ccu3qrbR.s:20     .text.DAVE_MUX_Init:00000000 $t
C:\Users\TJung\AppData\Local\Temp\ccu3qrbR.s:25     .text.DAVE_MUX_Init:00000000 DAVE_MUX_Init
C:\Users\TJung\AppData\Local\Temp\ccu3qrbR.s:162    .text.DAVE_MUX_PreInit:00000000 $t
C:\Users\TJung\AppData\Local\Temp\ccu3qrbR.s:167    .text.DAVE_MUX_PreInit:00000000 DAVE_MUX_PreInit
                     .debug_frame:00000010 $d

NO UNDEFINED SYMBOLS
