   1              		.cpu cortex-m0
   2              		.fpu softvfp
   3              		.eabi_attribute 20, 1
   4              		.eabi_attribute 21, 1
   5              		.eabi_attribute 23, 3
   6              		.eabi_attribute 24, 1
   7              		.eabi_attribute 25, 1
   8              		.eabi_attribute 26, 1
   9              		.eabi_attribute 30, 6
  10              		.eabi_attribute 34, 0
  11              		.eabi_attribute 18, 4
  12              		.code	16
  13              		.file	"PingPongTop.c"
  14              		.text
  15              	.Ltext0:
  16              		.cfi_sections	.debug_frame
  17              		.section	.text.PingPongTop_init,"ax",%progbits
  18              		.align	2
  19              		.global	PingPongTop_init
  20              		.code	16
  21              		.thumb_func
  23              	PingPongTop_init:
  24              	.LFB33:
  25              		.file 1 "C:/data/workspaces/github/de.protos.demos/src/XMC2GoBlinky/etrice.XMC2GoBlinky.demo/src-g
   1:C:/data/workspaces/github/de.protos.demos/src/XMC2GoBlinky/etrice.XMC2GoBlinky.demo/src-gen-mt/XMC2GoDemoModel\PingPongTop.c **** /**
   2:C:/data/workspaces/github/de.protos.demos/src/XMC2GoBlinky/etrice.XMC2GoBlinky.demo/src-gen-mt/XMC2GoDemoModel\PingPongTop.c ****  * @author generated by eTrice
   3:C:/data/workspaces/github/de.protos.demos/src/XMC2GoBlinky/etrice.XMC2GoBlinky.demo/src-gen-mt/XMC2GoDemoModel\PingPongTop.c ****  *
   4:C:/data/workspaces/github/de.protos.demos/src/XMC2GoBlinky/etrice.XMC2GoBlinky.demo/src-gen-mt/XMC2GoDemoModel\PingPongTop.c ****  * Source File of ActorClass PingPongTop
   5:C:/data/workspaces/github/de.protos.demos/src/XMC2GoBlinky/etrice.XMC2GoBlinky.demo/src-gen-mt/XMC2GoDemoModel\PingPongTop.c ****  * 
   6:C:/data/workspaces/github/de.protos.demos/src/XMC2GoBlinky/etrice.XMC2GoBlinky.demo/src-gen-mt/XMC2GoDemoModel\PingPongTop.c ****  */
   7:C:/data/workspaces/github/de.protos.demos/src/XMC2GoBlinky/etrice.XMC2GoBlinky.demo/src-gen-mt/XMC2GoDemoModel\PingPongTop.c **** 
   8:C:/data/workspaces/github/de.protos.demos/src/XMC2GoBlinky/etrice.XMC2GoBlinky.demo/src-gen-mt/XMC2GoDemoModel\PingPongTop.c **** #include "PingPongTop.h"
   9:C:/data/workspaces/github/de.protos.demos/src/XMC2GoBlinky/etrice.XMC2GoBlinky.demo/src-gen-mt/XMC2GoDemoModel\PingPongTop.c **** 
  10:C:/data/workspaces/github/de.protos.demos/src/XMC2GoBlinky/etrice.XMC2GoBlinky.demo/src-gen-mt/XMC2GoDemoModel\PingPongTop.c **** #include "modelbase/etActor.h"
  11:C:/data/workspaces/github/de.protos.demos/src/XMC2GoBlinky/etrice.XMC2GoBlinky.demo/src-gen-mt/XMC2GoDemoModel\PingPongTop.c **** #include "debugging/etLogger.h"
  12:C:/data/workspaces/github/de.protos.demos/src/XMC2GoBlinky/etrice.XMC2GoBlinky.demo/src-gen-mt/XMC2GoDemoModel\PingPongTop.c **** #include "debugging/etMSCLogger.h"
  13:C:/data/workspaces/github/de.protos.demos/src/XMC2GoBlinky/etrice.XMC2GoBlinky.demo/src-gen-mt/XMC2GoDemoModel\PingPongTop.c **** #include "etUnit/etUnit.h"
  14:C:/data/workspaces/github/de.protos.demos/src/XMC2GoBlinky/etrice.XMC2GoBlinky.demo/src-gen-mt/XMC2GoDemoModel\PingPongTop.c **** #include "base/etMemory.h"
  15:C:/data/workspaces/github/de.protos.demos/src/XMC2GoBlinky/etrice.XMC2GoBlinky.demo/src-gen-mt/XMC2GoDemoModel\PingPongTop.c **** 
  16:C:/data/workspaces/github/de.protos.demos/src/XMC2GoBlinky/etrice.XMC2GoBlinky.demo/src-gen-mt/XMC2GoDemoModel\PingPongTop.c **** #include "DaveInterface/PIO004.h"
  17:C:/data/workspaces/github/de.protos.demos/src/XMC2GoBlinky/etrice.XMC2GoBlinky.demo/src-gen-mt/XMC2GoDemoModel\PingPongTop.c **** #include "room/basic/service/timing/PTimer.h"
  18:C:/data/workspaces/github/de.protos.demos/src/XMC2GoBlinky/etrice.XMC2GoBlinky.demo/src-gen-mt/XMC2GoDemoModel\PingPongTop.c **** #include "DaveInterface/PUART001.h"
  19:C:/data/workspaces/github/de.protos.demos/src/XMC2GoBlinky/etrice.XMC2GoBlinky.demo/src-gen-mt/XMC2GoDemoModel\PingPongTop.c **** #include "DaveInterface/PWMSP001.h"
  20:C:/data/workspaces/github/de.protos.demos/src/XMC2GoBlinky/etrice.XMC2GoBlinky.demo/src-gen-mt/XMC2GoDemoModel\PingPongTop.c **** #include "XMC2GoDemoModel/PingPongProtocol.h"
  21:C:/data/workspaces/github/de.protos.demos/src/XMC2GoBlinky/etrice.XMC2GoBlinky.demo/src-gen-mt/XMC2GoDemoModel\PingPongTop.c **** 
  22:C:/data/workspaces/github/de.protos.demos/src/XMC2GoBlinky/etrice.XMC2GoBlinky.demo/src-gen-mt/XMC2GoDemoModel\PingPongTop.c **** #include "PingPongTop_Utils.h"
  23:C:/data/workspaces/github/de.protos.demos/src/XMC2GoBlinky/etrice.XMC2GoBlinky.demo/src-gen-mt/XMC2GoDemoModel\PingPongTop.c **** 
  24:C:/data/workspaces/github/de.protos.demos/src/XMC2GoBlinky/etrice.XMC2GoBlinky.demo/src-gen-mt/XMC2GoDemoModel\PingPongTop.c **** 
  25:C:/data/workspaces/github/de.protos.demos/src/XMC2GoBlinky/etrice.XMC2GoBlinky.demo/src-gen-mt/XMC2GoDemoModel\PingPongTop.c **** /* interface item IDs */
  26:C:/data/workspaces/github/de.protos.demos/src/XMC2GoBlinky/etrice.XMC2GoBlinky.demo/src-gen-mt/XMC2GoDemoModel\PingPongTop.c **** /* empty enum not generated */
  27:C:/data/workspaces/github/de.protos.demos/src/XMC2GoBlinky/etrice.XMC2GoBlinky.demo/src-gen-mt/XMC2GoDemoModel\PingPongTop.c **** 
  28:C:/data/workspaces/github/de.protos.demos/src/XMC2GoBlinky/etrice.XMC2GoBlinky.demo/src-gen-mt/XMC2GoDemoModel\PingPongTop.c **** 
  29:C:/data/workspaces/github/de.protos.demos/src/XMC2GoBlinky/etrice.XMC2GoBlinky.demo/src-gen-mt/XMC2GoDemoModel\PingPongTop.c **** void PingPongTop_init(PingPongTop* self){
  26              		.loc 1 29 0
  27              		.cfi_startproc
  28 0000 80B5     		push	{r7, lr}
  29              	.LCFI0:
  30              		.cfi_def_cfa_offset 8
  31              		.cfi_offset 7, -8
  32              		.cfi_offset 14, -4
  33 0002 82B0     		sub	sp, sp, #8
  34              	.LCFI1:
  35              		.cfi_def_cfa_offset 16
  36 0004 00AF     		add	r7, sp, #0
  37              	.LCFI2:
  38              		.cfi_def_cfa_register 7
  39 0006 7860     		str	r0, [r7, #4]
  30:C:/data/workspaces/github/de.protos.demos/src/XMC2GoBlinky/etrice.XMC2GoBlinky.demo/src-gen-mt/XMC2GoDemoModel\PingPongTop.c **** 	ET_MSC_LOGGER_SYNC_ENTRY("PingPongTop", "init")
  31:C:/data/workspaces/github/de.protos.demos/src/XMC2GoBlinky/etrice.XMC2GoBlinky.demo/src-gen-mt/XMC2GoDemoModel\PingPongTop.c **** 	ET_MSC_LOGGER_SYNC_EXIT
  32:C:/data/workspaces/github/de.protos.demos/src/XMC2GoBlinky/etrice.XMC2GoBlinky.demo/src-gen-mt/XMC2GoDemoModel\PingPongTop.c **** }
  40              		.loc 1 32 0
  41 0008 BD46     		mov	sp, r7
  42 000a 02B0     		add	sp, sp, #8
  43              		@ sp needed for prologue
  44 000c 80BD     		pop	{r7, pc}
  45              		.cfi_endproc
  46              	.LFE33:
  48 000e C046     		.section	.text.PingPongTop_receiveMessage,"ax",%progbits
  49              		.align	2
  50              		.global	PingPongTop_receiveMessage
  51              		.code	16
  52              		.thumb_func
  54              	PingPongTop_receiveMessage:
  55              	.LFB34:
  33:C:/data/workspaces/github/de.protos.demos/src/XMC2GoBlinky/etrice.XMC2GoBlinky.demo/src-gen-mt/XMC2GoDemoModel\PingPongTop.c **** 
  34:C:/data/workspaces/github/de.protos.demos/src/XMC2GoBlinky/etrice.XMC2GoBlinky.demo/src-gen-mt/XMC2GoDemoModel\PingPongTop.c **** 
  35:C:/data/workspaces/github/de.protos.demos/src/XMC2GoBlinky/etrice.XMC2GoBlinky.demo/src-gen-mt/XMC2GoDemoModel\PingPongTop.c **** void PingPongTop_receiveMessage(void* self, const void* ifitem, const etMessage* msg){
  56              		.loc 1 35 0
  57              		.cfi_startproc
  58 0000 80B5     		push	{r7, lr}
  59              	.LCFI3:
  60              		.cfi_def_cfa_offset 8
  61              		.cfi_offset 7, -8
  62              		.cfi_offset 14, -4
  63 0002 84B0     		sub	sp, sp, #16
  64              	.LCFI4:
  65              		.cfi_def_cfa_offset 24
  66 0004 00AF     		add	r7, sp, #0
  67              	.LCFI5:
  68              		.cfi_def_cfa_register 7
  69 0006 F860     		str	r0, [r7, #12]
  70 0008 B960     		str	r1, [r7, #8]
  71 000a 7A60     		str	r2, [r7, #4]
  36:C:/data/workspaces/github/de.protos.demos/src/XMC2GoBlinky/etrice.XMC2GoBlinky.demo/src-gen-mt/XMC2GoDemoModel\PingPongTop.c **** 	ET_MSC_LOGGER_SYNC_ENTRY("PingPongTop", "_receiveMessage")
  37:C:/data/workspaces/github/de.protos.demos/src/XMC2GoBlinky/etrice.XMC2GoBlinky.demo/src-gen-mt/XMC2GoDemoModel\PingPongTop.c **** 	
  38:C:/data/workspaces/github/de.protos.demos/src/XMC2GoBlinky/etrice.XMC2GoBlinky.demo/src-gen-mt/XMC2GoDemoModel\PingPongTop.c **** 	ET_MSC_LOGGER_SYNC_EXIT
  39:C:/data/workspaces/github/de.protos.demos/src/XMC2GoBlinky/etrice.XMC2GoBlinky.demo/src-gen-mt/XMC2GoDemoModel\PingPongTop.c **** }
  72              		.loc 1 39 0
  73 000c BD46     		mov	sp, r7
  74 000e 04B0     		add	sp, sp, #16
  75              		@ sp needed for prologue
  76 0010 80BD     		pop	{r7, pc}
  77              		.cfi_endproc
  78              	.LFE34:
  80 0012 C046     		.text
  81              	.Letext0:
  82              		.file 2 "C:\\data\\workspaces\\github\\de.protos.demos\\src\\XMC2GoBlinky\\etrice.runtime.c.FreeRT
  83              		.file 3 "C:\\data\\workspaces\\github\\de.protos.demos\\src\\XMC2GoBlinky\\etrice.runtime.c.FreeRT
  84              		.file 4 "C:/data/workspaces/github/de.protos.demos/src/XMC2GoBlinky/etrice.XMC2GoBlinky.demo/src-g
DEFINED SYMBOLS
                            *ABS*:00000000 PingPongTop.c
C:\Users\TJung\AppData\Local\Temp\ccFzGIPd.s:18     .text.PingPongTop_init:00000000 $t
C:\Users\TJung\AppData\Local\Temp\ccFzGIPd.s:23     .text.PingPongTop_init:00000000 PingPongTop_init
C:\Users\TJung\AppData\Local\Temp\ccFzGIPd.s:49     .text.PingPongTop_receiveMessage:00000000 $t
C:\Users\TJung\AppData\Local\Temp\ccFzGIPd.s:54     .text.PingPongTop_receiveMessage:00000000 PingPongTop_receiveMessage
                     .debug_frame:00000010 $d
                           .group:00000000 wm4.1.4f34ab06ae2725aaf04d3230f4ec23a7
                           .group:00000000 wm4.newlib.h.8.a9901dc52d1357e3e94003403d43f8b5
                           .group:00000000 wm4.features.h.22.b72b3baab2bb2eab3661375590100b6b
                           .group:00000000 wm4.config.h.193.5fb8ef056cdff92dec3dee9552839d8c
                           .group:00000000 wm4._ansi.h.23.7aefdac4826acebbfc9f3822a0aeb14c
                           .group:00000000 wm4.stdio.h.31.f48311dde756a2aec27351b58a280fb9
                           .group:00000000 wm4.stddef.h.187.9e651b6b8b16e149c1353259404973ea
                           .group:00000000 wm4.stdarg.h.34.3a23a216c0c293b3d2ea2e89281481e6
                           .group:00000000 wm4._default_types.h.6.5e12cd604db8ce00b62bb2f02708eaf3
                           .group:00000000 wm4.lock.h.2.9bc98482741e5e2a9450b12934a684ea
                           .group:00000000 wm4.stddef.h.349.31f4c5baff3fa2689010b32028da9c47
                           .group:00000000 wm4.reent.h.16.9e42f0e588b85e70b2bf6572af57ce64
                           .group:00000000 wm4.types.h.23.0d949686bbcadd1621462d4fa1f884f9
                           .group:00000000 wm4.stddef.h.40.cf962ebbec441b3ac67502735f0765db
                           .group:00000000 wm4.types.h.2.e9cec8c90ab35f77d9f499e06ae02400
                           .group:00000000 wm4.types.h.80.1f2c84c0d57dd52dd9936095d9ac218e
                           .group:00000000 wm4.stdio.h.2.4aa87247282eca6c8f36f9de33d8df1a
                           .group:00000000 wm4.stdio.h.63.dfdea6580b080784d08faace69b6ed76
                           .group:00000000 wm4.stdint.h.10.90b695f550ca6cc3fb08fa83baf01e05
                           .group:00000000 wm4.projdefs.h.67.1891ed3aab788f154f6e7a8ff42f2cfd
                           .group:00000000 wm4.FreeRTOSConfig.h.68.68069ebd1511300aee6a0902a3190dd9
                           .group:00000000 wm4.portmacro.h.68.1103cd8abdfa15961989a6c9d96bac02
                           .group:00000000 wm4.portable.h.325.a31e8973a246cd28421ddb595e37fd13
                           .group:00000000 wm4.mpu_wrappers.h.67.4bcfd12ce15e5313ce3efd77400f8168
                           .group:00000000 wm4.FreeRTOS.h.177.d3bfaf06585c5400f89c867433e2b84d
                           .group:00000000 wm4.list.h.96.eaa3d29743bd681933f9f5e726c756a1
                           .group:00000000 wm4.task.h.84.ff846741c7bdac87bd4a7636d5320d68
                           .group:00000000 wm4.timers.h.92.7e7e1a9bf65701faf3dfc9cf90e720c0
                           .group:00000000 wm4.queue.h.68.1266563298ebacb4a83c08ead1e4111f
                           .group:00000000 wm4.semphr.h.77.cfc41285e8d228b828c00c3fce52801f
                           .group:00000000 wm4.etDatatypes.h.51.3bbea7db1cc9da3a5e28a729d320f817
                           .group:00000000 wm4.etMessageService.h.26.c4e8a1353ad385fd30ddcda194df0956
                           .group:00000000 wm4.etRuntimeConfig.h.14.b2bde6fc1d2ab5ddcde20eb67dcec2c1
                           .group:00000000 wm4.XMC1100.h.45.7a7cd799d7738130fcda8b83b0aa37d4
                           .group:00000000 wm4.core_cm0.h.47.022e66414e77714da7c4b30b3ad99fe8
                           .group:00000000 wm4.core_cmInstr.h.39.b7b6650bdd2316848d940915272d75b8
                           .group:00000000 wm4.core_cm0.h.135.ca70469f87e143609670bb393bfa6518
                           .group:00000000 wm4.XMC1000_RomFunctionTable.h.31.6d9a94465618f31b040dc9cea9a47ad7
                           .group:00000000 wm4.XMC1100.h.114.be3711f71ee045884346be801053f4c0
                           .group:00000000 wm4.types.h.60.43223fdca13f7a32c3450deb52d058eb
                           .group:00000000 wm4.MULTIPLEXER.h.46.383e3edbb9cbf6e538f7c1532ef623c1
                           .group:00000000 wm4.uc_id.h.35.eaf9b374d895319eacbb56387e04af18
                           .group:00000000 wm4.Usic.h.90.22743468abc46f16747d12430b219aaf
                           .group:00000000 wm4.UART001_Conf.h.53.6438e3dd8d9ee3b4523f36dc76bba15b
                           .group:00000000 wm4.UART001.h.109.3e835815a7a59791d8bd39655f4d4cc9
                           .group:00000000 wm4.IO004.h.53.442ea5eb47ad9eedc675253aa35f3107
                           .group:00000000 wm4.CCU4Global_Conf.h.63.a52fac0daa39b5f58343578312b4eb54
                           .group:00000000 wm4.PWMSP001.h.57.29b732b86baf3e81f49153f5f495912e
                           .group:00000000 wm4.PTimer.h.9.65e88e755dca19735e4c8a0328a94685
                           .group:00000000 wm4.etActor.h.14.9b56ffcd99a02685892c172699069004
                           .group:00000000 wm4.etMSCLogger.h.14.7eeb87c32751ae73ac414a4bacac4f55
                           .group:00000000 wm4.etUnit.h.14.527bbd05eb7d0a59b79b37d6c7171aa8
                           .group:00000000 wm4.etMemory.h.14.a057889ad945df9be87a338fa7a3af32

NO UNDEFINED SYMBOLS
