   1              		.syntax unified
   2              		.cpu cortex-m4
   3              		.eabi_attribute 27, 3
   4              		.fpu fpv4-sp-d16
   5              		.eabi_attribute 20, 1
   6              		.eabi_attribute 21, 1
   7              		.eabi_attribute 23, 3
   8              		.eabi_attribute 24, 1
   9              		.eabi_attribute 25, 1
  10              		.eabi_attribute 26, 1
  11              		.eabi_attribute 30, 6
  12              		.eabi_attribute 34, 1
  13              		.eabi_attribute 18, 4
  14              		.thumb
  15              		.file	"Application.c"
  16              		.text
  17              	.Ltext0:
  18              		.cfi_sections	.debug_frame
  19              		.section	.text.Application_init,"ax",%progbits
  20              		.align	2
  21              		.global	Application_init
  22              		.thumb
  23              		.thumb_func
  25              	Application_init:
  26              	.LFB0:
  27              		.file 1 "C:/data/workspaces/github/de.protos.demos/src/HexagonCANDemo/etrice.HexagonCANDemo.demo/s
   1:C:/data/workspaces/github/de.protos.demos/src/HexagonCANDemo/etrice.HexagonCANDemo.demo/src-gen-st/HexagonCANDemo\Application.c **** /**
   2:C:/data/workspaces/github/de.protos.demos/src/HexagonCANDemo/etrice.HexagonCANDemo.demo/src-gen-st/HexagonCANDemo\Application.c ****  * @author generated by eTrice
   3:C:/data/workspaces/github/de.protos.demos/src/HexagonCANDemo/etrice.HexagonCANDemo.demo/src-gen-st/HexagonCANDemo\Application.c ****  *
   4:C:/data/workspaces/github/de.protos.demos/src/HexagonCANDemo/etrice.HexagonCANDemo.demo/src-gen-st/HexagonCANDemo\Application.c ****  * Source File of ActorClass Application
   5:C:/data/workspaces/github/de.protos.demos/src/HexagonCANDemo/etrice.HexagonCANDemo.demo/src-gen-st/HexagonCANDemo\Application.c ****  * 
   6:C:/data/workspaces/github/de.protos.demos/src/HexagonCANDemo/etrice.HexagonCANDemo.demo/src-gen-st/HexagonCANDemo\Application.c ****  */
   7:C:/data/workspaces/github/de.protos.demos/src/HexagonCANDemo/etrice.HexagonCANDemo.demo/src-gen-st/HexagonCANDemo\Application.c **** 
   8:C:/data/workspaces/github/de.protos.demos/src/HexagonCANDemo/etrice.HexagonCANDemo.demo/src-gen-st/HexagonCANDemo\Application.c **** #include "Application.h"
   9:C:/data/workspaces/github/de.protos.demos/src/HexagonCANDemo/etrice.HexagonCANDemo.demo/src-gen-st/HexagonCANDemo\Application.c **** 
  10:C:/data/workspaces/github/de.protos.demos/src/HexagonCANDemo/etrice.HexagonCANDemo.demo/src-gen-st/HexagonCANDemo\Application.c **** #include "modelbase/etActor.h"
  11:C:/data/workspaces/github/de.protos.demos/src/HexagonCANDemo/etrice.HexagonCANDemo.demo/src-gen-st/HexagonCANDemo\Application.c **** #include "debugging/etLogger.h"
  12:C:/data/workspaces/github/de.protos.demos/src/HexagonCANDemo/etrice.HexagonCANDemo.demo/src-gen-st/HexagonCANDemo\Application.c **** #include "debugging/etMSCLogger.h"
  13:C:/data/workspaces/github/de.protos.demos/src/HexagonCANDemo/etrice.HexagonCANDemo.demo/src-gen-st/HexagonCANDemo\Application.c **** #include "etUnit/etUnit.h"
  14:C:/data/workspaces/github/de.protos.demos/src/HexagonCANDemo/etrice.HexagonCANDemo.demo/src-gen-st/HexagonCANDemo\Application.c **** #include "base/etMemory.h"
  15:C:/data/workspaces/github/de.protos.demos/src/HexagonCANDemo/etrice.HexagonCANDemo.demo/src-gen-st/HexagonCANDemo\Application.c **** 
  16:C:/data/workspaces/github/de.protos.demos/src/HexagonCANDemo/etrice.HexagonCANDemo.demo/src-gen-st/HexagonCANDemo\Application.c **** #include "room/basic/service/can/PCANRx.h"
  17:C:/data/workspaces/github/de.protos.demos/src/HexagonCANDemo/etrice.HexagonCANDemo.demo/src-gen-st/HexagonCANDemo\Application.c **** #include "room/basic/service/can/PCANTx.h"
  18:C:/data/workspaces/github/de.protos.demos/src/HexagonCANDemo/etrice.HexagonCANDemo.demo/src-gen-st/HexagonCANDemo\Application.c **** #include "HexagonCANDemo/PPingPong.h"
  19:C:/data/workspaces/github/de.protos.demos/src/HexagonCANDemo/etrice.HexagonCANDemo.demo/src-gen-st/HexagonCANDemo\Application.c **** #include "room/basic/service/timing/PTimer.h"
  20:C:/data/workspaces/github/de.protos.demos/src/HexagonCANDemo/etrice.HexagonCANDemo.demo/src-gen-st/HexagonCANDemo\Application.c **** 
  21:C:/data/workspaces/github/de.protos.demos/src/HexagonCANDemo/etrice.HexagonCANDemo.demo/src-gen-st/HexagonCANDemo\Application.c **** #include "Application_Utils.h"
  22:C:/data/workspaces/github/de.protos.demos/src/HexagonCANDemo/etrice.HexagonCANDemo.demo/src-gen-st/HexagonCANDemo\Application.c **** 
  23:C:/data/workspaces/github/de.protos.demos/src/HexagonCANDemo/etrice.HexagonCANDemo.demo/src-gen-st/HexagonCANDemo\Application.c **** 
  24:C:/data/workspaces/github/de.protos.demos/src/HexagonCANDemo/etrice.HexagonCANDemo.demo/src-gen-st/HexagonCANDemo\Application.c **** /* interface item IDs */
  25:C:/data/workspaces/github/de.protos.demos/src/HexagonCANDemo/etrice.HexagonCANDemo.demo/src-gen-st/HexagonCANDemo\Application.c **** /* empty enum not generated */
  26:C:/data/workspaces/github/de.protos.demos/src/HexagonCANDemo/etrice.HexagonCANDemo.demo/src-gen-st/HexagonCANDemo\Application.c **** 
  27:C:/data/workspaces/github/de.protos.demos/src/HexagonCANDemo/etrice.HexagonCANDemo.demo/src-gen-st/HexagonCANDemo\Application.c **** 
  28:C:/data/workspaces/github/de.protos.demos/src/HexagonCANDemo/etrice.HexagonCANDemo.demo/src-gen-st/HexagonCANDemo\Application.c **** void Application_init(Application* self){
  28              		.loc 1 28 0
  29              		.cfi_startproc
  30              		@ args = 0, pretend = 0, frame = 8
  31              		@ frame_needed = 1, uses_anonymous_args = 0
  32              		@ link register save eliminated.
  33 0000 80B4     		push	{r7}
  34              	.LCFI0:
  35              		.cfi_def_cfa_offset 4
  36              		.cfi_offset 7, -4
  37 0002 83B0     		sub	sp, sp, #12
  38              	.LCFI1:
  39              		.cfi_def_cfa_offset 16
  40 0004 00AF     		add	r7, sp, #0
  41              	.LCFI2:
  42              		.cfi_def_cfa_register 7
  43 0006 7860     		str	r0, [r7, #4]
  29:C:/data/workspaces/github/de.protos.demos/src/HexagonCANDemo/etrice.HexagonCANDemo.demo/src-gen-st/HexagonCANDemo\Application.c **** 	ET_MSC_LOGGER_SYNC_ENTRY("Application", "init")
  30:C:/data/workspaces/github/de.protos.demos/src/HexagonCANDemo/etrice.HexagonCANDemo.demo/src-gen-st/HexagonCANDemo\Application.c **** 	ET_MSC_LOGGER_SYNC_EXIT
  31:C:/data/workspaces/github/de.protos.demos/src/HexagonCANDemo/etrice.HexagonCANDemo.demo/src-gen-st/HexagonCANDemo\Application.c **** }
  44              		.loc 1 31 0
  45 0008 07F10C07 		add	r7, r7, #12
  46 000c BD46     		mov	sp, r7
  47 000e 80BC     		pop	{r7}
  48 0010 7047     		bx	lr
  49              		.cfi_endproc
  50              	.LFE0:
  52 0012 00BF     		.section	.text.Application_receiveMessage,"ax",%progbits
  53              		.align	2
  54              		.global	Application_receiveMessage
  55              		.thumb
  56              		.thumb_func
  58              	Application_receiveMessage:
  59              	.LFB1:
  32:C:/data/workspaces/github/de.protos.demos/src/HexagonCANDemo/etrice.HexagonCANDemo.demo/src-gen-st/HexagonCANDemo\Application.c **** 
  33:C:/data/workspaces/github/de.protos.demos/src/HexagonCANDemo/etrice.HexagonCANDemo.demo/src-gen-st/HexagonCANDemo\Application.c **** 
  34:C:/data/workspaces/github/de.protos.demos/src/HexagonCANDemo/etrice.HexagonCANDemo.demo/src-gen-st/HexagonCANDemo\Application.c **** void Application_receiveMessage(void* self, const void* ifitem, const etMessage* msg){
  60              		.loc 1 34 0
  61              		.cfi_startproc
  62              		@ args = 0, pretend = 0, frame = 16
  63              		@ frame_needed = 1, uses_anonymous_args = 0
  64              		@ link register save eliminated.
  65 0000 80B4     		push	{r7}
  66              	.LCFI3:
  67              		.cfi_def_cfa_offset 4
  68              		.cfi_offset 7, -4
  69 0002 85B0     		sub	sp, sp, #20
  70              	.LCFI4:
  71              		.cfi_def_cfa_offset 24
  72 0004 00AF     		add	r7, sp, #0
  73              	.LCFI5:
  74              		.cfi_def_cfa_register 7
  75 0006 F860     		str	r0, [r7, #12]
  76 0008 B960     		str	r1, [r7, #8]
  77 000a 7A60     		str	r2, [r7, #4]
  35:C:/data/workspaces/github/de.protos.demos/src/HexagonCANDemo/etrice.HexagonCANDemo.demo/src-gen-st/HexagonCANDemo\Application.c **** 	ET_MSC_LOGGER_SYNC_ENTRY("Application", "_receiveMessage")
  36:C:/data/workspaces/github/de.protos.demos/src/HexagonCANDemo/etrice.HexagonCANDemo.demo/src-gen-st/HexagonCANDemo\Application.c **** 	
  37:C:/data/workspaces/github/de.protos.demos/src/HexagonCANDemo/etrice.HexagonCANDemo.demo/src-gen-st/HexagonCANDemo\Application.c **** 	ET_MSC_LOGGER_SYNC_EXIT
  38:C:/data/workspaces/github/de.protos.demos/src/HexagonCANDemo/etrice.HexagonCANDemo.demo/src-gen-st/HexagonCANDemo\Application.c **** }
  78              		.loc 1 38 0
  79 000c 07F11407 		add	r7, r7, #20
  80 0010 BD46     		mov	sp, r7
  81 0012 80BC     		pop	{r7}
  82 0014 7047     		bx	lr
  83              		.cfi_endproc
  84              	.LFE1:
  86 0016 00BF     		.text
  87              	.Letext0:
  88              		.file 2 "C:\\data\\workspaces\\github\\de.protos.demos\\src\\HexagonCANDemo\\etrice.runtime.c\\etR
  89              		.file 3 "C:\\data\\workspaces\\github\\de.protos.demos\\src\\HexagonCANDemo\\etrice.runtime.c\\etR
  90              		.file 4 "C:/data/workspaces/github/de.protos.demos/src/HexagonCANDemo/etrice.HexagonCANDemo.demo/s
DEFINED SYMBOLS
                            *ABS*:00000000 Application.c
C:\Users\TJung\AppData\Local\Temp\cc64r9yS.s:20     .text.Application_init:00000000 $t
C:\Users\TJung\AppData\Local\Temp\cc64r9yS.s:25     .text.Application_init:00000000 Application_init
C:\Users\TJung\AppData\Local\Temp\cc64r9yS.s:53     .text.Application_receiveMessage:00000000 $t
C:\Users\TJung\AppData\Local\Temp\cc64r9yS.s:58     .text.Application_receiveMessage:00000000 Application_receiveMessage
                     .debug_frame:00000010 $d
                           .group:00000000 wm4.1.59b7826cf76cfe2eff811cea0f220ee8
                           .group:00000000 wm4.newlib.h.8.a9901dc52d1357e3e94003403d43f8b5
                           .group:00000000 wm4.features.h.22.b72b3baab2bb2eab3661375590100b6b
                           .group:00000000 wm4.config.h.193.5fb8ef056cdff92dec3dee9552839d8c
                           .group:00000000 wm4._ansi.h.23.7aefdac4826acebbfc9f3822a0aeb14c
                           .group:00000000 wm4.stdio.h.31.f48311dde756a2aec27351b58a280fb9
                           .group:00000000 wm4.stddef.h.187.9e651b6b8b16e149c1353259404973ea
                           .group:00000000 wm4.stdarg.h.34.3a23a216c0c293b3d2ea2e89281481e6
                           .group:00000000 wm4._default_types.h.6.5e12cd604db8ce00b62bb2f02708eaf3
                           .group:00000000 wm4.lock.h.2.9bc98482741e5e2a9450b12934a684ea
                           .group:00000000 wm4.stddef.h.349.31f4c5baff3fa2689010b32028da9c47
                           .group:00000000 wm4.reent.h.16.9e42f0e588b85e70b2bf6572af57ce64
                           .group:00000000 wm4.types.h.23.0d949686bbcadd1621462d4fa1f884f9
                           .group:00000000 wm4.stddef.h.40.cf962ebbec441b3ac67502735f0765db
                           .group:00000000 wm4.types.h.2.e9cec8c90ab35f77d9f499e06ae02400
                           .group:00000000 wm4.types.h.80.1f2c84c0d57dd52dd9936095d9ac218e
                           .group:00000000 wm4.stdio.h.2.4aa87247282eca6c8f36f9de33d8df1a
                           .group:00000000 wm4.stdio.h.63.dfdea6580b080784d08faace69b6ed76
                           .group:00000000 wm4.etDatatypes.h.46.d01c3a9ad02b6611beb80ccd6973b180
                           .group:00000000 wm4.etMessageService.h.35.d59d0242cc2158bcaed8acc00ffa8450
                           .group:00000000 wm4.etRuntimeConfig.h.22.f3896c5e01c5c01380e7f5e574077970
                           .group:00000000 wm4.stdint.h.10.90b695f550ca6cc3fb08fa83baf01e05
                           .group:00000000 wm4.pclCANService.h.14.381c25c15f2d4e381783b6816fbce3e8
                           .group:00000000 wm4.PCANTx.h.9.cbce4a73536b1a35c96ff0ca728bc5b1
                           .group:00000000 wm4.PTimer.h.9.65e88e755dca19735e4c8a0328a94685
                           .group:00000000 wm4.etActor.h.20.45f51564328d7e6c3cd8d6b06a7adf7c
                           .group:00000000 wm4.etMSCLogger.h.23.8776f0b4cca7a780673ce7e90ee97990
                           .group:00000000 wm4.etUnit.h.24.9b1f80ffbde450e89a23e0d2e396099c
                           .group:00000000 wm4.etMemory.h.14.7eccd5774aae195c80edaa99dd2a2bc1

NO UNDEFINED SYMBOLS
