   1              		.syntax unified
   2              		.cpu cortex-m4
   3              		.eabi_attribute 27, 3
   4              		.fpu fpv4-sp-d16
   5              		.eabi_attribute 20, 1
   6              		.eabi_attribute 21, 1
   7              		.eabi_attribute 23, 3
   8              		.eabi_attribute 24, 1
   9              		.eabi_attribute 25, 1
  10              		.eabi_attribute 26, 1
  11              		.eabi_attribute 30, 6
  12              		.eabi_attribute 34, 1
  13              		.eabi_attribute 18, 4
  14              		.thumb
  15              		.file	"PPingPong.c"
  16              		.text
  17              	.Ltext0:
  18              		.cfi_sections	.debug_frame
  19              		.section	.text.PPingPongPort_pong,"ax",%progbits
  20              		.align	2
  21              		.global	PPingPongPort_pong
  22              		.thumb
  23              		.thumb_func
  25              	PPingPongPort_pong:
  26              	.LFB0:
  27              		.file 1 "C:/data/workspaces/github/de.protos.demos/src/HexagonCANDemo/etrice.HexagonCANDemo.demo/s
   1:C:/data/workspaces/github/de.protos.demos/src/HexagonCANDemo/etrice.HexagonCANDemo.demo/src-gen-st/HexagonCANDemo\PPingPong.c **** /**
   2:C:/data/workspaces/github/de.protos.demos/src/HexagonCANDemo/etrice.HexagonCANDemo.demo/src-gen-st/HexagonCANDemo\PPingPong.c ****  * @author generated by eTrice
   3:C:/data/workspaces/github/de.protos.demos/src/HexagonCANDemo/etrice.HexagonCANDemo.demo/src-gen-st/HexagonCANDemo\PPingPong.c ****  *
   4:C:/data/workspaces/github/de.protos.demos/src/HexagonCANDemo/etrice.HexagonCANDemo.demo/src-gen-st/HexagonCANDemo\PPingPong.c ****  * Source File of ProtocolClass PPingPong
   5:C:/data/workspaces/github/de.protos.demos/src/HexagonCANDemo/etrice.HexagonCANDemo.demo/src-gen-st/HexagonCANDemo\PPingPong.c ****  * 
   6:C:/data/workspaces/github/de.protos.demos/src/HexagonCANDemo/etrice.HexagonCANDemo.demo/src-gen-st/HexagonCANDemo\PPingPong.c ****  */
   7:C:/data/workspaces/github/de.protos.demos/src/HexagonCANDemo/etrice.HexagonCANDemo.demo/src-gen-st/HexagonCANDemo\PPingPong.c **** 
   8:C:/data/workspaces/github/de.protos.demos/src/HexagonCANDemo/etrice.HexagonCANDemo.demo/src-gen-st/HexagonCANDemo\PPingPong.c **** #include "PPingPong.h"
   9:C:/data/workspaces/github/de.protos.demos/src/HexagonCANDemo/etrice.HexagonCANDemo.demo/src-gen-st/HexagonCANDemo\PPingPong.c **** #include "debugging/etMSCLogger.h"
  10:C:/data/workspaces/github/de.protos.demos/src/HexagonCANDemo/etrice.HexagonCANDemo.demo/src-gen-st/HexagonCANDemo\PPingPong.c **** #include "PPingPong_Utils.h"
  11:C:/data/workspaces/github/de.protos.demos/src/HexagonCANDemo/etrice.HexagonCANDemo.demo/src-gen-st/HexagonCANDemo\PPingPong.c **** 
  12:C:/data/workspaces/github/de.protos.demos/src/HexagonCANDemo/etrice.HexagonCANDemo.demo/src-gen-st/HexagonCANDemo\PPingPong.c **** 
  13:C:/data/workspaces/github/de.protos.demos/src/HexagonCANDemo/etrice.HexagonCANDemo.demo/src-gen-st/HexagonCANDemo\PPingPong.c **** /*--------------------- port methods */
  14:C:/data/workspaces/github/de.protos.demos/src/HexagonCANDemo/etrice.HexagonCANDemo.demo/src-gen-st/HexagonCANDemo\PPingPong.c **** 
  15:C:/data/workspaces/github/de.protos.demos/src/HexagonCANDemo/etrice.HexagonCANDemo.demo/src-gen-st/HexagonCANDemo\PPingPong.c **** void PPingPongPort_pong(const PPingPongPort* self) {
  28              		.loc 1 15 0
  29              		.cfi_startproc
  30              		@ args = 0, pretend = 0, frame = 8
  31              		@ frame_needed = 1, uses_anonymous_args = 0
  32 0000 80B5     		push	{r7, lr}
  33              	.LCFI0:
  34              		.cfi_def_cfa_offset 8
  35              		.cfi_offset 7, -8
  36              		.cfi_offset 14, -4
  37 0002 82B0     		sub	sp, sp, #8
  38              	.LCFI1:
  39              		.cfi_def_cfa_offset 16
  40 0004 00AF     		add	r7, sp, #0
  41              	.LCFI2:
  42              		.cfi_def_cfa_register 7
  43 0006 7860     		str	r0, [r7, #4]
  16:C:/data/workspaces/github/de.protos.demos/src/HexagonCANDemo/etrice.HexagonCANDemo.demo/src-gen-st/HexagonCANDemo\PPingPong.c **** 	ET_MSC_LOGGER_SYNC_ENTRY("PPingPongPort", "pong")
  17:C:/data/workspaces/github/de.protos.demos/src/HexagonCANDemo/etrice.HexagonCANDemo.demo/src-gen-st/HexagonCANDemo\PPingPong.c **** 		etPort_sendMessage(self, PPingPong_OUT_pong, 0, NULL);
  44              		.loc 1 17 0
  45 0008 7868     		ldr	r0, [r7, #4]
  46 000a 4FF00101 		mov	r1, #1
  47 000e 4FF00002 		mov	r2, #0
  48 0012 4FF00003 		mov	r3, #0
  49 0016 FFF7FEFF 		bl	etPort_sendMessage
  18:C:/data/workspaces/github/de.protos.demos/src/HexagonCANDemo/etrice.HexagonCANDemo.demo/src-gen-st/HexagonCANDemo\PPingPong.c **** 	ET_MSC_LOGGER_SYNC_EXIT
  19:C:/data/workspaces/github/de.protos.demos/src/HexagonCANDemo/etrice.HexagonCANDemo.demo/src-gen-st/HexagonCANDemo\PPingPong.c **** }
  50              		.loc 1 19 0
  51 001a 07F10807 		add	r7, r7, #8
  52 001e BD46     		mov	sp, r7
  53 0020 80BD     		pop	{r7, pc}
  54              		.cfi_endproc
  55              	.LFE0:
  57 0022 00BF     		.section	.text.PPingPongReplPort_pong_broadcast,"ax",%progbits
  58              		.align	2
  59              		.global	PPingPongReplPort_pong_broadcast
  60              		.thumb
  61              		.thumb_func
  63              	PPingPongReplPort_pong_broadcast:
  64              	.LFB1:
  20:C:/data/workspaces/github/de.protos.demos/src/HexagonCANDemo/etrice.HexagonCANDemo.demo/src-gen-st/HexagonCANDemo\PPingPong.c **** 
  21:C:/data/workspaces/github/de.protos.demos/src/HexagonCANDemo/etrice.HexagonCANDemo.demo/src-gen-st/HexagonCANDemo\PPingPong.c **** void PPingPongReplPort_pong_broadcast(const PPingPongReplPort* self) {
  65              		.loc 1 21 0
  66              		.cfi_startproc
  67              		@ args = 0, pretend = 0, frame = 16
  68              		@ frame_needed = 1, uses_anonymous_args = 0
  69 0000 80B5     		push	{r7, lr}
  70              	.LCFI3:
  71              		.cfi_def_cfa_offset 8
  72              		.cfi_offset 7, -8
  73              		.cfi_offset 14, -4
  74 0002 84B0     		sub	sp, sp, #16
  75              	.LCFI4:
  76              		.cfi_def_cfa_offset 24
  77 0004 00AF     		add	r7, sp, #0
  78              	.LCFI5:
  79              		.cfi_def_cfa_register 7
  80 0006 7860     		str	r0, [r7, #4]
  22:C:/data/workspaces/github/de.protos.demos/src/HexagonCANDemo/etrice.HexagonCANDemo.demo/src-gen-st/HexagonCANDemo\PPingPong.c **** 	int i;
  23:C:/data/workspaces/github/de.protos.demos/src/HexagonCANDemo/etrice.HexagonCANDemo.demo/src-gen-st/HexagonCANDemo\PPingPong.c **** 	ET_MSC_LOGGER_SYNC_ENTRY("PPingPongReplPort", "pong")
  24:C:/data/workspaces/github/de.protos.demos/src/HexagonCANDemo/etrice.HexagonCANDemo.demo/src-gen-st/HexagonCANDemo\PPingPong.c **** 	for (i=0; i<((etReplPort*)self)->size; ++i) {
  81              		.loc 1 24 0
  82 0008 4FF00003 		mov	r3, #0
  83 000c FB60     		str	r3, [r7, #12]
  84 000e 12E0     		b	.L3
  85              	.L4:
  25:C:/data/workspaces/github/de.protos.demos/src/HexagonCANDemo/etrice.HexagonCANDemo.demo/src-gen-st/HexagonCANDemo\PPingPong.c **** 		etPort_sendMessage((&((etReplPort*)self)->ports[i].port), PPingPong_OUT_pong, 0, NULL);
  86              		.loc 1 25 0 discriminator 2
  87 0010 7B68     		ldr	r3, [r7, #4]
  88 0012 5A68     		ldr	r2, [r3, #4]
  89 0014 FB68     		ldr	r3, [r7, #12]
  90 0016 4FEA0313 		lsl	r3, r3, #4
  91 001a D318     		adds	r3, r2, r3
  92 001c 1846     		mov	r0, r3
  93 001e 4FF00101 		mov	r1, #1
  94 0022 4FF00002 		mov	r2, #0
  95 0026 4FF00003 		mov	r3, #0
  96 002a FFF7FEFF 		bl	etPort_sendMessage
  24:C:/data/workspaces/github/de.protos.demos/src/HexagonCANDemo/etrice.HexagonCANDemo.demo/src-gen-st/HexagonCANDemo\PPingPong.c **** 	for (i=0; i<((etReplPort*)self)->size; ++i) {
  97              		.loc 1 24 0 discriminator 2
  98 002e FB68     		ldr	r3, [r7, #12]
  99 0030 03F10103 		add	r3, r3, #1
 100 0034 FB60     		str	r3, [r7, #12]
 101              	.L3:
  24:C:/data/workspaces/github/de.protos.demos/src/HexagonCANDemo/etrice.HexagonCANDemo.demo/src-gen-st/HexagonCANDemo\PPingPong.c **** 	for (i=0; i<((etReplPort*)self)->size; ++i) {
 102              		.loc 1 24 0 is_stmt 0 discriminator 1
 103 0036 7B68     		ldr	r3, [r7, #4]
 104 0038 1B88     		ldrh	r3, [r3, #0]
 105 003a 1AB2     		sxth	r2, r3
 106 003c FB68     		ldr	r3, [r7, #12]
 107 003e 9A42     		cmp	r2, r3
 108 0040 E6DC     		bgt	.L4
  26:C:/data/workspaces/github/de.protos.demos/src/HexagonCANDemo/etrice.HexagonCANDemo.demo/src-gen-st/HexagonCANDemo\PPingPong.c **** 	}
  27:C:/data/workspaces/github/de.protos.demos/src/HexagonCANDemo/etrice.HexagonCANDemo.demo/src-gen-st/HexagonCANDemo\PPingPong.c **** 	ET_MSC_LOGGER_SYNC_EXIT
  28:C:/data/workspaces/github/de.protos.demos/src/HexagonCANDemo/etrice.HexagonCANDemo.demo/src-gen-st/HexagonCANDemo\PPingPong.c **** }
 109              		.loc 1 28 0 is_stmt 1
 110 0042 07F11007 		add	r7, r7, #16
 111 0046 BD46     		mov	sp, r7
 112 0048 80BD     		pop	{r7, pc}
 113              		.cfi_endproc
 114              	.LFE1:
 116 004a 00BF     		.section	.text.PPingPongReplPort_pong,"ax",%progbits
 117              		.align	2
 118              		.global	PPingPongReplPort_pong
 119              		.thumb
 120              		.thumb_func
 122              	PPingPongReplPort_pong:
 123              	.LFB2:
  29:C:/data/workspaces/github/de.protos.demos/src/HexagonCANDemo/etrice.HexagonCANDemo.demo/src-gen-st/HexagonCANDemo\PPingPong.c **** 
  30:C:/data/workspaces/github/de.protos.demos/src/HexagonCANDemo/etrice.HexagonCANDemo.demo/src-gen-st/HexagonCANDemo\PPingPong.c **** void PPingPongReplPort_pong(const PPingPongReplPort* self, int idx__et) {
 124              		.loc 1 30 0
 125              		.cfi_startproc
 126              		@ args = 0, pretend = 0, frame = 8
 127              		@ frame_needed = 1, uses_anonymous_args = 0
 128 0000 80B5     		push	{r7, lr}
 129              	.LCFI6:
 130              		.cfi_def_cfa_offset 8
 131              		.cfi_offset 7, -8
 132              		.cfi_offset 14, -4
 133 0002 82B0     		sub	sp, sp, #8
 134              	.LCFI7:
 135              		.cfi_def_cfa_offset 16
 136 0004 00AF     		add	r7, sp, #0
 137              	.LCFI8:
 138              		.cfi_def_cfa_register 7
 139 0006 7860     		str	r0, [r7, #4]
 140 0008 3960     		str	r1, [r7, #0]
  31:C:/data/workspaces/github/de.protos.demos/src/HexagonCANDemo/etrice.HexagonCANDemo.demo/src-gen-st/HexagonCANDemo\PPingPong.c **** 	ET_MSC_LOGGER_SYNC_ENTRY("PPingPongReplPort", "pong")
  32:C:/data/workspaces/github/de.protos.demos/src/HexagonCANDemo/etrice.HexagonCANDemo.demo/src-gen-st/HexagonCANDemo\PPingPong.c **** 	if (0<=idx__et && idx__et<((etReplPort*)self)->size) {
 141              		.loc 1 32 0
 142 000a 3B68     		ldr	r3, [r7, #0]
 143 000c 002B     		cmp	r3, #0
 144 000e 14DB     		blt	.L5
 145              		.loc 1 32 0 is_stmt 0 discriminator 1
 146 0010 7B68     		ldr	r3, [r7, #4]
 147 0012 1B88     		ldrh	r3, [r3, #0]
 148 0014 1AB2     		sxth	r2, r3
 149 0016 3B68     		ldr	r3, [r7, #0]
 150 0018 9A42     		cmp	r2, r3
 151 001a 0EDD     		ble	.L5
  33:C:/data/workspaces/github/de.protos.demos/src/HexagonCANDemo/etrice.HexagonCANDemo.demo/src-gen-st/HexagonCANDemo\PPingPong.c **** 		etPort_sendMessage((&((etReplPort*)self)->ports[idx__et].port), PPingPong_OUT_pong, 0, NULL);
 152              		.loc 1 33 0 is_stmt 1
 153 001c 7B68     		ldr	r3, [r7, #4]
 154 001e 5A68     		ldr	r2, [r3, #4]
 155 0020 3B68     		ldr	r3, [r7, #0]
 156 0022 4FEA0313 		lsl	r3, r3, #4
 157 0026 D318     		adds	r3, r2, r3
 158 0028 1846     		mov	r0, r3
 159 002a 4FF00101 		mov	r1, #1
 160 002e 4FF00002 		mov	r2, #0
 161 0032 4FF00003 		mov	r3, #0
 162 0036 FFF7FEFF 		bl	etPort_sendMessage
 163              	.L5:
  34:C:/data/workspaces/github/de.protos.demos/src/HexagonCANDemo/etrice.HexagonCANDemo.demo/src-gen-st/HexagonCANDemo\PPingPong.c **** 	}
  35:C:/data/workspaces/github/de.protos.demos/src/HexagonCANDemo/etrice.HexagonCANDemo.demo/src-gen-st/HexagonCANDemo\PPingPong.c **** 	ET_MSC_LOGGER_SYNC_EXIT
  36:C:/data/workspaces/github/de.protos.demos/src/HexagonCANDemo/etrice.HexagonCANDemo.demo/src-gen-st/HexagonCANDemo\PPingPong.c **** }
 164              		.loc 1 36 0
 165 003a 07F10807 		add	r7, r7, #8
 166 003e BD46     		mov	sp, r7
 167 0040 80BD     		pop	{r7, pc}
 168              		.cfi_endproc
 169              	.LFE2:
 171 0042 00BF     		.section	.text.PPingPongReplPort_getReplication,"ax",%progbits
 172              		.align	2
 173              		.global	PPingPongReplPort_getReplication
 174              		.thumb
 175              		.thumb_func
 177              	PPingPongReplPort_getReplication:
 178              	.LFB3:
  37:C:/data/workspaces/github/de.protos.demos/src/HexagonCANDemo/etrice.HexagonCANDemo.demo/src-gen-st/HexagonCANDemo\PPingPong.c **** 
  38:C:/data/workspaces/github/de.protos.demos/src/HexagonCANDemo/etrice.HexagonCANDemo.demo/src-gen-st/HexagonCANDemo\PPingPong.c **** etInt32 PPingPongReplPort_getReplication(const PPingPongReplPort* self) {
 179              		.loc 1 38 0
 180              		.cfi_startproc
 181              		@ args = 0, pretend = 0, frame = 8
 182              		@ frame_needed = 1, uses_anonymous_args = 0
 183              		@ link register save eliminated.
 184 0000 80B4     		push	{r7}
 185              	.LCFI9:
 186              		.cfi_def_cfa_offset 4
 187              		.cfi_offset 7, -4
 188 0002 83B0     		sub	sp, sp, #12
 189              	.LCFI10:
 190              		.cfi_def_cfa_offset 16
 191 0004 00AF     		add	r7, sp, #0
 192              	.LCFI11:
 193              		.cfi_def_cfa_register 7
 194 0006 7860     		str	r0, [r7, #4]
  39:C:/data/workspaces/github/de.protos.demos/src/HexagonCANDemo/etrice.HexagonCANDemo.demo/src-gen-st/HexagonCANDemo\PPingPong.c **** 	return ((etReplPort*)self)->size;
 195              		.loc 1 39 0
 196 0008 7B68     		ldr	r3, [r7, #4]
 197 000a 1B88     		ldrh	r3, [r3, #0]
 198 000c 1BB2     		sxth	r3, r3
  40:C:/data/workspaces/github/de.protos.demos/src/HexagonCANDemo/etrice.HexagonCANDemo.demo/src-gen-st/HexagonCANDemo\PPingPong.c **** }
 199              		.loc 1 40 0
 200 000e 1846     		mov	r0, r3
 201 0010 07F10C07 		add	r7, r7, #12
 202 0014 BD46     		mov	sp, r7
 203 0016 80BC     		pop	{r7}
 204 0018 7047     		bx	lr
 205              		.cfi_endproc
 206              	.LFE3:
 208 001a 00BF     		.section	.text.PPingPongConjPort_ping,"ax",%progbits
 209              		.align	2
 210              		.global	PPingPongConjPort_ping
 211              		.thumb
 212              		.thumb_func
 214              	PPingPongConjPort_ping:
 215              	.LFB4:
  41:C:/data/workspaces/github/de.protos.demos/src/HexagonCANDemo/etrice.HexagonCANDemo.demo/src-gen-st/HexagonCANDemo\PPingPong.c **** 
  42:C:/data/workspaces/github/de.protos.demos/src/HexagonCANDemo/etrice.HexagonCANDemo.demo/src-gen-st/HexagonCANDemo\PPingPong.c **** 
  43:C:/data/workspaces/github/de.protos.demos/src/HexagonCANDemo/etrice.HexagonCANDemo.demo/src-gen-st/HexagonCANDemo\PPingPong.c **** 
  44:C:/data/workspaces/github/de.protos.demos/src/HexagonCANDemo/etrice.HexagonCANDemo.demo/src-gen-st/HexagonCANDemo\PPingPong.c **** void PPingPongConjPort_ping(const PPingPongConjPort* self) {
 216              		.loc 1 44 0
 217              		.cfi_startproc
 218              		@ args = 0, pretend = 0, frame = 8
 219              		@ frame_needed = 1, uses_anonymous_args = 0
 220 0000 80B5     		push	{r7, lr}
 221              	.LCFI12:
 222              		.cfi_def_cfa_offset 8
 223              		.cfi_offset 7, -8
 224              		.cfi_offset 14, -4
 225 0002 82B0     		sub	sp, sp, #8
 226              	.LCFI13:
 227              		.cfi_def_cfa_offset 16
 228 0004 00AF     		add	r7, sp, #0
 229              	.LCFI14:
 230              		.cfi_def_cfa_register 7
 231 0006 7860     		str	r0, [r7, #4]
  45:C:/data/workspaces/github/de.protos.demos/src/HexagonCANDemo/etrice.HexagonCANDemo.demo/src-gen-st/HexagonCANDemo\PPingPong.c **** 	ET_MSC_LOGGER_SYNC_ENTRY("PPingPongConjPort", "ping")
  46:C:/data/workspaces/github/de.protos.demos/src/HexagonCANDemo/etrice.HexagonCANDemo.demo/src-gen-st/HexagonCANDemo\PPingPong.c **** 		etPort_sendMessage(self, PPingPong_IN_ping, 0, NULL);
 232              		.loc 1 46 0
 233 0008 7868     		ldr	r0, [r7, #4]
 234 000a 4FF00201 		mov	r1, #2
 235 000e 4FF00002 		mov	r2, #0
 236 0012 4FF00003 		mov	r3, #0
 237 0016 FFF7FEFF 		bl	etPort_sendMessage
  47:C:/data/workspaces/github/de.protos.demos/src/HexagonCANDemo/etrice.HexagonCANDemo.demo/src-gen-st/HexagonCANDemo\PPingPong.c **** 	ET_MSC_LOGGER_SYNC_EXIT
  48:C:/data/workspaces/github/de.protos.demos/src/HexagonCANDemo/etrice.HexagonCANDemo.demo/src-gen-st/HexagonCANDemo\PPingPong.c **** }
 238              		.loc 1 48 0
 239 001a 07F10807 		add	r7, r7, #8
 240 001e BD46     		mov	sp, r7
 241 0020 80BD     		pop	{r7, pc}
 242              		.cfi_endproc
 243              	.LFE4:
 245 0022 00BF     		.section	.text.PPingPongConjReplPort_ping_broadcast,"ax",%progbits
 246              		.align	2
 247              		.global	PPingPongConjReplPort_ping_broadcast
 248              		.thumb
 249              		.thumb_func
 251              	PPingPongConjReplPort_ping_broadcast:
 252              	.LFB5:
  49:C:/data/workspaces/github/de.protos.demos/src/HexagonCANDemo/etrice.HexagonCANDemo.demo/src-gen-st/HexagonCANDemo\PPingPong.c **** 
  50:C:/data/workspaces/github/de.protos.demos/src/HexagonCANDemo/etrice.HexagonCANDemo.demo/src-gen-st/HexagonCANDemo\PPingPong.c **** void PPingPongConjReplPort_ping_broadcast(const PPingPongConjReplPort* self) {
 253              		.loc 1 50 0
 254              		.cfi_startproc
 255              		@ args = 0, pretend = 0, frame = 16
 256              		@ frame_needed = 1, uses_anonymous_args = 0
 257 0000 80B5     		push	{r7, lr}
 258              	.LCFI15:
 259              		.cfi_def_cfa_offset 8
 260              		.cfi_offset 7, -8
 261              		.cfi_offset 14, -4
 262 0002 84B0     		sub	sp, sp, #16
 263              	.LCFI16:
 264              		.cfi_def_cfa_offset 24
 265 0004 00AF     		add	r7, sp, #0
 266              	.LCFI17:
 267              		.cfi_def_cfa_register 7
 268 0006 7860     		str	r0, [r7, #4]
  51:C:/data/workspaces/github/de.protos.demos/src/HexagonCANDemo/etrice.HexagonCANDemo.demo/src-gen-st/HexagonCANDemo\PPingPong.c **** 	int i;
  52:C:/data/workspaces/github/de.protos.demos/src/HexagonCANDemo/etrice.HexagonCANDemo.demo/src-gen-st/HexagonCANDemo\PPingPong.c **** 	ET_MSC_LOGGER_SYNC_ENTRY("PPingPongConjReplPort", "ping")
  53:C:/data/workspaces/github/de.protos.demos/src/HexagonCANDemo/etrice.HexagonCANDemo.demo/src-gen-st/HexagonCANDemo\PPingPong.c **** 	for (i=0; i<((etReplPort*)self)->size; ++i) {
 269              		.loc 1 53 0
 270 0008 4FF00003 		mov	r3, #0
 271 000c FB60     		str	r3, [r7, #12]
 272 000e 12E0     		b	.L11
 273              	.L12:
  54:C:/data/workspaces/github/de.protos.demos/src/HexagonCANDemo/etrice.HexagonCANDemo.demo/src-gen-st/HexagonCANDemo\PPingPong.c **** 		etPort_sendMessage((&((etReplPort*)self)->ports[i].port), PPingPong_IN_ping, 0, NULL);
 274              		.loc 1 54 0 discriminator 2
 275 0010 7B68     		ldr	r3, [r7, #4]
 276 0012 5A68     		ldr	r2, [r3, #4]
 277 0014 FB68     		ldr	r3, [r7, #12]
 278 0016 4FEA0313 		lsl	r3, r3, #4
 279 001a D318     		adds	r3, r2, r3
 280 001c 1846     		mov	r0, r3
 281 001e 4FF00201 		mov	r1, #2
 282 0022 4FF00002 		mov	r2, #0
 283 0026 4FF00003 		mov	r3, #0
 284 002a FFF7FEFF 		bl	etPort_sendMessage
  53:C:/data/workspaces/github/de.protos.demos/src/HexagonCANDemo/etrice.HexagonCANDemo.demo/src-gen-st/HexagonCANDemo\PPingPong.c **** 	for (i=0; i<((etReplPort*)self)->size; ++i) {
 285              		.loc 1 53 0 discriminator 2
 286 002e FB68     		ldr	r3, [r7, #12]
 287 0030 03F10103 		add	r3, r3, #1
 288 0034 FB60     		str	r3, [r7, #12]
 289              	.L11:
  53:C:/data/workspaces/github/de.protos.demos/src/HexagonCANDemo/etrice.HexagonCANDemo.demo/src-gen-st/HexagonCANDemo\PPingPong.c **** 	for (i=0; i<((etReplPort*)self)->size; ++i) {
 290              		.loc 1 53 0 is_stmt 0 discriminator 1
 291 0036 7B68     		ldr	r3, [r7, #4]
 292 0038 1B88     		ldrh	r3, [r3, #0]
 293 003a 1AB2     		sxth	r2, r3
 294 003c FB68     		ldr	r3, [r7, #12]
 295 003e 9A42     		cmp	r2, r3
 296 0040 E6DC     		bgt	.L12
  55:C:/data/workspaces/github/de.protos.demos/src/HexagonCANDemo/etrice.HexagonCANDemo.demo/src-gen-st/HexagonCANDemo\PPingPong.c **** 	}
  56:C:/data/workspaces/github/de.protos.demos/src/HexagonCANDemo/etrice.HexagonCANDemo.demo/src-gen-st/HexagonCANDemo\PPingPong.c **** 	ET_MSC_LOGGER_SYNC_EXIT
  57:C:/data/workspaces/github/de.protos.demos/src/HexagonCANDemo/etrice.HexagonCANDemo.demo/src-gen-st/HexagonCANDemo\PPingPong.c **** }
 297              		.loc 1 57 0 is_stmt 1
 298 0042 07F11007 		add	r7, r7, #16
 299 0046 BD46     		mov	sp, r7
 300 0048 80BD     		pop	{r7, pc}
 301              		.cfi_endproc
 302              	.LFE5:
 304 004a 00BF     		.section	.text.PPingPongConjReplPort_ping,"ax",%progbits
 305              		.align	2
 306              		.global	PPingPongConjReplPort_ping
 307              		.thumb
 308              		.thumb_func
 310              	PPingPongConjReplPort_ping:
 311              	.LFB6:
  58:C:/data/workspaces/github/de.protos.demos/src/HexagonCANDemo/etrice.HexagonCANDemo.demo/src-gen-st/HexagonCANDemo\PPingPong.c **** 
  59:C:/data/workspaces/github/de.protos.demos/src/HexagonCANDemo/etrice.HexagonCANDemo.demo/src-gen-st/HexagonCANDemo\PPingPong.c **** void PPingPongConjReplPort_ping(const PPingPongConjReplPort* self, int idx__et) {
 312              		.loc 1 59 0
 313              		.cfi_startproc
 314              		@ args = 0, pretend = 0, frame = 8
 315              		@ frame_needed = 1, uses_anonymous_args = 0
 316 0000 80B5     		push	{r7, lr}
 317              	.LCFI18:
 318              		.cfi_def_cfa_offset 8
 319              		.cfi_offset 7, -8
 320              		.cfi_offset 14, -4
 321 0002 82B0     		sub	sp, sp, #8
 322              	.LCFI19:
 323              		.cfi_def_cfa_offset 16
 324 0004 00AF     		add	r7, sp, #0
 325              	.LCFI20:
 326              		.cfi_def_cfa_register 7
 327 0006 7860     		str	r0, [r7, #4]
 328 0008 3960     		str	r1, [r7, #0]
  60:C:/data/workspaces/github/de.protos.demos/src/HexagonCANDemo/etrice.HexagonCANDemo.demo/src-gen-st/HexagonCANDemo\PPingPong.c **** 	ET_MSC_LOGGER_SYNC_ENTRY("PPingPongConjReplPort", "ping")
  61:C:/data/workspaces/github/de.protos.demos/src/HexagonCANDemo/etrice.HexagonCANDemo.demo/src-gen-st/HexagonCANDemo\PPingPong.c **** 	if (0<=idx__et && idx__et<((etReplPort*)self)->size) {
 329              		.loc 1 61 0
 330 000a 3B68     		ldr	r3, [r7, #0]
 331 000c 002B     		cmp	r3, #0
 332 000e 14DB     		blt	.L13
 333              		.loc 1 61 0 is_stmt 0 discriminator 1
 334 0010 7B68     		ldr	r3, [r7, #4]
 335 0012 1B88     		ldrh	r3, [r3, #0]
 336 0014 1AB2     		sxth	r2, r3
 337 0016 3B68     		ldr	r3, [r7, #0]
 338 0018 9A42     		cmp	r2, r3
 339 001a 0EDD     		ble	.L13
  62:C:/data/workspaces/github/de.protos.demos/src/HexagonCANDemo/etrice.HexagonCANDemo.demo/src-gen-st/HexagonCANDemo\PPingPong.c **** 		etPort_sendMessage((&((etReplPort*)self)->ports[idx__et].port), PPingPong_IN_ping, 0, NULL);
 340              		.loc 1 62 0 is_stmt 1
 341 001c 7B68     		ldr	r3, [r7, #4]
 342 001e 5A68     		ldr	r2, [r3, #4]
 343 0020 3B68     		ldr	r3, [r7, #0]
 344 0022 4FEA0313 		lsl	r3, r3, #4
 345 0026 D318     		adds	r3, r2, r3
 346 0028 1846     		mov	r0, r3
 347 002a 4FF00201 		mov	r1, #2
 348 002e 4FF00002 		mov	r2, #0
 349 0032 4FF00003 		mov	r3, #0
 350 0036 FFF7FEFF 		bl	etPort_sendMessage
 351              	.L13:
  63:C:/data/workspaces/github/de.protos.demos/src/HexagonCANDemo/etrice.HexagonCANDemo.demo/src-gen-st/HexagonCANDemo\PPingPong.c **** 	}
  64:C:/data/workspaces/github/de.protos.demos/src/HexagonCANDemo/etrice.HexagonCANDemo.demo/src-gen-st/HexagonCANDemo\PPingPong.c **** 	ET_MSC_LOGGER_SYNC_EXIT
  65:C:/data/workspaces/github/de.protos.demos/src/HexagonCANDemo/etrice.HexagonCANDemo.demo/src-gen-st/HexagonCANDemo\PPingPong.c **** }
 352              		.loc 1 65 0
 353 003a 07F10807 		add	r7, r7, #8
 354 003e BD46     		mov	sp, r7
 355 0040 80BD     		pop	{r7, pc}
 356              		.cfi_endproc
 357              	.LFE6:
 359 0042 00BF     		.section	.text.PPingPongConjReplPort_getReplication,"ax",%progbits
 360              		.align	2
 361              		.global	PPingPongConjReplPort_getReplication
 362              		.thumb
 363              		.thumb_func
 365              	PPingPongConjReplPort_getReplication:
 366              	.LFB7:
  66:C:/data/workspaces/github/de.protos.demos/src/HexagonCANDemo/etrice.HexagonCANDemo.demo/src-gen-st/HexagonCANDemo\PPingPong.c **** 
  67:C:/data/workspaces/github/de.protos.demos/src/HexagonCANDemo/etrice.HexagonCANDemo.demo/src-gen-st/HexagonCANDemo\PPingPong.c **** etInt32 PPingPongConjReplPort_getReplication(const PPingPongConjReplPort* self) {
 367              		.loc 1 67 0
 368              		.cfi_startproc
 369              		@ args = 0, pretend = 0, frame = 8
 370              		@ frame_needed = 1, uses_anonymous_args = 0
 371              		@ link register save eliminated.
 372 0000 80B4     		push	{r7}
 373              	.LCFI21:
 374              		.cfi_def_cfa_offset 4
 375              		.cfi_offset 7, -4
 376 0002 83B0     		sub	sp, sp, #12
 377              	.LCFI22:
 378              		.cfi_def_cfa_offset 16
 379 0004 00AF     		add	r7, sp, #0
 380              	.LCFI23:
 381              		.cfi_def_cfa_register 7
 382 0006 7860     		str	r0, [r7, #4]
  68:C:/data/workspaces/github/de.protos.demos/src/HexagonCANDemo/etrice.HexagonCANDemo.demo/src-gen-st/HexagonCANDemo\PPingPong.c **** 	return ((etReplPort*)self)->size;
 383              		.loc 1 68 0
 384 0008 7B68     		ldr	r3, [r7, #4]
 385 000a 1B88     		ldrh	r3, [r3, #0]
 386 000c 1BB2     		sxth	r3, r3
  69:C:/data/workspaces/github/de.protos.demos/src/HexagonCANDemo/etrice.HexagonCANDemo.demo/src-gen-st/HexagonCANDemo\PPingPong.c **** }
 387              		.loc 1 69 0
 388 000e 1846     		mov	r0, r3
 389 0010 07F10C07 		add	r7, r7, #12
 390 0014 BD46     		mov	sp, r7
 391 0016 80BC     		pop	{r7}
 392 0018 7047     		bx	lr
 393              		.cfi_endproc
 394              	.LFE7:
 396 001a 00BF     		.text
 397              	.Letext0:
 398              		.file 2 "C:\\data\\workspaces\\github\\de.protos.demos\\src\\HexagonCANDemo\\etrice.runtime.c\\etR
 399              		.file 3 "C:\\data\\workspaces\\github\\de.protos.demos\\src\\HexagonCANDemo\\etrice.runtime.c\\etR
 400              		.file 4 "C:\\data\\workspaces\\github\\de.protos.demos\\src\\HexagonCANDemo\\etrice.runtime.c\\etR
 401              		.file 5 "C:\\data\\workspaces\\github\\de.protos.demos\\src\\HexagonCANDemo\\etrice.runtime.c\\etR
 402              		.file 6 "C:\\data\\workspaces\\github\\de.protos.demos\\src\\HexagonCANDemo\\etrice.runtime.c\\etR
 403              		.file 7 "C:\\data\\workspaces\\github\\de.protos.demos\\src\\HexagonCANDemo\\etrice.runtime.c\\etR
 404              		.file 8 "C:\\data\\workspaces\\github\\de.protos.demos\\src\\HexagonCANDemo\\etrice.runtime.c\\etR
 405              		.file 9 "C:\\data\\workspaces\\github\\de.protos.demos\\src\\HexagonCANDemo\\etrice.runtime.c\\etR
 406              		.file 10 "C:\\data\\workspaces\\github\\de.protos.demos\\src\\HexagonCANDemo\\etrice.runtime.c\\et
 407              		.file 11 "C:\\data\\workspaces\\github\\de.protos.demos\\src\\HexagonCANDemo\\etrice.runtime.c\\et
 408              		.file 12 "C:\\data\\workspaces\\github\\de.protos.demos\\src\\HexagonCANDemo\\etrice.runtime.c\\et
 409              		.file 13 "C:/data/workspaces/github/de.protos.demos/src/HexagonCANDemo/etrice.HexagonCANDemo.demo/
DEFINED SYMBOLS
                            *ABS*:00000000 PPingPong.c
C:\Users\TJung\AppData\Local\Temp\ccjypydh.s:20     .text.PPingPongPort_pong:00000000 $t
C:\Users\TJung\AppData\Local\Temp\ccjypydh.s:25     .text.PPingPongPort_pong:00000000 PPingPongPort_pong
C:\Users\TJung\AppData\Local\Temp\ccjypydh.s:58     .text.PPingPongReplPort_pong_broadcast:00000000 $t
C:\Users\TJung\AppData\Local\Temp\ccjypydh.s:63     .text.PPingPongReplPort_pong_broadcast:00000000 PPingPongReplPort_pong_broadcast
C:\Users\TJung\AppData\Local\Temp\ccjypydh.s:117    .text.PPingPongReplPort_pong:00000000 $t
C:\Users\TJung\AppData\Local\Temp\ccjypydh.s:122    .text.PPingPongReplPort_pong:00000000 PPingPongReplPort_pong
C:\Users\TJung\AppData\Local\Temp\ccjypydh.s:172    .text.PPingPongReplPort_getReplication:00000000 $t
C:\Users\TJung\AppData\Local\Temp\ccjypydh.s:177    .text.PPingPongReplPort_getReplication:00000000 PPingPongReplPort_getReplication
C:\Users\TJung\AppData\Local\Temp\ccjypydh.s:209    .text.PPingPongConjPort_ping:00000000 $t
C:\Users\TJung\AppData\Local\Temp\ccjypydh.s:214    .text.PPingPongConjPort_ping:00000000 PPingPongConjPort_ping
C:\Users\TJung\AppData\Local\Temp\ccjypydh.s:246    .text.PPingPongConjReplPort_ping_broadcast:00000000 $t
C:\Users\TJung\AppData\Local\Temp\ccjypydh.s:251    .text.PPingPongConjReplPort_ping_broadcast:00000000 PPingPongConjReplPort_ping_broadcast
C:\Users\TJung\AppData\Local\Temp\ccjypydh.s:305    .text.PPingPongConjReplPort_ping:00000000 $t
C:\Users\TJung\AppData\Local\Temp\ccjypydh.s:310    .text.PPingPongConjReplPort_ping:00000000 PPingPongConjReplPort_ping
C:\Users\TJung\AppData\Local\Temp\ccjypydh.s:360    .text.PPingPongConjReplPort_getReplication:00000000 $t
C:\Users\TJung\AppData\Local\Temp\ccjypydh.s:365    .text.PPingPongConjReplPort_getReplication:00000000 PPingPongConjReplPort_getReplication
                     .debug_frame:00000010 $d
                           .group:00000000 wm4.1.59b7826cf76cfe2eff811cea0f220ee8
                           .group:00000000 wm4.newlib.h.8.a9901dc52d1357e3e94003403d43f8b5
                           .group:00000000 wm4.features.h.22.b72b3baab2bb2eab3661375590100b6b
                           .group:00000000 wm4.config.h.193.5fb8ef056cdff92dec3dee9552839d8c
                           .group:00000000 wm4._ansi.h.23.7aefdac4826acebbfc9f3822a0aeb14c
                           .group:00000000 wm4.stdio.h.31.f48311dde756a2aec27351b58a280fb9
                           .group:00000000 wm4.stddef.h.187.9e651b6b8b16e149c1353259404973ea
                           .group:00000000 wm4.stdarg.h.34.3a23a216c0c293b3d2ea2e89281481e6
                           .group:00000000 wm4._default_types.h.6.5e12cd604db8ce00b62bb2f02708eaf3
                           .group:00000000 wm4.lock.h.2.9bc98482741e5e2a9450b12934a684ea
                           .group:00000000 wm4.stddef.h.349.31f4c5baff3fa2689010b32028da9c47
                           .group:00000000 wm4.reent.h.16.9e42f0e588b85e70b2bf6572af57ce64
                           .group:00000000 wm4.types.h.23.0d949686bbcadd1621462d4fa1f884f9
                           .group:00000000 wm4.stddef.h.40.cf962ebbec441b3ac67502735f0765db
                           .group:00000000 wm4.types.h.2.e9cec8c90ab35f77d9f499e06ae02400
                           .group:00000000 wm4.types.h.80.1f2c84c0d57dd52dd9936095d9ac218e
                           .group:00000000 wm4.stdio.h.2.4aa87247282eca6c8f36f9de33d8df1a
                           .group:00000000 wm4.stdio.h.63.dfdea6580b080784d08faace69b6ed76
                           .group:00000000 wm4.etDatatypes.h.46.d01c3a9ad02b6611beb80ccd6973b180
                           .group:00000000 wm4.etMessageService.h.35.d59d0242cc2158bcaed8acc00ffa8450
                           .group:00000000 wm4.etRuntimeConfig.h.22.f3896c5e01c5c01380e7f5e574077970
                           .group:00000000 wm4.etMSCLogger.h.23.8776f0b4cca7a780673ce7e90ee97990

UNDEFINED SYMBOLS
etPort_sendMessage
