   1              		.syntax unified
   2              		.cpu cortex-m4
   3              		.eabi_attribute 27, 3
   4              		.fpu fpv4-sp-d16
   5              		.eabi_attribute 20, 1
   6              		.eabi_attribute 21, 1
   7              		.eabi_attribute 23, 3
   8              		.eabi_attribute 24, 1
   9              		.eabi_attribute 25, 1
  10              		.eabi_attribute 26, 1
  11              		.eabi_attribute 30, 6
  12              		.eabi_attribute 34, 1
  13              		.eabi_attribute 18, 4
  14              		.thumb
  15              		.file	"etActor.c"
  16              		.text
  17              	.Ltext0:
  18              		.cfi_sections	.debug_frame
  19              		.section	.text.handleSystemEvent,"ax",%progbits
  20              		.align	2
  21              		.global	handleSystemEvent
  22              		.thumb
  23              		.thumb_func
  25              	handleSystemEvent:
  26              	.LFB0:
  27              		.file 1 "../etRuntime/src/common/modelbase/etActor.c"
   1:../etRuntime/src/common/modelbase/etActor.c **** /*******************************************************************************
   2:../etRuntime/src/common/modelbase/etActor.c ****  * Copyright (c) 2012 protos software gmbh (http://www.protos.de).
   3:../etRuntime/src/common/modelbase/etActor.c ****  * All rights reserved. This program and the accompanying materials
   4:../etRuntime/src/common/modelbase/etActor.c ****  * are made available under the terms of the Eclipse Public License v1.0
   5:../etRuntime/src/common/modelbase/etActor.c ****  * which accompanies this distribution, and is available at
   6:../etRuntime/src/common/modelbase/etActor.c ****  * http://www.eclipse.org/legal/epl-v10.html
   7:../etRuntime/src/common/modelbase/etActor.c ****  *
   8:../etRuntime/src/common/modelbase/etActor.c ****  * CONTRIBUTORS:
   9:../etRuntime/src/common/modelbase/etActor.c ****  * 		Henrik Rentz-Reichert (initial contribution)
  10:../etRuntime/src/common/modelbase/etActor.c ****  *
  11:../etRuntime/src/common/modelbase/etActor.c ****  *******************************************************************************/
  12:../etRuntime/src/common/modelbase/etActor.c **** 
  13:../etRuntime/src/common/modelbase/etActor.c **** #include "modelbase/etActor.h"
  14:../etRuntime/src/common/modelbase/etActor.c **** 
  15:../etRuntime/src/common/modelbase/etActor.c **** etBool handleSystemEvent(InterfaceItemBase* ifitem, int evt, void* generic_data) {
  28              		.loc 1 15 0
  29              		.cfi_startproc
  30              		@ args = 0, pretend = 0, frame = 16
  31              		@ frame_needed = 1, uses_anonymous_args = 0
  32              		@ link register save eliminated.
  33 0000 80B4     		push	{r7}
  34              	.LCFI0:
  35              		.cfi_def_cfa_offset 4
  36              		.cfi_offset 7, -4
  37 0002 85B0     		sub	sp, sp, #20
  38              	.LCFI1:
  39              		.cfi_def_cfa_offset 24
  40 0004 00AF     		add	r7, sp, #0
  41              	.LCFI2:
  42              		.cfi_def_cfa_register 7
  43 0006 F860     		str	r0, [r7, #12]
  44 0008 B960     		str	r1, [r7, #8]
  45 000a 7A60     		str	r2, [r7, #4]
  16:../etRuntime/src/common/modelbase/etActor.c **** 	/* TODO */
  17:../etRuntime/src/common/modelbase/etActor.c **** 	return ET_FALSE;
  46              		.loc 1 17 0
  47 000c 4FF00003 		mov	r3, #0
  18:../etRuntime/src/common/modelbase/etActor.c **** }
  48              		.loc 1 18 0
  49 0010 1846     		mov	r0, r3
  50 0012 07F11407 		add	r7, r7, #20
  51 0016 BD46     		mov	sp, r7
  52 0018 80BC     		pop	{r7}
  53 001a 7047     		bx	lr
  54              		.cfi_endproc
  55              	.LFE0:
  57              		.text
  58              	.Letext0:
  59              		.file 2 "C:\\data\\workspaces\\github\\de.protos.demos\\src\\HexagonCANDemo\\etrice.runtime.c\\etR
  60              		.file 3 "C:\\data\\workspaces\\github\\de.protos.demos\\src\\HexagonCANDemo\\etrice.runtime.c\\etR
  61              		.file 4 "C:\\data\\workspaces\\github\\de.protos.demos\\src\\HexagonCANDemo\\etrice.runtime.c\\etR
  62              		.file 5 "C:\\data\\workspaces\\github\\de.protos.demos\\src\\HexagonCANDemo\\etrice.runtime.c\\etR
  63              		.file 6 "C:\\data\\workspaces\\github\\de.protos.demos\\src\\HexagonCANDemo\\etrice.runtime.c\\etR
  64              		.file 7 "C:\\data\\workspaces\\github\\de.protos.demos\\src\\HexagonCANDemo\\etrice.runtime.c\\etR
  65              		.file 8 "C:\\data\\workspaces\\github\\de.protos.demos\\src\\HexagonCANDemo\\etrice.runtime.c\\etR
  66              		.file 9 "C:\\data\\workspaces\\github\\de.protos.demos\\src\\HexagonCANDemo\\etrice.runtime.c\\etR
  67              		.file 10 "C:\\data\\workspaces\\github\\de.protos.demos\\src\\HexagonCANDemo\\etrice.runtime.c\\et
  68              		.file 11 "C:\\data\\workspaces\\github\\de.protos.demos\\src\\HexagonCANDemo\\etrice.runtime.c\\et
  69              		.file 12 "C:\\data\\workspaces\\github\\de.protos.demos\\src\\HexagonCANDemo\\etrice.runtime.c\\et
DEFINED SYMBOLS
                            *ABS*:00000000 etActor.c
C:\Users\TJung\AppData\Local\Temp\cc9IqXNK.s:20     .text.handleSystemEvent:00000000 $t
C:\Users\TJung\AppData\Local\Temp\cc9IqXNK.s:25     .text.handleSystemEvent:00000000 handleSystemEvent
                     .debug_frame:00000010 $d
                           .group:00000000 wm4.1.3ebb63153f4be34d5fff8ba99e32b1ac
                           .group:00000000 wm4.newlib.h.8.a9901dc52d1357e3e94003403d43f8b5
                           .group:00000000 wm4.features.h.22.b72b3baab2bb2eab3661375590100b6b
                           .group:00000000 wm4.config.h.193.5fb8ef056cdff92dec3dee9552839d8c
                           .group:00000000 wm4._ansi.h.23.7aefdac4826acebbfc9f3822a0aeb14c
                           .group:00000000 wm4.stdio.h.31.f48311dde756a2aec27351b58a280fb9
                           .group:00000000 wm4.stddef.h.187.9e651b6b8b16e149c1353259404973ea
                           .group:00000000 wm4.stdarg.h.34.3a23a216c0c293b3d2ea2e89281481e6
                           .group:00000000 wm4._default_types.h.6.5e12cd604db8ce00b62bb2f02708eaf3
                           .group:00000000 wm4.lock.h.2.9bc98482741e5e2a9450b12934a684ea
                           .group:00000000 wm4.stddef.h.349.31f4c5baff3fa2689010b32028da9c47
                           .group:00000000 wm4.reent.h.16.9e42f0e588b85e70b2bf6572af57ce64
                           .group:00000000 wm4.types.h.23.0d949686bbcadd1621462d4fa1f884f9
                           .group:00000000 wm4.stddef.h.40.cf962ebbec441b3ac67502735f0765db
                           .group:00000000 wm4.types.h.2.e9cec8c90ab35f77d9f499e06ae02400
                           .group:00000000 wm4.types.h.80.1f2c84c0d57dd52dd9936095d9ac218e
                           .group:00000000 wm4.stdio.h.2.4aa87247282eca6c8f36f9de33d8df1a
                           .group:00000000 wm4.stdio.h.63.dfdea6580b080784d08faace69b6ed76
                           .group:00000000 wm4.etDatatypes.h.46.d01c3a9ad02b6611beb80ccd6973b180
                           .group:00000000 wm4.etMessageService.h.35.d59d0242cc2158bcaed8acc00ffa8450
                           .group:00000000 wm4.etRuntimeConfig.h.22.f3896c5e01c5c01380e7f5e574077970
                           .group:00000000 wm4.etActor.h.26.ada2258490a3ba85f781d05abf3cac0c

NO UNDEFINED SYMBOLS
