   1              		.syntax unified
   2              		.cpu cortex-m4
   3              		.eabi_attribute 27, 3
   4              		.fpu fpv4-sp-d16
   5              		.eabi_attribute 20, 1
   6              		.eabi_attribute 21, 1
   7              		.eabi_attribute 23, 3
   8              		.eabi_attribute 24, 1
   9              		.eabi_attribute 25, 1
  10              		.eabi_attribute 26, 1
  11              		.eabi_attribute 30, 6
  12              		.eabi_attribute 34, 1
  13              		.eabi_attribute 18, 4
  14              		.thumb
  15              		.file	"etThreadList.c"
  16              		.text
  17              	.Ltext0:
  18              		.cfi_sections	.debug_frame
  19              	.Letext0:
DEFINED SYMBOLS
                            *ABS*:00000000 etThreadList.c
                           .group:00000000 wm4.1.3ebb63153f4be34d5fff8ba99e32b1ac
                           .group:00000000 wm4.newlib.h.8.a9901dc52d1357e3e94003403d43f8b5
                           .group:00000000 wm4.features.h.22.b72b3baab2bb2eab3661375590100b6b
                           .group:00000000 wm4.config.h.193.5fb8ef056cdff92dec3dee9552839d8c
                           .group:00000000 wm4._ansi.h.23.7aefdac4826acebbfc9f3822a0aeb14c
                           .group:00000000 wm4.stdio.h.31.f48311dde756a2aec27351b58a280fb9
                           .group:00000000 wm4.stddef.h.187.9e651b6b8b16e149c1353259404973ea
                           .group:00000000 wm4.stdarg.h.34.3a23a216c0c293b3d2ea2e89281481e6
                           .group:00000000 wm4._default_types.h.6.5e12cd604db8ce00b62bb2f02708eaf3
                           .group:00000000 wm4.lock.h.2.9bc98482741e5e2a9450b12934a684ea
                           .group:00000000 wm4.stddef.h.349.31f4c5baff3fa2689010b32028da9c47
                           .group:00000000 wm4.reent.h.16.9e42f0e588b85e70b2bf6572af57ce64
                           .group:00000000 wm4.types.h.23.0d949686bbcadd1621462d4fa1f884f9
                           .group:00000000 wm4.stddef.h.40.cf962ebbec441b3ac67502735f0765db
                           .group:00000000 wm4.types.h.2.e9cec8c90ab35f77d9f499e06ae02400
                           .group:00000000 wm4.types.h.80.1f2c84c0d57dd52dd9936095d9ac218e
                           .group:00000000 wm4.stdio.h.2.4aa87247282eca6c8f36f9de33d8df1a
                           .group:00000000 wm4.stdio.h.63.dfdea6580b080784d08faace69b6ed76
                           .group:00000000 wm4.etDatatypes.h.46.d01c3a9ad02b6611beb80ccd6973b180

NO UNDEFINED SYMBOLS
