   1              		.cpu cortex-m0
   2              		.fpu softvfp
   3              		.eabi_attribute 20, 1
   4              		.eabi_attribute 21, 1
   5              		.eabi_attribute 23, 3
   6              		.eabi_attribute 24, 1
   7              		.eabi_attribute 25, 1
   8              		.eabi_attribute 26, 1
   9              		.eabi_attribute 30, 6
  10              		.eabi_attribute 34, 0
  11              		.eabi_attribute 18, 4
  12              		.code	16
  13              		.file	"MULTIPLEXER.c"
  14              		.text
  15              	.Ltext0:
  16              		.cfi_sections	.debug_frame
  17              		.section	.text.DAVE_MUX_Init,"ax",%progbits
  18              		.align	2
  19              		.global	DAVE_MUX_Init
  20              		.code	16
  21              		.thumb_func
  23              	DAVE_MUX_Init:
  24              	.LFB33:
  25              		.file 1 "../Dave/Generated/src/DAVESupport/MULTIPLEXER.c"
   1:../Dave/Generated/src/DAVESupport/MULTIPLEXER.c **** /*******************************************************************************
   2:../Dave/Generated/src/DAVESupport/MULTIPLEXER.c **** **  DAVE App Name : DAVESupport       App Version: 1.0.44               
   3:../Dave/Generated/src/DAVESupport/MULTIPLEXER.c **** **  This file is generated by DAVE, User modification to this file will be    **
   4:../Dave/Generated/src/DAVESupport/MULTIPLEXER.c **** **  overwritten at the next code generation.                                  **
   5:../Dave/Generated/src/DAVESupport/MULTIPLEXER.c **** *******************************************************************************/
   6:../Dave/Generated/src/DAVESupport/MULTIPLEXER.c **** 
   7:../Dave/Generated/src/DAVESupport/MULTIPLEXER.c **** 
   8:../Dave/Generated/src/DAVESupport/MULTIPLEXER.c **** /*******************************************************************************
   9:../Dave/Generated/src/DAVESupport/MULTIPLEXER.c ****  Copyright (c) 2014, Infineon Technologies AG                                 **
  10:../Dave/Generated/src/DAVESupport/MULTIPLEXER.c ****  All rights reserved.                                                         **
  11:../Dave/Generated/src/DAVESupport/MULTIPLEXER.c ****                                                                               **
  12:../Dave/Generated/src/DAVESupport/MULTIPLEXER.c ****  Redistribution and use in source and binary forms, with or without           **
  13:../Dave/Generated/src/DAVESupport/MULTIPLEXER.c ****  modification,are permitted provided that the following conditions are met:   **
  14:../Dave/Generated/src/DAVESupport/MULTIPLEXER.c ****                                                                               **
  15:../Dave/Generated/src/DAVESupport/MULTIPLEXER.c ****  *Redistributions of source code must retain the above copyright notice,      **
  16:../Dave/Generated/src/DAVESupport/MULTIPLEXER.c ****  this list of conditions and the following disclaimer.                        **
  17:../Dave/Generated/src/DAVESupport/MULTIPLEXER.c ****  *Redistributions in binary form must reproduce the above copyright notice,   **
  18:../Dave/Generated/src/DAVESupport/MULTIPLEXER.c ****  this list of conditions and the following disclaimer in the documentation    **
  19:../Dave/Generated/src/DAVESupport/MULTIPLEXER.c ****  and/or other materials provided with the distribution.                       **
  20:../Dave/Generated/src/DAVESupport/MULTIPLEXER.c ****  *Neither the name of the copyright holders nor the names of its contributors **
  21:../Dave/Generated/src/DAVESupport/MULTIPLEXER.c ****  may be used to endorse or promote products derived from this software without**
  22:../Dave/Generated/src/DAVESupport/MULTIPLEXER.c ****  specific prior written permission.                                           **
  23:../Dave/Generated/src/DAVESupport/MULTIPLEXER.c ****                                                                               **
  24:../Dave/Generated/src/DAVESupport/MULTIPLEXER.c ****  THIS SOFTWARE IS PROVIDED BY THE COPYRIGHT HOLDERS AND CONTRIBUTORS "AS IS"  **
  25:../Dave/Generated/src/DAVESupport/MULTIPLEXER.c ****  AND ANY EXPRESS OR IMPLIED WARRANTIES, INCLUDING, BUT NOT LIMITED TO, THE    **
  26:../Dave/Generated/src/DAVESupport/MULTIPLEXER.c ****  IMPLIED WARRANTIES OF MERCHANTABILITY AND FITNESS FOR A PARTICULAR PURPOSE   **
  27:../Dave/Generated/src/DAVESupport/MULTIPLEXER.c ****  ARE  DISCLAIMED. IN NO EVENT SHALL THE COPYRIGHT HOLDER OR CONTRIBUTORS BE   **
  28:../Dave/Generated/src/DAVESupport/MULTIPLEXER.c ****  LIABLE  FOR ANY DIRECT, INDIRECT, INCIDENTAL, SPECIAL, EXEMPLARY, OR         **
  29:../Dave/Generated/src/DAVESupport/MULTIPLEXER.c ****  CONSEQUENTIAL DAMAGES (INCLUDING, BUT NOT LIMITED TO, PROCUREMENT OF         **
  30:../Dave/Generated/src/DAVESupport/MULTIPLEXER.c ****  SUBSTITUTE GOODS OR  SERVICES; LOSS OF USE, DATA, OR PROFITS; OR BUSINESS    **
  31:../Dave/Generated/src/DAVESupport/MULTIPLEXER.c ****  INTERRUPTION) HOWEVER CAUSED AND ON ANY THEORY OF LIABILITY, WHETHER IN      **
  32:../Dave/Generated/src/DAVESupport/MULTIPLEXER.c ****  CONTRACT, STRICT LIABILITY,OR TORT (INCLUDING NEGLIGENCE OR OTHERWISE)       **
  33:../Dave/Generated/src/DAVESupport/MULTIPLEXER.c ****  ARISING IN ANY WAY OUT OF THE USE OF THIS SOFTWARE, EVEN IF ADVISED OF THE   **
  34:../Dave/Generated/src/DAVESupport/MULTIPLEXER.c ****  POSSIBILITY OF SUCH DAMAGE.                                                  **
  35:../Dave/Generated/src/DAVESupport/MULTIPLEXER.c ****                                                                               **
  36:../Dave/Generated/src/DAVESupport/MULTIPLEXER.c ****  To improve the quality of the software, users are encouraged to share        **
  37:../Dave/Generated/src/DAVESupport/MULTIPLEXER.c ****  modifications, enhancements or bug fixes with Infineon Technologies AG       **
  38:../Dave/Generated/src/DAVESupport/MULTIPLEXER.c ****  dave@infineon.com).                                                          **
  39:../Dave/Generated/src/DAVESupport/MULTIPLEXER.c ****                                                                               **
  40:../Dave/Generated/src/DAVESupport/MULTIPLEXER.c **** ********************************************************************************
  41:../Dave/Generated/src/DAVESupport/MULTIPLEXER.c **** **                                                                            **
  42:../Dave/Generated/src/DAVESupport/MULTIPLEXER.c **** **                                                                            **
  43:../Dave/Generated/src/DAVESupport/MULTIPLEXER.c **** ** PLATFORM : Infineon <Microcontroller name, step>                           **
  44:../Dave/Generated/src/DAVESupport/MULTIPLEXER.c **** **                                                                            **
  45:../Dave/Generated/src/DAVESupport/MULTIPLEXER.c **** ** COMPILER : Compiler Independent                                            **
  46:../Dave/Generated/src/DAVESupport/MULTIPLEXER.c **** **                                                                            **
  47:../Dave/Generated/src/DAVESupport/MULTIPLEXER.c **** ** MODIFICATION DATE : April 23, 2014                                     **
  48:../Dave/Generated/src/DAVESupport/MULTIPLEXER.c **** **                                                                            **
  49:../Dave/Generated/src/DAVESupport/MULTIPLEXER.c **** *******************************************************************************/
  50:../Dave/Generated/src/DAVESupport/MULTIPLEXER.c **** /**
  51:../Dave/Generated/src/DAVESupport/MULTIPLEXER.c ****  * @file  MULTIPLEXER.c
  52:../Dave/Generated/src/DAVESupport/MULTIPLEXER.c ****  *
  53:../Dave/Generated/src/DAVESupport/MULTIPLEXER.c ****  * @brief This file contains implementation of DAVE Support function which 
  54:../Dave/Generated/src/DAVESupport/MULTIPLEXER.c ****  * uses to configure multiplexer register values.
  55:../Dave/Generated/src/DAVESupport/MULTIPLEXER.c ****  * 24 July 2013 v1.0.34 Initial Version
  56:../Dave/Generated/src/DAVESupport/MULTIPLEXER.c ****  * 06 sep 2013 v1.0.36  UART001 : Mux : One instruction for output pins 
  57:../Dave/Generated/src/DAVESupport/MULTIPLEXER.c ****  *                      initialisation.
  58:../Dave/Generated/src/DAVESupport/MULTIPLEXER.c ****  *                      CAN001 & CAN002 : Avoid twice reset of the INIT bit in 
  59:../Dave/Generated/src/DAVESupport/MULTIPLEXER.c ****  *                      Can001_lNodeInit & DAVE_MUX_Init.
  60:../Dave/Generated/src/DAVESupport/MULTIPLEXER.c ****  *                      WR_REGHIB Macro definition has been changed.
  61:../Dave/Generated/src/DAVESupport/MULTIPLEXER.c ****  * 23 April 2014 v1.0.44 HRPWM MUX configuration supported.                      
  62:../Dave/Generated/src/DAVESupport/MULTIPLEXER.c ****  *                      
  63:../Dave/Generated/src/DAVESupport/MULTIPLEXER.c ****  */
  64:../Dave/Generated/src/DAVESupport/MULTIPLEXER.c **** 
  65:../Dave/Generated/src/DAVESupport/MULTIPLEXER.c **** /*******************************************************************************
  66:../Dave/Generated/src/DAVESupport/MULTIPLEXER.c **** **                      Include Files                                         **
  67:../Dave/Generated/src/DAVESupport/MULTIPLEXER.c **** *******************************************************************************/
  68:../Dave/Generated/src/DAVESupport/MULTIPLEXER.c **** #include "../../inc/DAVESupport/DAVE3.h"
  69:../Dave/Generated/src/DAVESupport/MULTIPLEXER.c **** 
  70:../Dave/Generated/src/DAVESupport/MULTIPLEXER.c **** /*******************************************************************************
  71:../Dave/Generated/src/DAVESupport/MULTIPLEXER.c **** **                 Function declarations                                     **
  72:../Dave/Generated/src/DAVESupport/MULTIPLEXER.c **** *******************************************************************************/
  73:../Dave/Generated/src/DAVESupport/MULTIPLEXER.c **** /*******************************************************************************
  74:../Dave/Generated/src/DAVESupport/MULTIPLEXER.c **** ** Syntax           : void DAVE_MUX_Init(void)                                **
  75:../Dave/Generated/src/DAVESupport/MULTIPLEXER.c **** **                                                                            **
  76:../Dave/Generated/src/DAVESupport/MULTIPLEXER.c **** ** Reentrancy       : None                                                    **
  77:../Dave/Generated/src/DAVESupport/MULTIPLEXER.c **** **                                                                            **
  78:../Dave/Generated/src/DAVESupport/MULTIPLEXER.c **** ** Parameters (in)  : void                                                    **
  79:../Dave/Generated/src/DAVESupport/MULTIPLEXER.c **** **                                                                            **
  80:../Dave/Generated/src/DAVESupport/MULTIPLEXER.c **** ** Parameters (out) : none                                                    **
  81:../Dave/Generated/src/DAVESupport/MULTIPLEXER.c **** **                                                                            **
  82:../Dave/Generated/src/DAVESupport/MULTIPLEXER.c **** ** Return value     : none                                                    **
  83:../Dave/Generated/src/DAVESupport/MULTIPLEXER.c **** **                                                                            **
  84:../Dave/Generated/src/DAVESupport/MULTIPLEXER.c **** ** Description      : This is the Mux configuration                           **
  85:../Dave/Generated/src/DAVESupport/MULTIPLEXER.c **** **                                                                            **
  86:../Dave/Generated/src/DAVESupport/MULTIPLEXER.c **** *******************************************************************************/
  87:../Dave/Generated/src/DAVESupport/MULTIPLEXER.c ****            
  88:../Dave/Generated/src/DAVESupport/MULTIPLEXER.c **** void DAVE_MUX_Init(void)
  89:../Dave/Generated/src/DAVESupport/MULTIPLEXER.c **** {  
  26              		.loc 1 89 0
  27              		.cfi_startproc
  28 0000 80B5     		push	{r7, lr}
  29              	.LCFI0:
  30              		.cfi_def_cfa_offset 8
  31              		.cfi_offset 7, -8
  32              		.cfi_offset 14, -4
  33 0002 86B0     		sub	sp, sp, #24
  34              	.LCFI1:
  35              		.cfi_def_cfa_offset 32
  36 0004 00AF     		add	r7, sp, #0
  37              	.LCFI2:
  38              		.cfi_def_cfa_register 7
  90:../Dave/Generated/src/DAVESupport/MULTIPLEXER.c ****    	 
  91:../Dave/Generated/src/DAVESupport/MULTIPLEXER.c ****             	         
  92:../Dave/Generated/src/DAVESupport/MULTIPLEXER.c ****                                      
  93:../Dave/Generated/src/DAVESupport/MULTIPLEXER.c ****        /*        SCU Macro definitions     */                  
  94:../Dave/Generated/src/DAVESupport/MULTIPLEXER.c ****    	 
  95:../Dave/Generated/src/DAVESupport/MULTIPLEXER.c ****       
  96:../Dave/Generated/src/DAVESupport/MULTIPLEXER.c **** //********* MODULE USIC CONFIGURATIONS *************************	        
  97:../Dave/Generated/src/DAVESupport/MULTIPLEXER.c ****         
  98:../Dave/Generated/src/DAVESupport/MULTIPLEXER.c ****            
  99:../Dave/Generated/src/DAVESupport/MULTIPLEXER.c ****    /* Disable mode before configuring all USIC registers to avoid unintended edges */   
 100:../Dave/Generated/src/DAVESupport/MULTIPLEXER.c ****       /* Variable to store the CCR_MODE values for various USIC channels */ 
 101:../Dave/Generated/src/DAVESupport/MULTIPLEXER.c ****       uint32_t UsicCcrMode[6] = {0};
  39              		.loc 1 101 0
  40 0006 3B1C     		mov	r3, r7
  41 0008 0022     		mov	r2, #0
  42 000a 1A60     		str	r2, [r3]
  43 000c 0433     		add	r3, r3, #4
  44 000e 0022     		mov	r2, #0
  45 0010 1A60     		str	r2, [r3]
  46 0012 0433     		add	r3, r3, #4
  47 0014 0022     		mov	r2, #0
  48 0016 1A60     		str	r2, [r3]
  49 0018 0433     		add	r3, r3, #4
  50 001a 0022     		mov	r2, #0
  51 001c 1A60     		str	r2, [r3]
  52 001e 0433     		add	r3, r3, #4
  53 0020 0022     		mov	r2, #0
  54 0022 1A60     		str	r2, [r3]
  55 0024 0433     		add	r3, r3, #4
  56 0026 0022     		mov	r2, #0
  57 0028 1A60     		str	r2, [r3]
  58 002a 0433     		add	r3, r3, #4
 102:../Dave/Generated/src/DAVESupport/MULTIPLEXER.c ****            
 103:../Dave/Generated/src/DAVESupport/MULTIPLEXER.c ****     UsicCcrMode[0] |= (uint32_t) RD_REG(USIC0_CH0->CCR, USIC_CH_CCR_MODE_Msk, USIC_CH_CCR_MODE_Pos)
  59              		.loc 1 103 0
  60 002c 3B1C     		mov	r3, r7
  61 002e 1A68     		ldr	r2, [r3]
  62 0030 9023     		mov	r3, #144
  63 0032 DB05     		lsl	r3, r3, #23
  64 0034 196C     		ldr	r1, [r3, #64]
  65 0036 0F23     		mov	r3, #15
  66 0038 0B40     		and	r3, r1
  67 003a 1A43     		orr	r2, r3
  68 003c 3B1C     		mov	r3, r7
  69 003e 1A60     		str	r2, [r3]
 104:../Dave/Generated/src/DAVESupport/MULTIPLEXER.c ****     WR_REG(USIC0_CH0->CCR, USIC_CH_CCR_MODE_Msk, USIC_CH_CCR_MODE_Pos,0);  
  70              		.loc 1 104 0
  71 0040 9023     		mov	r3, #144
  72 0042 DB05     		lsl	r3, r3, #23
  73 0044 9022     		mov	r2, #144
  74 0046 D205     		lsl	r2, r2, #23
  75 0048 126C     		ldr	r2, [r2, #64]
  76 004a 0F21     		mov	r1, #15
  77 004c 8A43     		bic	r2, r1
  78 004e 1A64     		str	r2, [r3, #64]
 105:../Dave/Generated/src/DAVESupport/MULTIPLEXER.c ****                         
 106:../Dave/Generated/src/DAVESupport/MULTIPLEXER.c ****       
 107:../Dave/Generated/src/DAVESupport/MULTIPLEXER.c ****     						
 108:../Dave/Generated/src/DAVESupport/MULTIPLEXER.c ****    /*USIC 0 Channel 0 Mux Related SFR/Bitfields Configurations*/ 						         
 109:../Dave/Generated/src/DAVESupport/MULTIPLEXER.c ****  WR_REG(USIC0_CH0->DX0CR, USIC_CH_DX0CR_DSEL_Msk, USIC_CH_DX0CR_DSEL_Pos,6); 
  79              		.loc 1 109 0
  80 0050 9023     		mov	r3, #144
  81 0052 DB05     		lsl	r3, r3, #23
  82 0054 9022     		mov	r2, #144
  83 0056 D205     		lsl	r2, r2, #23
  84 0058 D269     		ldr	r2, [r2, #28]
  85 005a 0721     		mov	r1, #7
  86 005c 8A43     		bic	r2, r1
  87 005e 0621     		mov	r1, #6
  88 0060 0A43     		orr	r2, r1
  89 0062 DA61     		str	r2, [r3, #28]
 110:../Dave/Generated/src/DAVESupport/MULTIPLEXER.c ****   			  					 				 				 		       				              				  					    					 					   				  					 				 			
 111:../Dave/Generated/src/DAVESupport/MULTIPLEXER.c ****                  
 112:../Dave/Generated/src/DAVESupport/MULTIPLEXER.c ****    // Data Pointer & Buffer Size for Transmitter Buffer Control  
 113:../Dave/Generated/src/DAVESupport/MULTIPLEXER.c ****  WR_REG(USIC0_CH0->TBCTR, USIC_CH_TBCTR_DPTRSIZE_Msk, USIC_CH_TBCTR_DPTRSIZE_Pos,0x04000010);		/*  
  90              		.loc 1 113 0
  91 0064 9023     		mov	r3, #144
  92 0066 DA05     		lsl	r2, r3, #23
  93 0068 9023     		mov	r3, #144
  94 006a D905     		lsl	r1, r3, #23
  95 006c 8423     		mov	r3, #132
  96 006e 5B00     		lsl	r3, r3, #1
  97 0070 C958     		ldr	r1, [r1, r3]
  98 0072 234B     		ldr	r3, .L2
  99 0074 0B40     		and	r3, r1
 100 0076 2349     		ldr	r1, .L2+4
 101 0078 1943     		orr	r1, r3
 102 007a 8423     		mov	r3, #132
 103 007c 5B00     		lsl	r3, r3, #1
 104 007e D150     		str	r1, [r2, r3]
 114:../Dave/Generated/src/DAVESupport/MULTIPLEXER.c ****          
 115:../Dave/Generated/src/DAVESupport/MULTIPLEXER.c ****   // Data Pointer & Buffer Size for Receiver Buffer Control  
 116:../Dave/Generated/src/DAVESupport/MULTIPLEXER.c ****  WR_REG(USIC0_CH0->RBCTR, USIC_CH_RBCTR_DPTRSIZE_Msk, USIC_CH_RBCTR_DPTRSIZE_Pos,0x04000000);		/*  
 105              		.loc 1 116 0
 106 0080 9023     		mov	r3, #144
 107 0082 DA05     		lsl	r2, r3, #23
 108 0084 9023     		mov	r3, #144
 109 0086 D905     		lsl	r1, r3, #23
 110 0088 8623     		mov	r3, #134
 111 008a 5B00     		lsl	r3, r3, #1
 112 008c C958     		ldr	r1, [r1, r3]
 113 008e 1C4B     		ldr	r3, .L2
 114 0090 0B40     		and	r3, r1
 115 0092 8021     		mov	r1, #128
 116 0094 C904     		lsl	r1, r1, #19
 117 0096 1943     		orr	r1, r3
 118 0098 8623     		mov	r3, #134
 119 009a 5B00     		lsl	r3, r3, #1
 120 009c D150     		str	r1, [r2, r3]
 117:../Dave/Generated/src/DAVESupport/MULTIPLEXER.c ****  						
 118:../Dave/Generated/src/DAVESupport/MULTIPLEXER.c ****    /*USIC 0 Channel 1 Mux Related SFR/Bitfields Configurations*/ 									  					 				 				 		     
 119:../Dave/Generated/src/DAVESupport/MULTIPLEXER.c ****          						
 120:../Dave/Generated/src/DAVESupport/MULTIPLEXER.c ****    /*USIC 1 Channel 0 Mux Related SFR/Bitfields Configurations*/ 									  					 				 				 		     
 121:../Dave/Generated/src/DAVESupport/MULTIPLEXER.c ****        						
 122:../Dave/Generated/src/DAVESupport/MULTIPLEXER.c ****    /*USIC 1 Channel 1 Mux Related SFR/Bitfields Configurations*/ 									  					 				 				 		     
 123:../Dave/Generated/src/DAVESupport/MULTIPLEXER.c ****          						
 124:../Dave/Generated/src/DAVESupport/MULTIPLEXER.c ****    /*USIC 2 Channel 0 Mux Related SFR/Bitfields Configurations*/ 									  					 				 				 		     
 125:../Dave/Generated/src/DAVESupport/MULTIPLEXER.c ****        						
 126:../Dave/Generated/src/DAVESupport/MULTIPLEXER.c ****    /*USIC 2 Channel 1 Mux Related SFR/Bitfields Configurations*/ 									  					 				 				 		     
 127:../Dave/Generated/src/DAVESupport/MULTIPLEXER.c ****          
 128:../Dave/Generated/src/DAVESupport/MULTIPLEXER.c ****   
 129:../Dave/Generated/src/DAVESupport/MULTIPLEXER.c ****   /* Enable mode after configuring all USIC registers to avoid unintended edges */  
 130:../Dave/Generated/src/DAVESupport/MULTIPLEXER.c ****             
 131:../Dave/Generated/src/DAVESupport/MULTIPLEXER.c ****    WR_REG(USIC0_CH0->CCR, USIC_CH_CCR_MODE_Msk, USIC_CH_CCR_MODE_Pos,UsicCcrMode[0]); 
 121              		.loc 1 131 0
 122 009e 9023     		mov	r3, #144
 123 00a0 DB05     		lsl	r3, r3, #23
 124 00a2 3A1C     		mov	r2, r7
 125 00a4 1168     		ldr	r1, [r2]
 126 00a6 0F22     		mov	r2, #15
 127 00a8 1140     		and	r1, r2
 128 00aa 9022     		mov	r2, #144
 129 00ac D205     		lsl	r2, r2, #23
 130 00ae 126C     		ldr	r2, [r2, #64]
 131 00b0 0F20     		mov	r0, #15
 132 00b2 8243     		bic	r2, r0
 133 00b4 0A43     		orr	r2, r1
 134 00b6 1A64     		str	r2, [r3, #64]
 132:../Dave/Generated/src/DAVESupport/MULTIPLEXER.c ****                    	         
 133:../Dave/Generated/src/DAVESupport/MULTIPLEXER.c ****                                                      
 134:../Dave/Generated/src/DAVESupport/MULTIPLEXER.c ****         //********* Capture/Compare Unit 4 (CAPCOM4) CONFIGURATIONS ************************* 
 135:../Dave/Generated/src/DAVESupport/MULTIPLEXER.c ****    	 
 136:../Dave/Generated/src/DAVESupport/MULTIPLEXER.c ****             	         
 137:../Dave/Generated/src/DAVESupport/MULTIPLEXER.c ****                                                      
 138:../Dave/Generated/src/DAVESupport/MULTIPLEXER.c ****    	 
 139:../Dave/Generated/src/DAVESupport/MULTIPLEXER.c ****             	         
 140:../Dave/Generated/src/DAVESupport/MULTIPLEXER.c ****                                                      
 141:../Dave/Generated/src/DAVESupport/MULTIPLEXER.c ****    	 
 142:../Dave/Generated/src/DAVESupport/MULTIPLEXER.c ****             	         
 143:../Dave/Generated/src/DAVESupport/MULTIPLEXER.c ****                                                  
 144:../Dave/Generated/src/DAVESupport/MULTIPLEXER.c **** 
 145:../Dave/Generated/src/DAVESupport/MULTIPLEXER.c **** /*        PORT Macro definitions for IOCR_OE, IOCR_PCR & HWSEL_HW     */                           
 146:../Dave/Generated/src/DAVESupport/MULTIPLEXER.c ****   WR_REG(PORT1->IOCR0, 0xb8U, PORT_IOCR_PC0_PCR_Pos, 0x12U);                /*P1.0 : PORT1_IOCR0_PC
 135              		.loc 1 146 0
 136 00b8 134B     		ldr	r3, .L2+8
 137 00ba 134A     		ldr	r2, .L2+8
 138 00bc 1269     		ldr	r2, [r2, #16]
 139 00be B821     		mov	r1, #184
 140 00c0 8A43     		bic	r2, r1
 141 00c2 9021     		mov	r1, #144
 142 00c4 0A43     		orr	r2, r1
 143 00c6 1A61     		str	r2, [r3, #16]
 147:../Dave/Generated/src/DAVESupport/MULTIPLEXER.c **** 					                         
 148:../Dave/Generated/src/DAVESupport/MULTIPLEXER.c ****   WR_REG(PORT1->IOCR0, 0xb800U, PORT_IOCR_PC1_PCR_Pos, 0x12U);                /*P1.1 : PORT1_IOCR0_
 144              		.loc 1 148 0
 145 00c8 0F4B     		ldr	r3, .L2+8
 146 00ca 0F4A     		ldr	r2, .L2+8
 147 00cc 1169     		ldr	r1, [r2, #16]
 148 00ce 0F4A     		ldr	r2, .L2+12
 149 00d0 0A40     		and	r2, r1
 150 00d2 9021     		mov	r1, #144
 151 00d4 0902     		lsl	r1, r1, #8
 152 00d6 0A43     		orr	r2, r1
 153 00d8 1A61     		str	r2, [r3, #16]
 149:../Dave/Generated/src/DAVESupport/MULTIPLEXER.c **** 					  
 150:../Dave/Generated/src/DAVESupport/MULTIPLEXER.c ****            
 151:../Dave/Generated/src/DAVESupport/MULTIPLEXER.c ****   WR_REG(PORT2->PDISC, PORT2_PDISC_PDIS1_Msk, PORT2_PDISC_PDIS1_Pos, PORT_PDISC_PDIS0);            
 154              		.loc 1 151 0
 155 00da 0D4B     		ldr	r3, .L2+16
 156 00dc 0C4A     		ldr	r2, .L2+16
 157 00de 126E     		ldr	r2, [r2, #96]
 158 00e0 0221     		mov	r1, #2
 159 00e2 8A43     		bic	r2, r1
 160 00e4 1A66     		str	r2, [r3, #96]
 152:../Dave/Generated/src/DAVESupport/MULTIPLEXER.c ****   WR_REG(PORT2->IOCR0, 0xb800U, PORT_IOCR_PC1_PCR_Pos, 0x16U);                /*P2.1 : PORT2_IOCR0_
 161              		.loc 1 152 0
 162 00e6 0A4B     		ldr	r3, .L2+16
 163 00e8 094A     		ldr	r2, .L2+16
 164 00ea 1169     		ldr	r1, [r2, #16]
 165 00ec 074A     		ldr	r2, .L2+12
 166 00ee 0A40     		and	r2, r1
 167 00f0 B021     		mov	r1, #176
 168 00f2 0902     		lsl	r1, r1, #8
 169 00f4 0A43     		orr	r2, r1
 170 00f6 1A61     		str	r2, [r3, #16]
 153:../Dave/Generated/src/DAVESupport/MULTIPLEXER.c **** 					      
 154:../Dave/Generated/src/DAVESupport/MULTIPLEXER.c **** }
 171              		.loc 1 154 0
 172 00f8 BD46     		mov	sp, r7
 173 00fa 06B0     		add	sp, sp, #24
 174              		@ sp needed for prologue
 175 00fc 80BD     		pop	{r7, pc}
 176              	.L3:
 177 00fe C046     		.align	2
 178              	.L2:
 179 0100 C0FFFFF8 		.word	-117440576
 180 0104 10000004 		.word	67108880
 181 0108 00010440 		.word	1074004224
 182 010c FF47FFFF 		.word	-47105
 183 0110 00020440 		.word	1074004480
 184              		.cfi_endproc
 185              	.LFE33:
 187              		.section	.text.DAVE_MUX_PreInit,"ax",%progbits
 188              		.align	2
 189              		.global	DAVE_MUX_PreInit
 190              		.code	16
 191              		.thumb_func
 193              	DAVE_MUX_PreInit:
 194              	.LFB34:
 155:../Dave/Generated/src/DAVESupport/MULTIPLEXER.c **** 
 156:../Dave/Generated/src/DAVESupport/MULTIPLEXER.c **** 
 157:../Dave/Generated/src/DAVESupport/MULTIPLEXER.c **** /*******************************************************************************
 158:../Dave/Generated/src/DAVESupport/MULTIPLEXER.c **** ** Syntax           : void DAVE_MUX_PreInit(void)                             **
 159:../Dave/Generated/src/DAVESupport/MULTIPLEXER.c **** **                                                                            **
 160:../Dave/Generated/src/DAVESupport/MULTIPLEXER.c **** ** Reentrancy       : None                                                    **
 161:../Dave/Generated/src/DAVESupport/MULTIPLEXER.c **** **                                                                            **
 162:../Dave/Generated/src/DAVESupport/MULTIPLEXER.c **** ** Parameters (in)  : void                                                    **
 163:../Dave/Generated/src/DAVESupport/MULTIPLEXER.c **** **                                                                            **
 164:../Dave/Generated/src/DAVESupport/MULTIPLEXER.c **** ** Parameters (out) : none                                                    **
 165:../Dave/Generated/src/DAVESupport/MULTIPLEXER.c **** **                                                                            **
 166:../Dave/Generated/src/DAVESupport/MULTIPLEXER.c **** ** Return value     : none                                                    **
 167:../Dave/Generated/src/DAVESupport/MULTIPLEXER.c **** **                                                                            **
 168:../Dave/Generated/src/DAVESupport/MULTIPLEXER.c **** ** Description      : This is the Mux configuration                           **
 169:../Dave/Generated/src/DAVESupport/MULTIPLEXER.c **** **                                                                            **
 170:../Dave/Generated/src/DAVESupport/MULTIPLEXER.c **** *******************************************************************************/
 171:../Dave/Generated/src/DAVESupport/MULTIPLEXER.c ****  
 172:../Dave/Generated/src/DAVESupport/MULTIPLEXER.c **** void DAVE_MUX_PreInit(void)
 173:../Dave/Generated/src/DAVESupport/MULTIPLEXER.c **** {                
 195              		.loc 1 173 0
 196              		.cfi_startproc
 197 0000 80B5     		push	{r7, lr}
 198              	.LCFI3:
 199              		.cfi_def_cfa_offset 8
 200              		.cfi_offset 7, -8
 201              		.cfi_offset 14, -4
 202 0002 00AF     		add	r7, sp, #0
 203              	.LCFI4:
 204              		.cfi_def_cfa_register 7
 174:../Dave/Generated/src/DAVESupport/MULTIPLEXER.c **** 
 175:../Dave/Generated/src/DAVESupport/MULTIPLEXER.c **** /*        PORT Macro definitions for IOCR_OE, IOCR_PCR & HWSEL_HW     */               
 176:../Dave/Generated/src/DAVESupport/MULTIPLEXER.c ****            
 177:../Dave/Generated/src/DAVESupport/MULTIPLEXER.c ****   WR_REG(PORT2->PDISC, PORT2_PDISC_PDIS2_Msk, PORT2_PDISC_PDIS2_Pos, PORT_PDISC_PDIS0);            
 205              		.loc 1 177 0
 206 0004 034B     		ldr	r3, .L5
 207 0006 034A     		ldr	r2, .L5
 208 0008 126E     		ldr	r2, [r2, #96]
 209 000a 0421     		mov	r1, #4
 210 000c 8A43     		bic	r2, r1
 211 000e 1A66     		str	r2, [r3, #96]
 178:../Dave/Generated/src/DAVESupport/MULTIPLEXER.c **** }
 212              		.loc 1 178 0
 213 0010 BD46     		mov	sp, r7
 214              		@ sp needed for prologue
 215 0012 80BD     		pop	{r7, pc}
 216              	.L6:
 217              		.align	2
 218              	.L5:
 219 0014 00020440 		.word	1074004480
 220              		.cfi_endproc
 221              	.LFE34:
 223              		.text
 224              	.Letext0:
 225              		.file 2 "C:\\DAVE-3.1.10\\eclipse\\/../CMSIS/Infineon/XMC1100_series/Include/XMC1100.h"
 226              		.file 3 "c:\\dave-3.1.10\\arm-gcc\\bin\\../lib/gcc/arm-none-eabi/4.7.4/../../../../arm-none-eabi/i
DEFINED SYMBOLS
                            *ABS*:00000000 MULTIPLEXER.c
C:\Users\TJung\AppData\Local\Temp\ccBQdRpP.s:18     .text.DAVE_MUX_Init:00000000 $t
C:\Users\TJung\AppData\Local\Temp\ccBQdRpP.s:23     .text.DAVE_MUX_Init:00000000 DAVE_MUX_Init
C:\Users\TJung\AppData\Local\Temp\ccBQdRpP.s:179    .text.DAVE_MUX_Init:00000100 $d
C:\Users\TJung\AppData\Local\Temp\ccBQdRpP.s:188    .text.DAVE_MUX_PreInit:00000000 $t
C:\Users\TJung\AppData\Local\Temp\ccBQdRpP.s:193    .text.DAVE_MUX_PreInit:00000000 DAVE_MUX_PreInit
C:\Users\TJung\AppData\Local\Temp\ccBQdRpP.s:219    .text.DAVE_MUX_PreInit:00000014 $d
                     .debug_frame:00000010 $d
                           .group:00000000 wm4.1.4f34ab06ae2725aaf04d3230f4ec23a7
                           .group:00000000 wm4.XMC1100.h.45.7a7cd799d7738130fcda8b83b0aa37d4
                           .group:00000000 wm4.core_cm0.h.47.022e66414e77714da7c4b30b3ad99fe8
                           .group:00000000 wm4.newlib.h.8.a9901dc52d1357e3e94003403d43f8b5
                           .group:00000000 wm4.features.h.22.b72b3baab2bb2eab3661375590100b6b
                           .group:00000000 wm4.config.h.193.5fb8ef056cdff92dec3dee9552839d8c
                           .group:00000000 wm4._ansi.h.23.7aefdac4826acebbfc9f3822a0aeb14c
                           .group:00000000 wm4.stdint.h.20.54ad762faa59e3c05491630641c8d8bf
                           .group:00000000 wm4.core_cmInstr.h.39.b7b6650bdd2316848d940915272d75b8
                           .group:00000000 wm4.core_cm0.h.135.ca70469f87e143609670bb393bfa6518
                           .group:00000000 wm4.XMC1000_RomFunctionTable.h.31.6d9a94465618f31b040dc9cea9a47ad7
                           .group:00000000 wm4.XMC1100.h.114.be3711f71ee045884346be801053f4c0
                           .group:00000000 wm4.stddef.h.40.50cf36416e06376af8a9dca28536f2e4
                           .group:00000000 wm4.types.h.60.e75c47576398c648cdcf9000ace5e3d8
                           .group:00000000 wm4.MULTIPLEXER.h.46.383e3edbb9cbf6e538f7c1532ef623c1
                           .group:00000000 wm4.uc_id.h.35.eaf9b374d895319eacbb56387e04af18
                           .group:00000000 wm4.Usic.h.90.22743468abc46f16747d12430b219aaf
                           .group:00000000 wm4.UART001_Conf.h.53.f334402b2e237110b77f625dfc27af0e
                           .group:00000000 wm4.UART001.h.109.3e835815a7a59791d8bd39655f4d4cc9
                           .group:00000000 wm4.CCU4Global_Conf.h.63.a52fac0daa39b5f58343578312b4eb54
                           .group:00000000 wm4.PWMSP001.h.57.29b732b86baf3e81f49153f5f495912e
                           .group:00000000 wm4.IO004.h.53.442ea5eb47ad9eedc675253aa35f3107
                           .group:00000000 wm4.SYSTM001.h.64.aec07633e24163b6539b13abf1730eae

NO UNDEFINED SYMBOLS
