   1              		.cpu cortex-m0
   2              		.fpu softvfp
   3              		.eabi_attribute 20, 1
   4              		.eabi_attribute 21, 1
   5              		.eabi_attribute 23, 3
   6              		.eabi_attribute 24, 1
   7              		.eabi_attribute 25, 1
   8              		.eabi_attribute 26, 1
   9              		.eabi_attribute 30, 6
  10              		.eabi_attribute 34, 0
  11              		.eabi_attribute 18, 4
  12              		.code	16
  13              		.file	"PingPongProtocol.c"
  14              		.text
  15              	.Ltext0:
  16              		.cfi_sections	.debug_frame
  17              		.section	.text.PingPongProtocolPort_pong,"ax",%progbits
  18              		.align	2
  19              		.global	PingPongProtocolPort_pong
  20              		.code	16
  21              		.thumb_func
  23              	PingPongProtocolPort_pong:
  24              	.LFB0:
  25              		.file 1 "C:/data/workspaces/github/de.protos.demos/src/XMC2GoBlinky/etrice.XMC2GoBlinky.demo/src-g
   1:C:/data/workspaces/github/de.protos.demos/src/XMC2GoBlinky/etrice.XMC2GoBlinky.demo/src-gen-st/XMC2GoDemoModel\PingPongProtocol.c **** /**
   2:C:/data/workspaces/github/de.protos.demos/src/XMC2GoBlinky/etrice.XMC2GoBlinky.demo/src-gen-st/XMC2GoDemoModel\PingPongProtocol.c ****  * @author generated by eTrice
   3:C:/data/workspaces/github/de.protos.demos/src/XMC2GoBlinky/etrice.XMC2GoBlinky.demo/src-gen-st/XMC2GoDemoModel\PingPongProtocol.c ****  *
   4:C:/data/workspaces/github/de.protos.demos/src/XMC2GoBlinky/etrice.XMC2GoBlinky.demo/src-gen-st/XMC2GoDemoModel\PingPongProtocol.c ****  * Source File of ProtocolClass PingPongProtocol
   5:C:/data/workspaces/github/de.protos.demos/src/XMC2GoBlinky/etrice.XMC2GoBlinky.demo/src-gen-st/XMC2GoDemoModel\PingPongProtocol.c ****  * 
   6:C:/data/workspaces/github/de.protos.demos/src/XMC2GoBlinky/etrice.XMC2GoBlinky.demo/src-gen-st/XMC2GoDemoModel\PingPongProtocol.c ****  */
   7:C:/data/workspaces/github/de.protos.demos/src/XMC2GoBlinky/etrice.XMC2GoBlinky.demo/src-gen-st/XMC2GoDemoModel\PingPongProtocol.c **** 
   8:C:/data/workspaces/github/de.protos.demos/src/XMC2GoBlinky/etrice.XMC2GoBlinky.demo/src-gen-st/XMC2GoDemoModel\PingPongProtocol.c **** #include "PingPongProtocol.h"
   9:C:/data/workspaces/github/de.protos.demos/src/XMC2GoBlinky/etrice.XMC2GoBlinky.demo/src-gen-st/XMC2GoDemoModel\PingPongProtocol.c **** #include "debugging/etMSCLogger.h"
  10:C:/data/workspaces/github/de.protos.demos/src/XMC2GoBlinky/etrice.XMC2GoBlinky.demo/src-gen-st/XMC2GoDemoModel\PingPongProtocol.c **** #include "PingPongProtocol_Utils.h"
  11:C:/data/workspaces/github/de.protos.demos/src/XMC2GoBlinky/etrice.XMC2GoBlinky.demo/src-gen-st/XMC2GoDemoModel\PingPongProtocol.c **** 
  12:C:/data/workspaces/github/de.protos.demos/src/XMC2GoBlinky/etrice.XMC2GoBlinky.demo/src-gen-st/XMC2GoDemoModel\PingPongProtocol.c **** 
  13:C:/data/workspaces/github/de.protos.demos/src/XMC2GoBlinky/etrice.XMC2GoBlinky.demo/src-gen-st/XMC2GoDemoModel\PingPongProtocol.c **** /*--------------------- port methods */
  14:C:/data/workspaces/github/de.protos.demos/src/XMC2GoBlinky/etrice.XMC2GoBlinky.demo/src-gen-st/XMC2GoDemoModel\PingPongProtocol.c **** 
  15:C:/data/workspaces/github/de.protos.demos/src/XMC2GoBlinky/etrice.XMC2GoBlinky.demo/src-gen-st/XMC2GoDemoModel\PingPongProtocol.c **** void PingPongProtocolPort_pong(const PingPongProtocolPort* self, PingPongData* data__et) {
  26              		.loc 1 15 0
  27              		.cfi_startproc
  28 0000 80B5     		push	{r7, lr}
  29              	.LCFI0:
  30              		.cfi_def_cfa_offset 8
  31              		.cfi_offset 7, -8
  32              		.cfi_offset 14, -4
  33 0002 82B0     		sub	sp, sp, #8
  34              	.LCFI1:
  35              		.cfi_def_cfa_offset 16
  36 0004 00AF     		add	r7, sp, #0
  37              	.LCFI2:
  38              		.cfi_def_cfa_register 7
  39 0006 7860     		str	r0, [r7, #4]
  40 0008 3960     		str	r1, [r7]
  16:C:/data/workspaces/github/de.protos.demos/src/XMC2GoBlinky/etrice.XMC2GoBlinky.demo/src-gen-st/XMC2GoDemoModel\PingPongProtocol.c **** 	ET_MSC_LOGGER_SYNC_ENTRY("PingPongProtocolPort", "pong")
  17:C:/data/workspaces/github/de.protos.demos/src/XMC2GoBlinky/etrice.XMC2GoBlinky.demo/src-gen-st/XMC2GoDemoModel\PingPongProtocol.c **** 		etPort_sendMessage(self, PingPongProtocol_OUT_pong, sizeof(PingPongData), data__et);
  41              		.loc 1 17 0
  42 000a 7A68     		ldr	r2, [r7, #4]
  43 000c 3B68     		ldr	r3, [r7]
  44 000e 101C     		mov	r0, r2
  45 0010 0121     		mov	r1, #1
  46 0012 0A22     		mov	r2, #10
  47 0014 FFF7FEFF 		bl	etPort_sendMessage
  18:C:/data/workspaces/github/de.protos.demos/src/XMC2GoBlinky/etrice.XMC2GoBlinky.demo/src-gen-st/XMC2GoDemoModel\PingPongProtocol.c **** 	ET_MSC_LOGGER_SYNC_EXIT
  19:C:/data/workspaces/github/de.protos.demos/src/XMC2GoBlinky/etrice.XMC2GoBlinky.demo/src-gen-st/XMC2GoDemoModel\PingPongProtocol.c **** }
  48              		.loc 1 19 0
  49 0018 BD46     		mov	sp, r7
  50 001a 02B0     		add	sp, sp, #8
  51              		@ sp needed for prologue
  52 001c 80BD     		pop	{r7, pc}
  53              		.cfi_endproc
  54              	.LFE0:
  56 001e C046     		.section	.text.PingPongProtocolReplPort_pong_broadcast,"ax",%progbits
  57              		.align	2
  58              		.global	PingPongProtocolReplPort_pong_broadcast
  59              		.code	16
  60              		.thumb_func
  62              	PingPongProtocolReplPort_pong_broadcast:
  63              	.LFB1:
  20:C:/data/workspaces/github/de.protos.demos/src/XMC2GoBlinky/etrice.XMC2GoBlinky.demo/src-gen-st/XMC2GoDemoModel\PingPongProtocol.c **** 
  21:C:/data/workspaces/github/de.protos.demos/src/XMC2GoBlinky/etrice.XMC2GoBlinky.demo/src-gen-st/XMC2GoDemoModel\PingPongProtocol.c **** void PingPongProtocolReplPort_pong_broadcast(const PingPongProtocolReplPort* self, PingPongData* da
  64              		.loc 1 21 0
  65              		.cfi_startproc
  66 0000 80B5     		push	{r7, lr}
  67              	.LCFI3:
  68              		.cfi_def_cfa_offset 8
  69              		.cfi_offset 7, -8
  70              		.cfi_offset 14, -4
  71 0002 84B0     		sub	sp, sp, #16
  72              	.LCFI4:
  73              		.cfi_def_cfa_offset 24
  74 0004 00AF     		add	r7, sp, #0
  75              	.LCFI5:
  76              		.cfi_def_cfa_register 7
  77 0006 7860     		str	r0, [r7, #4]
  78 0008 3960     		str	r1, [r7]
  22:C:/data/workspaces/github/de.protos.demos/src/XMC2GoBlinky/etrice.XMC2GoBlinky.demo/src-gen-st/XMC2GoDemoModel\PingPongProtocol.c **** 	int i;
  23:C:/data/workspaces/github/de.protos.demos/src/XMC2GoBlinky/etrice.XMC2GoBlinky.demo/src-gen-st/XMC2GoDemoModel\PingPongProtocol.c **** 	ET_MSC_LOGGER_SYNC_ENTRY("PingPongProtocolReplPort", "pong")
  24:C:/data/workspaces/github/de.protos.demos/src/XMC2GoBlinky/etrice.XMC2GoBlinky.demo/src-gen-st/XMC2GoDemoModel\PingPongProtocol.c **** 	for (i=0; i<((etReplPort*)self)->size; ++i) {
  79              		.loc 1 24 0
  80 000a 0023     		mov	r3, #0
  81 000c FB60     		str	r3, [r7, #12]
  82 000e 0EE0     		b	.L3
  83              	.L4:
  25:C:/data/workspaces/github/de.protos.demos/src/XMC2GoBlinky/etrice.XMC2GoBlinky.demo/src-gen-st/XMC2GoDemoModel\PingPongProtocol.c **** 		etPort_sendMessage((&((etReplPort*)self)->ports[i].port), PingPongProtocol_OUT_pong, sizeof(PingP
  84              		.loc 1 25 0 discriminator 2
  85 0010 7B68     		ldr	r3, [r7, #4]
  86 0012 5A68     		ldr	r2, [r3, #4]
  87 0014 FB68     		ldr	r3, [r7, #12]
  88 0016 1B01     		lsl	r3, r3, #4
  89 0018 D318     		add	r3, r2, r3
  90 001a 1A1C     		mov	r2, r3
  91 001c 3B68     		ldr	r3, [r7]
  92 001e 101C     		mov	r0, r2
  93 0020 0121     		mov	r1, #1
  94 0022 0A22     		mov	r2, #10
  95 0024 FFF7FEFF 		bl	etPort_sendMessage
  24:C:/data/workspaces/github/de.protos.demos/src/XMC2GoBlinky/etrice.XMC2GoBlinky.demo/src-gen-st/XMC2GoDemoModel\PingPongProtocol.c **** 	for (i=0; i<((etReplPort*)self)->size; ++i) {
  96              		.loc 1 24 0 discriminator 2
  97 0028 FB68     		ldr	r3, [r7, #12]
  98 002a 0133     		add	r3, r3, #1
  99 002c FB60     		str	r3, [r7, #12]
 100              	.L3:
  24:C:/data/workspaces/github/de.protos.demos/src/XMC2GoBlinky/etrice.XMC2GoBlinky.demo/src-gen-st/XMC2GoDemoModel\PingPongProtocol.c **** 	for (i=0; i<((etReplPort*)self)->size; ++i) {
 101              		.loc 1 24 0 is_stmt 0 discriminator 1
 102 002e 7B68     		ldr	r3, [r7, #4]
 103 0030 1B88     		ldrh	r3, [r3]
 104 0032 1AB2     		sxth	r2, r3
 105 0034 FB68     		ldr	r3, [r7, #12]
 106 0036 9A42     		cmp	r2, r3
 107 0038 EADC     		bgt	.L4
  26:C:/data/workspaces/github/de.protos.demos/src/XMC2GoBlinky/etrice.XMC2GoBlinky.demo/src-gen-st/XMC2GoDemoModel\PingPongProtocol.c **** 	}
  27:C:/data/workspaces/github/de.protos.demos/src/XMC2GoBlinky/etrice.XMC2GoBlinky.demo/src-gen-st/XMC2GoDemoModel\PingPongProtocol.c **** 	ET_MSC_LOGGER_SYNC_EXIT
  28:C:/data/workspaces/github/de.protos.demos/src/XMC2GoBlinky/etrice.XMC2GoBlinky.demo/src-gen-st/XMC2GoDemoModel\PingPongProtocol.c **** }
 108              		.loc 1 28 0 is_stmt 1
 109 003a BD46     		mov	sp, r7
 110 003c 04B0     		add	sp, sp, #16
 111              		@ sp needed for prologue
 112 003e 80BD     		pop	{r7, pc}
 113              		.cfi_endproc
 114              	.LFE1:
 116              		.section	.text.PingPongProtocolReplPort_pong,"ax",%progbits
 117              		.align	2
 118              		.global	PingPongProtocolReplPort_pong
 119              		.code	16
 120              		.thumb_func
 122              	PingPongProtocolReplPort_pong:
 123              	.LFB2:
  29:C:/data/workspaces/github/de.protos.demos/src/XMC2GoBlinky/etrice.XMC2GoBlinky.demo/src-gen-st/XMC2GoDemoModel\PingPongProtocol.c **** 
  30:C:/data/workspaces/github/de.protos.demos/src/XMC2GoBlinky/etrice.XMC2GoBlinky.demo/src-gen-st/XMC2GoDemoModel\PingPongProtocol.c **** void PingPongProtocolReplPort_pong(const PingPongProtocolReplPort* self, int idx__et, PingPongData*
 124              		.loc 1 30 0
 125              		.cfi_startproc
 126 0000 80B5     		push	{r7, lr}
 127              	.LCFI6:
 128              		.cfi_def_cfa_offset 8
 129              		.cfi_offset 7, -8
 130              		.cfi_offset 14, -4
 131 0002 84B0     		sub	sp, sp, #16
 132              	.LCFI7:
 133              		.cfi_def_cfa_offset 24
 134 0004 00AF     		add	r7, sp, #0
 135              	.LCFI8:
 136              		.cfi_def_cfa_register 7
 137 0006 F860     		str	r0, [r7, #12]
 138 0008 B960     		str	r1, [r7, #8]
 139 000a 7A60     		str	r2, [r7, #4]
  31:C:/data/workspaces/github/de.protos.demos/src/XMC2GoBlinky/etrice.XMC2GoBlinky.demo/src-gen-st/XMC2GoDemoModel\PingPongProtocol.c **** 	ET_MSC_LOGGER_SYNC_ENTRY("PingPongProtocolReplPort", "pong")
  32:C:/data/workspaces/github/de.protos.demos/src/XMC2GoBlinky/etrice.XMC2GoBlinky.demo/src-gen-st/XMC2GoDemoModel\PingPongProtocol.c **** 	if (0<=idx__et && idx__et<((etReplPort*)self)->size) {
 140              		.loc 1 32 0
 141 000c BB68     		ldr	r3, [r7, #8]
 142 000e 002B     		cmp	r3, #0
 143 0010 11DB     		blt	.L5
 144              		.loc 1 32 0 is_stmt 0 discriminator 1
 145 0012 FB68     		ldr	r3, [r7, #12]
 146 0014 1B88     		ldrh	r3, [r3]
 147 0016 1AB2     		sxth	r2, r3
 148 0018 BB68     		ldr	r3, [r7, #8]
 149 001a 9A42     		cmp	r2, r3
 150 001c 0BDD     		ble	.L5
  33:C:/data/workspaces/github/de.protos.demos/src/XMC2GoBlinky/etrice.XMC2GoBlinky.demo/src-gen-st/XMC2GoDemoModel\PingPongProtocol.c **** 		etPort_sendMessage((&((etReplPort*)self)->ports[idx__et].port), PingPongProtocol_OUT_pong, sizeof
 151              		.loc 1 33 0 is_stmt 1
 152 001e FB68     		ldr	r3, [r7, #12]
 153 0020 5A68     		ldr	r2, [r3, #4]
 154 0022 BB68     		ldr	r3, [r7, #8]
 155 0024 1B01     		lsl	r3, r3, #4
 156 0026 D318     		add	r3, r2, r3
 157 0028 1A1C     		mov	r2, r3
 158 002a 7B68     		ldr	r3, [r7, #4]
 159 002c 101C     		mov	r0, r2
 160 002e 0121     		mov	r1, #1
 161 0030 0A22     		mov	r2, #10
 162 0032 FFF7FEFF 		bl	etPort_sendMessage
 163              	.L5:
  34:C:/data/workspaces/github/de.protos.demos/src/XMC2GoBlinky/etrice.XMC2GoBlinky.demo/src-gen-st/XMC2GoDemoModel\PingPongProtocol.c **** 	}
  35:C:/data/workspaces/github/de.protos.demos/src/XMC2GoBlinky/etrice.XMC2GoBlinky.demo/src-gen-st/XMC2GoDemoModel\PingPongProtocol.c **** 	ET_MSC_LOGGER_SYNC_EXIT
  36:C:/data/workspaces/github/de.protos.demos/src/XMC2GoBlinky/etrice.XMC2GoBlinky.demo/src-gen-st/XMC2GoDemoModel\PingPongProtocol.c **** }
 164              		.loc 1 36 0
 165 0036 BD46     		mov	sp, r7
 166 0038 04B0     		add	sp, sp, #16
 167              		@ sp needed for prologue
 168 003a 80BD     		pop	{r7, pc}
 169              		.cfi_endproc
 170              	.LFE2:
 172              		.section	.text.PingPongProtocolReplPort_getReplication,"ax",%progbits
 173              		.align	2
 174              		.global	PingPongProtocolReplPort_getReplication
 175              		.code	16
 176              		.thumb_func
 178              	PingPongProtocolReplPort_getReplication:
 179              	.LFB3:
  37:C:/data/workspaces/github/de.protos.demos/src/XMC2GoBlinky/etrice.XMC2GoBlinky.demo/src-gen-st/XMC2GoDemoModel\PingPongProtocol.c **** 
  38:C:/data/workspaces/github/de.protos.demos/src/XMC2GoBlinky/etrice.XMC2GoBlinky.demo/src-gen-st/XMC2GoDemoModel\PingPongProtocol.c **** etInt32 PingPongProtocolReplPort_getReplication(const PingPongProtocolReplPort* self) {
 180              		.loc 1 38 0
 181              		.cfi_startproc
 182 0000 80B5     		push	{r7, lr}
 183              	.LCFI9:
 184              		.cfi_def_cfa_offset 8
 185              		.cfi_offset 7, -8
 186              		.cfi_offset 14, -4
 187 0002 82B0     		sub	sp, sp, #8
 188              	.LCFI10:
 189              		.cfi_def_cfa_offset 16
 190 0004 00AF     		add	r7, sp, #0
 191              	.LCFI11:
 192              		.cfi_def_cfa_register 7
 193 0006 7860     		str	r0, [r7, #4]
  39:C:/data/workspaces/github/de.protos.demos/src/XMC2GoBlinky/etrice.XMC2GoBlinky.demo/src-gen-st/XMC2GoDemoModel\PingPongProtocol.c **** 	return ((etReplPort*)self)->size;
 194              		.loc 1 39 0
 195 0008 7B68     		ldr	r3, [r7, #4]
 196 000a 1B88     		ldrh	r3, [r3]
 197 000c 1BB2     		sxth	r3, r3
  40:C:/data/workspaces/github/de.protos.demos/src/XMC2GoBlinky/etrice.XMC2GoBlinky.demo/src-gen-st/XMC2GoDemoModel\PingPongProtocol.c **** }
 198              		.loc 1 40 0
 199 000e 181C     		mov	r0, r3
 200 0010 BD46     		mov	sp, r7
 201 0012 02B0     		add	sp, sp, #8
 202              		@ sp needed for prologue
 203 0014 80BD     		pop	{r7, pc}
 204              		.cfi_endproc
 205              	.LFE3:
 207 0016 C046     		.section	.text.PingPongProtocolConjPort_ping,"ax",%progbits
 208              		.align	2
 209              		.global	PingPongProtocolConjPort_ping
 210              		.code	16
 211              		.thumb_func
 213              	PingPongProtocolConjPort_ping:
 214              	.LFB4:
  41:C:/data/workspaces/github/de.protos.demos/src/XMC2GoBlinky/etrice.XMC2GoBlinky.demo/src-gen-st/XMC2GoDemoModel\PingPongProtocol.c **** 
  42:C:/data/workspaces/github/de.protos.demos/src/XMC2GoBlinky/etrice.XMC2GoBlinky.demo/src-gen-st/XMC2GoDemoModel\PingPongProtocol.c **** 
  43:C:/data/workspaces/github/de.protos.demos/src/XMC2GoBlinky/etrice.XMC2GoBlinky.demo/src-gen-st/XMC2GoDemoModel\PingPongProtocol.c **** 
  44:C:/data/workspaces/github/de.protos.demos/src/XMC2GoBlinky/etrice.XMC2GoBlinky.demo/src-gen-st/XMC2GoDemoModel\PingPongProtocol.c **** void PingPongProtocolConjPort_ping(const PingPongProtocolConjPort* self, PingPongData* data__et) {
 215              		.loc 1 44 0
 216              		.cfi_startproc
 217 0000 80B5     		push	{r7, lr}
 218              	.LCFI12:
 219              		.cfi_def_cfa_offset 8
 220              		.cfi_offset 7, -8
 221              		.cfi_offset 14, -4
 222 0002 82B0     		sub	sp, sp, #8
 223              	.LCFI13:
 224              		.cfi_def_cfa_offset 16
 225 0004 00AF     		add	r7, sp, #0
 226              	.LCFI14:
 227              		.cfi_def_cfa_register 7
 228 0006 7860     		str	r0, [r7, #4]
 229 0008 3960     		str	r1, [r7]
  45:C:/data/workspaces/github/de.protos.demos/src/XMC2GoBlinky/etrice.XMC2GoBlinky.demo/src-gen-st/XMC2GoDemoModel\PingPongProtocol.c **** 	ET_MSC_LOGGER_SYNC_ENTRY("PingPongProtocolConjPort", "ping")
  46:C:/data/workspaces/github/de.protos.demos/src/XMC2GoBlinky/etrice.XMC2GoBlinky.demo/src-gen-st/XMC2GoDemoModel\PingPongProtocol.c **** 		etPort_sendMessage(self, PingPongProtocol_IN_ping, sizeof(PingPongData), data__et);
 230              		.loc 1 46 0
 231 000a 7A68     		ldr	r2, [r7, #4]
 232 000c 3B68     		ldr	r3, [r7]
 233 000e 101C     		mov	r0, r2
 234 0010 0221     		mov	r1, #2
 235 0012 0A22     		mov	r2, #10
 236 0014 FFF7FEFF 		bl	etPort_sendMessage
  47:C:/data/workspaces/github/de.protos.demos/src/XMC2GoBlinky/etrice.XMC2GoBlinky.demo/src-gen-st/XMC2GoDemoModel\PingPongProtocol.c **** 	ET_MSC_LOGGER_SYNC_EXIT
  48:C:/data/workspaces/github/de.protos.demos/src/XMC2GoBlinky/etrice.XMC2GoBlinky.demo/src-gen-st/XMC2GoDemoModel\PingPongProtocol.c **** }
 237              		.loc 1 48 0
 238 0018 BD46     		mov	sp, r7
 239 001a 02B0     		add	sp, sp, #8
 240              		@ sp needed for prologue
 241 001c 80BD     		pop	{r7, pc}
 242              		.cfi_endproc
 243              	.LFE4:
 245 001e C046     		.section	.text.PingPongProtocolConjReplPort_ping_broadcast,"ax",%progbits
 246              		.align	2
 247              		.global	PingPongProtocolConjReplPort_ping_broadcast
 248              		.code	16
 249              		.thumb_func
 251              	PingPongProtocolConjReplPort_ping_broadcast:
 252              	.LFB5:
  49:C:/data/workspaces/github/de.protos.demos/src/XMC2GoBlinky/etrice.XMC2GoBlinky.demo/src-gen-st/XMC2GoDemoModel\PingPongProtocol.c **** 
  50:C:/data/workspaces/github/de.protos.demos/src/XMC2GoBlinky/etrice.XMC2GoBlinky.demo/src-gen-st/XMC2GoDemoModel\PingPongProtocol.c **** void PingPongProtocolConjReplPort_ping_broadcast(const PingPongProtocolConjReplPort* self, PingPong
 253              		.loc 1 50 0
 254              		.cfi_startproc
 255 0000 80B5     		push	{r7, lr}
 256              	.LCFI15:
 257              		.cfi_def_cfa_offset 8
 258              		.cfi_offset 7, -8
 259              		.cfi_offset 14, -4
 260 0002 84B0     		sub	sp, sp, #16
 261              	.LCFI16:
 262              		.cfi_def_cfa_offset 24
 263 0004 00AF     		add	r7, sp, #0
 264              	.LCFI17:
 265              		.cfi_def_cfa_register 7
 266 0006 7860     		str	r0, [r7, #4]
 267 0008 3960     		str	r1, [r7]
  51:C:/data/workspaces/github/de.protos.demos/src/XMC2GoBlinky/etrice.XMC2GoBlinky.demo/src-gen-st/XMC2GoDemoModel\PingPongProtocol.c **** 	int i;
  52:C:/data/workspaces/github/de.protos.demos/src/XMC2GoBlinky/etrice.XMC2GoBlinky.demo/src-gen-st/XMC2GoDemoModel\PingPongProtocol.c **** 	ET_MSC_LOGGER_SYNC_ENTRY("PingPongProtocolConjReplPort", "ping")
  53:C:/data/workspaces/github/de.protos.demos/src/XMC2GoBlinky/etrice.XMC2GoBlinky.demo/src-gen-st/XMC2GoDemoModel\PingPongProtocol.c **** 	for (i=0; i<((etReplPort*)self)->size; ++i) {
 268              		.loc 1 53 0
 269 000a 0023     		mov	r3, #0
 270 000c FB60     		str	r3, [r7, #12]
 271 000e 0EE0     		b	.L11
 272              	.L12:
  54:C:/data/workspaces/github/de.protos.demos/src/XMC2GoBlinky/etrice.XMC2GoBlinky.demo/src-gen-st/XMC2GoDemoModel\PingPongProtocol.c **** 		etPort_sendMessage((&((etReplPort*)self)->ports[i].port), PingPongProtocol_IN_ping, sizeof(PingPo
 273              		.loc 1 54 0 discriminator 2
 274 0010 7B68     		ldr	r3, [r7, #4]
 275 0012 5A68     		ldr	r2, [r3, #4]
 276 0014 FB68     		ldr	r3, [r7, #12]
 277 0016 1B01     		lsl	r3, r3, #4
 278 0018 D318     		add	r3, r2, r3
 279 001a 1A1C     		mov	r2, r3
 280 001c 3B68     		ldr	r3, [r7]
 281 001e 101C     		mov	r0, r2
 282 0020 0221     		mov	r1, #2
 283 0022 0A22     		mov	r2, #10
 284 0024 FFF7FEFF 		bl	etPort_sendMessage
  53:C:/data/workspaces/github/de.protos.demos/src/XMC2GoBlinky/etrice.XMC2GoBlinky.demo/src-gen-st/XMC2GoDemoModel\PingPongProtocol.c **** 	for (i=0; i<((etReplPort*)self)->size; ++i) {
 285              		.loc 1 53 0 discriminator 2
 286 0028 FB68     		ldr	r3, [r7, #12]
 287 002a 0133     		add	r3, r3, #1
 288 002c FB60     		str	r3, [r7, #12]
 289              	.L11:
  53:C:/data/workspaces/github/de.protos.demos/src/XMC2GoBlinky/etrice.XMC2GoBlinky.demo/src-gen-st/XMC2GoDemoModel\PingPongProtocol.c **** 	for (i=0; i<((etReplPort*)self)->size; ++i) {
 290              		.loc 1 53 0 is_stmt 0 discriminator 1
 291 002e 7B68     		ldr	r3, [r7, #4]
 292 0030 1B88     		ldrh	r3, [r3]
 293 0032 1AB2     		sxth	r2, r3
 294 0034 FB68     		ldr	r3, [r7, #12]
 295 0036 9A42     		cmp	r2, r3
 296 0038 EADC     		bgt	.L12
  55:C:/data/workspaces/github/de.protos.demos/src/XMC2GoBlinky/etrice.XMC2GoBlinky.demo/src-gen-st/XMC2GoDemoModel\PingPongProtocol.c **** 	}
  56:C:/data/workspaces/github/de.protos.demos/src/XMC2GoBlinky/etrice.XMC2GoBlinky.demo/src-gen-st/XMC2GoDemoModel\PingPongProtocol.c **** 	ET_MSC_LOGGER_SYNC_EXIT
  57:C:/data/workspaces/github/de.protos.demos/src/XMC2GoBlinky/etrice.XMC2GoBlinky.demo/src-gen-st/XMC2GoDemoModel\PingPongProtocol.c **** }
 297              		.loc 1 57 0 is_stmt 1
 298 003a BD46     		mov	sp, r7
 299 003c 04B0     		add	sp, sp, #16
 300              		@ sp needed for prologue
 301 003e 80BD     		pop	{r7, pc}
 302              		.cfi_endproc
 303              	.LFE5:
 305              		.section	.text.PingPongProtocolConjReplPort_ping,"ax",%progbits
 306              		.align	2
 307              		.global	PingPongProtocolConjReplPort_ping
 308              		.code	16
 309              		.thumb_func
 311              	PingPongProtocolConjReplPort_ping:
 312              	.LFB6:
  58:C:/data/workspaces/github/de.protos.demos/src/XMC2GoBlinky/etrice.XMC2GoBlinky.demo/src-gen-st/XMC2GoDemoModel\PingPongProtocol.c **** 
  59:C:/data/workspaces/github/de.protos.demos/src/XMC2GoBlinky/etrice.XMC2GoBlinky.demo/src-gen-st/XMC2GoDemoModel\PingPongProtocol.c **** void PingPongProtocolConjReplPort_ping(const PingPongProtocolConjReplPort* self, int idx__et, PingP
 313              		.loc 1 59 0
 314              		.cfi_startproc
 315 0000 80B5     		push	{r7, lr}
 316              	.LCFI18:
 317              		.cfi_def_cfa_offset 8
 318              		.cfi_offset 7, -8
 319              		.cfi_offset 14, -4
 320 0002 84B0     		sub	sp, sp, #16
 321              	.LCFI19:
 322              		.cfi_def_cfa_offset 24
 323 0004 00AF     		add	r7, sp, #0
 324              	.LCFI20:
 325              		.cfi_def_cfa_register 7
 326 0006 F860     		str	r0, [r7, #12]
 327 0008 B960     		str	r1, [r7, #8]
 328 000a 7A60     		str	r2, [r7, #4]
  60:C:/data/workspaces/github/de.protos.demos/src/XMC2GoBlinky/etrice.XMC2GoBlinky.demo/src-gen-st/XMC2GoDemoModel\PingPongProtocol.c **** 	ET_MSC_LOGGER_SYNC_ENTRY("PingPongProtocolConjReplPort", "ping")
  61:C:/data/workspaces/github/de.protos.demos/src/XMC2GoBlinky/etrice.XMC2GoBlinky.demo/src-gen-st/XMC2GoDemoModel\PingPongProtocol.c **** 	if (0<=idx__et && idx__et<((etReplPort*)self)->size) {
 329              		.loc 1 61 0
 330 000c BB68     		ldr	r3, [r7, #8]
 331 000e 002B     		cmp	r3, #0
 332 0010 11DB     		blt	.L13
 333              		.loc 1 61 0 is_stmt 0 discriminator 1
 334 0012 FB68     		ldr	r3, [r7, #12]
 335 0014 1B88     		ldrh	r3, [r3]
 336 0016 1AB2     		sxth	r2, r3
 337 0018 BB68     		ldr	r3, [r7, #8]
 338 001a 9A42     		cmp	r2, r3
 339 001c 0BDD     		ble	.L13
  62:C:/data/workspaces/github/de.protos.demos/src/XMC2GoBlinky/etrice.XMC2GoBlinky.demo/src-gen-st/XMC2GoDemoModel\PingPongProtocol.c **** 		etPort_sendMessage((&((etReplPort*)self)->ports[idx__et].port), PingPongProtocol_IN_ping, sizeof(
 340              		.loc 1 62 0 is_stmt 1
 341 001e FB68     		ldr	r3, [r7, #12]
 342 0020 5A68     		ldr	r2, [r3, #4]
 343 0022 BB68     		ldr	r3, [r7, #8]
 344 0024 1B01     		lsl	r3, r3, #4
 345 0026 D318     		add	r3, r2, r3
 346 0028 1A1C     		mov	r2, r3
 347 002a 7B68     		ldr	r3, [r7, #4]
 348 002c 101C     		mov	r0, r2
 349 002e 0221     		mov	r1, #2
 350 0030 0A22     		mov	r2, #10
 351 0032 FFF7FEFF 		bl	etPort_sendMessage
 352              	.L13:
  63:C:/data/workspaces/github/de.protos.demos/src/XMC2GoBlinky/etrice.XMC2GoBlinky.demo/src-gen-st/XMC2GoDemoModel\PingPongProtocol.c **** 	}
  64:C:/data/workspaces/github/de.protos.demos/src/XMC2GoBlinky/etrice.XMC2GoBlinky.demo/src-gen-st/XMC2GoDemoModel\PingPongProtocol.c **** 	ET_MSC_LOGGER_SYNC_EXIT
  65:C:/data/workspaces/github/de.protos.demos/src/XMC2GoBlinky/etrice.XMC2GoBlinky.demo/src-gen-st/XMC2GoDemoModel\PingPongProtocol.c **** }
 353              		.loc 1 65 0
 354 0036 BD46     		mov	sp, r7
 355 0038 04B0     		add	sp, sp, #16
 356              		@ sp needed for prologue
 357 003a 80BD     		pop	{r7, pc}
 358              		.cfi_endproc
 359              	.LFE6:
 361              		.section	.text.PingPongProtocolConjReplPort_getReplication,"ax",%progbits
 362              		.align	2
 363              		.global	PingPongProtocolConjReplPort_getReplication
 364              		.code	16
 365              		.thumb_func
 367              	PingPongProtocolConjReplPort_getReplication:
 368              	.LFB7:
  66:C:/data/workspaces/github/de.protos.demos/src/XMC2GoBlinky/etrice.XMC2GoBlinky.demo/src-gen-st/XMC2GoDemoModel\PingPongProtocol.c **** 
  67:C:/data/workspaces/github/de.protos.demos/src/XMC2GoBlinky/etrice.XMC2GoBlinky.demo/src-gen-st/XMC2GoDemoModel\PingPongProtocol.c **** etInt32 PingPongProtocolConjReplPort_getReplication(const PingPongProtocolConjReplPort* self) {
 369              		.loc 1 67 0
 370              		.cfi_startproc
 371 0000 80B5     		push	{r7, lr}
 372              	.LCFI21:
 373              		.cfi_def_cfa_offset 8
 374              		.cfi_offset 7, -8
 375              		.cfi_offset 14, -4
 376 0002 82B0     		sub	sp, sp, #8
 377              	.LCFI22:
 378              		.cfi_def_cfa_offset 16
 379 0004 00AF     		add	r7, sp, #0
 380              	.LCFI23:
 381              		.cfi_def_cfa_register 7
 382 0006 7860     		str	r0, [r7, #4]
  68:C:/data/workspaces/github/de.protos.demos/src/XMC2GoBlinky/etrice.XMC2GoBlinky.demo/src-gen-st/XMC2GoDemoModel\PingPongProtocol.c **** 	return ((etReplPort*)self)->size;
 383              		.loc 1 68 0
 384 0008 7B68     		ldr	r3, [r7, #4]
 385 000a 1B88     		ldrh	r3, [r3]
 386 000c 1BB2     		sxth	r3, r3
  69:C:/data/workspaces/github/de.protos.demos/src/XMC2GoBlinky/etrice.XMC2GoBlinky.demo/src-gen-st/XMC2GoDemoModel\PingPongProtocol.c **** }
 387              		.loc 1 69 0
 388 000e 181C     		mov	r0, r3
 389 0010 BD46     		mov	sp, r7
 390 0012 02B0     		add	sp, sp, #8
 391              		@ sp needed for prologue
 392 0014 80BD     		pop	{r7, pc}
 393              		.cfi_endproc
 394              	.LFE7:
 396 0016 C046     		.text
 397              	.Letext0:
 398              		.file 2 "C:\\data\\workspaces\\github\\de.protos.demos\\src\\XMC2GoBlinky\\etrice.runtime.c\\eTric
 399              		.file 3 "C:\\data\\workspaces\\github\\de.protos.demos\\src\\XMC2GoBlinky\\etrice.runtime.c\\eTric
 400              		.file 4 "C:\\data\\workspaces\\github\\de.protos.demos\\src\\XMC2GoBlinky\\etrice.runtime.c\\eTric
 401              		.file 5 "C:\\data\\workspaces\\github\\de.protos.demos\\src\\XMC2GoBlinky\\etrice.runtime.c\\eTric
 402              		.file 6 "C:\\data\\workspaces\\github\\de.protos.demos\\src\\XMC2GoBlinky\\etrice.runtime.c\\eTric
 403              		.file 7 "C:\\data\\workspaces\\github\\de.protos.demos\\src\\XMC2GoBlinky\\etrice.runtime.c\\eTric
 404              		.file 8 "C:\\data\\workspaces\\github\\de.protos.demos\\src\\XMC2GoBlinky\\etrice.runtime.c\\eTric
 405              		.file 9 "C:\\data\\workspaces\\github\\de.protos.demos\\src\\XMC2GoBlinky\\etrice.runtime.c\\eTric
 406              		.file 10 "C:\\data\\workspaces\\github\\de.protos.demos\\src\\XMC2GoBlinky\\etrice.runtime.c\\eTri
 407              		.file 11 "C:\\data\\workspaces\\github\\de.protos.demos\\src\\XMC2GoBlinky\\etrice.runtime.c\\eTri
 408              		.file 12 "C:\\data\\workspaces\\github\\de.protos.demos\\src\\XMC2GoBlinky\\etrice.runtime.c\\eTri
 409              		.file 13 "C:\\data\\workspaces\\github\\de.protos.demos\\src\\XMC2GoBlinky\\etrice.XMC2GoBlinky.de
 410              		.file 14 "C:/data/workspaces/github/de.protos.demos/src/XMC2GoBlinky/etrice.XMC2GoBlinky.demo/src-
DEFINED SYMBOLS
                            *ABS*:00000000 PingPongProtocol.c
C:\Users\TJung\AppData\Local\Temp\ccDPKW6Y.s:18     .text.PingPongProtocolPort_pong:00000000 $t
C:\Users\TJung\AppData\Local\Temp\ccDPKW6Y.s:23     .text.PingPongProtocolPort_pong:00000000 PingPongProtocolPort_pong
C:\Users\TJung\AppData\Local\Temp\ccDPKW6Y.s:57     .text.PingPongProtocolReplPort_pong_broadcast:00000000 $t
C:\Users\TJung\AppData\Local\Temp\ccDPKW6Y.s:62     .text.PingPongProtocolReplPort_pong_broadcast:00000000 PingPongProtocolReplPort_pong_broadcast
C:\Users\TJung\AppData\Local\Temp\ccDPKW6Y.s:117    .text.PingPongProtocolReplPort_pong:00000000 $t
C:\Users\TJung\AppData\Local\Temp\ccDPKW6Y.s:122    .text.PingPongProtocolReplPort_pong:00000000 PingPongProtocolReplPort_pong
C:\Users\TJung\AppData\Local\Temp\ccDPKW6Y.s:173    .text.PingPongProtocolReplPort_getReplication:00000000 $t
C:\Users\TJung\AppData\Local\Temp\ccDPKW6Y.s:178    .text.PingPongProtocolReplPort_getReplication:00000000 PingPongProtocolReplPort_getReplication
C:\Users\TJung\AppData\Local\Temp\ccDPKW6Y.s:208    .text.PingPongProtocolConjPort_ping:00000000 $t
C:\Users\TJung\AppData\Local\Temp\ccDPKW6Y.s:213    .text.PingPongProtocolConjPort_ping:00000000 PingPongProtocolConjPort_ping
C:\Users\TJung\AppData\Local\Temp\ccDPKW6Y.s:246    .text.PingPongProtocolConjReplPort_ping_broadcast:00000000 $t
C:\Users\TJung\AppData\Local\Temp\ccDPKW6Y.s:251    .text.PingPongProtocolConjReplPort_ping_broadcast:00000000 PingPongProtocolConjReplPort_ping_broadcast
C:\Users\TJung\AppData\Local\Temp\ccDPKW6Y.s:306    .text.PingPongProtocolConjReplPort_ping:00000000 $t
C:\Users\TJung\AppData\Local\Temp\ccDPKW6Y.s:311    .text.PingPongProtocolConjReplPort_ping:00000000 PingPongProtocolConjReplPort_ping
C:\Users\TJung\AppData\Local\Temp\ccDPKW6Y.s:362    .text.PingPongProtocolConjReplPort_getReplication:00000000 $t
C:\Users\TJung\AppData\Local\Temp\ccDPKW6Y.s:367    .text.PingPongProtocolConjReplPort_getReplication:00000000 PingPongProtocolConjReplPort_getReplication
                     .debug_frame:00000010 $d
                           .group:00000000 wm4.1.4f34ab06ae2725aaf04d3230f4ec23a7
                           .group:00000000 wm4.newlib.h.8.a9901dc52d1357e3e94003403d43f8b5
                           .group:00000000 wm4.features.h.22.b72b3baab2bb2eab3661375590100b6b
                           .group:00000000 wm4.config.h.193.5fb8ef056cdff92dec3dee9552839d8c
                           .group:00000000 wm4._ansi.h.23.7aefdac4826acebbfc9f3822a0aeb14c
                           .group:00000000 wm4.stdio.h.31.f48311dde756a2aec27351b58a280fb9
                           .group:00000000 wm4.stddef.h.187.9e651b6b8b16e149c1353259404973ea
                           .group:00000000 wm4.stdarg.h.34.3a23a216c0c293b3d2ea2e89281481e6
                           .group:00000000 wm4._default_types.h.6.5e12cd604db8ce00b62bb2f02708eaf3
                           .group:00000000 wm4.lock.h.2.9bc98482741e5e2a9450b12934a684ea
                           .group:00000000 wm4.stddef.h.349.31f4c5baff3fa2689010b32028da9c47
                           .group:00000000 wm4.reent.h.16.9e42f0e588b85e70b2bf6572af57ce64
                           .group:00000000 wm4.types.h.23.0d949686bbcadd1621462d4fa1f884f9
                           .group:00000000 wm4.stddef.h.40.cf962ebbec441b3ac67502735f0765db
                           .group:00000000 wm4.types.h.2.e9cec8c90ab35f77d9f499e06ae02400
                           .group:00000000 wm4.types.h.80.1f2c84c0d57dd52dd9936095d9ac218e
                           .group:00000000 wm4.stdio.h.2.4aa87247282eca6c8f36f9de33d8df1a
                           .group:00000000 wm4.stdio.h.63.dfdea6580b080784d08faace69b6ed76
                           .group:00000000 wm4.etDatatypes.h.46.d01c3a9ad02b6611beb80ccd6973b180
                           .group:00000000 wm4.etMessageService.h.26.c4e8a1353ad385fd30ddcda194df0956
                           .group:00000000 wm4.etRuntimeConfig.h.14.b2bde6fc1d2ab5ddcde20eb67dcec2c1
                           .group:00000000 wm4.etMSCLogger.h.14.7eeb87c32751ae73ac414a4bacac4f55

UNDEFINED SYMBOLS
etPort_sendMessage
