   1              		.cpu cortex-m0
   2              		.fpu softvfp
   3              		.eabi_attribute 20, 1
   4              		.eabi_attribute 21, 1
   5              		.eabi_attribute 23, 3
   6              		.eabi_attribute 24, 1
   7              		.eabi_attribute 25, 1
   8              		.eabi_attribute 26, 1
   9              		.eabi_attribute 30, 6
  10              		.eabi_attribute 34, 0
  11              		.eabi_attribute 18, 4
  12              		.code	16
  13              		.file	"PWMSP001_Conf.c"
  14              		.text
  15              	.Ltext0:
  16              		.cfi_sections	.debug_frame
  17              		.global	PWMSP001_DynamicData0
  18              		.bss
  19              		.align	2
  22              	PWMSP001_DynamicData0:
  23 0000 00       		.space	1
  24              		.global	PWMSP001_Handle0
  25              		.section	.rodata
  26              		.align	2
  29              	PWMSP001_Handle0:
  30 0000 01       		.byte	1
  31 0001 01       		.byte	1
  32 0002 0000     		.space	2
  33 0004 0000FA41 		.word	1106903040
  34 0008 000F0000 		.word	3840
  35 000c 00       		.byte	0
  36 000d 00       		.byte	0
  37 000e 00       		.byte	0
  38 000f 00       		.byte	0
  39 0010 00       		.byte	0
  40 0011 00       		.byte	0
  41 0012 01       		.byte	1
  42 0013 00       		.byte	0
  43 0014 00000448 		.word	1208221696
  44 0018 00010448 		.word	1208221952
  45 001c 00010448 		.word	1208221952
  46 0020 00       		.byte	0
  47 0021 00       		.byte	0
  48 0022 00       		.byte	0
  49 0023 00       		.byte	0
  50 0024 00       		.byte	0
  51 0025 000000   		.space	3
  52 0028 FF180000 		.word	6399
  53 002c FFFF0000 		.word	65535
  54 0030 00000000 		.word	0
  55 0034 00       		.byte	0
  56 0035 00       		.byte	0
  57 0036 00       		.byte	0
  58 0037 00       		.byte	0
  59 0038 00       		.byte	0
  60 0039 000000   		.space	3
  61 003c 00000000 		.word	PWMSP001_DynamicData0
  62 0040 00000000 		.word	PWMSP001_lSetCompareEdgeAlign
  63 0044 00000000 		.word	PWMSP001_lSetDutyEdgeAlign
  64              		.global	PWMSP001_DynamicData1
  65              		.bss
  66 0001 000000   		.align	2
  69              	PWMSP001_DynamicData1:
  70 0004 00       		.space	1
  71              		.global	PWMSP001_Handle1
  72 0005 000000   		.section	.rodata
  73              		.align	2
  76              	PWMSP001_Handle1:
  77 0048 01       		.byte	1
  78 0049 01       		.byte	1
  79 004a 0000     		.space	2
  80 004c 0000FA41 		.word	1106903040
  81 0050 800C0000 		.word	3200
  82 0054 00       		.byte	0
  83 0055 00       		.byte	0
  84 0056 00       		.byte	0
  85 0057 00       		.byte	0
  86 0058 00       		.byte	0
  87 0059 00       		.byte	0
  88 005a 01       		.byte	1
  89 005b 00       		.byte	0
  90 005c 00000448 		.word	1208221696
  91 0060 00020448 		.word	1208222208
  92 0064 00020448 		.word	1208222208
  93 0068 00       		.byte	0
  94 0069 00       		.byte	0
  95 006a 00       		.byte	0
  96 006b 00       		.byte	0
  97 006c 00       		.byte	0
  98 006d 000000   		.space	3
  99 0070 FF180000 		.word	6399
 100 0074 FFFF0000 		.word	65535
 101 0078 00000000 		.word	0
 102 007c 00       		.byte	0
 103 007d 00       		.byte	0
 104 007e 00       		.byte	0
 105 007f 01       		.byte	1
 106 0080 01       		.byte	1
 107 0081 000000   		.space	3
 108 0084 00000000 		.word	PWMSP001_DynamicData1
 109 0088 00000000 		.word	PWMSP001_lSetCompareEdgeAlign
 110 008c 00000000 		.word	PWMSP001_lSetDutyEdgeAlign
 111              		.text
 112              	.Letext0:
 113              		.file 1 "c:\\dave-3.1.10\\arm-gcc\\bin\\../lib/gcc/arm-none-eabi/4.7.4/../../../../arm-none-eabi/i
 114              		.file 2 "C:\\DAVE-3.1.10\\eclipse\\/../CMSIS/Infineon/XMC1100_series/Include/XMC1100.h"
 115              		.file 3 "C:\\data\\workspaces\\github\\de.protos.demos\\src\\XMC2GoBlinky\\XMC2GoBlinkyST\\Dave\\G
 116              		.file 4 "../Dave/Generated/src/PWMSP001/PWMSP001_Conf.c"
DEFINED SYMBOLS
                            *ABS*:00000000 PWMSP001_Conf.c
C:\Users\TJung\AppData\Local\Temp\ccuwE8n9.s:22     .bss:00000000 PWMSP001_DynamicData0
C:\Users\TJung\AppData\Local\Temp\ccuwE8n9.s:19     .bss:00000000 $d
C:\Users\TJung\AppData\Local\Temp\ccuwE8n9.s:29     .rodata:00000000 PWMSP001_Handle0
C:\Users\TJung\AppData\Local\Temp\ccuwE8n9.s:26     .rodata:00000000 $d
C:\Users\TJung\AppData\Local\Temp\ccuwE8n9.s:69     .bss:00000004 PWMSP001_DynamicData1
C:\Users\TJung\AppData\Local\Temp\ccuwE8n9.s:76     .rodata:00000048 PWMSP001_Handle1
                           .group:00000000 wm4.1.4f34ab06ae2725aaf04d3230f4ec23a7
                           .group:00000000 wm4.XMC1100.h.45.7a7cd799d7738130fcda8b83b0aa37d4
                           .group:00000000 wm4.core_cm0.h.47.022e66414e77714da7c4b30b3ad99fe8
                           .group:00000000 wm4.newlib.h.8.a9901dc52d1357e3e94003403d43f8b5
                           .group:00000000 wm4.features.h.22.b72b3baab2bb2eab3661375590100b6b
                           .group:00000000 wm4.config.h.193.5fb8ef056cdff92dec3dee9552839d8c
                           .group:00000000 wm4._ansi.h.23.7aefdac4826acebbfc9f3822a0aeb14c
                           .group:00000000 wm4.stdint.h.20.54ad762faa59e3c05491630641c8d8bf
                           .group:00000000 wm4.core_cmInstr.h.39.b7b6650bdd2316848d940915272d75b8
                           .group:00000000 wm4.core_cm0.h.135.ca70469f87e143609670bb393bfa6518
                           .group:00000000 wm4.XMC1000_RomFunctionTable.h.31.6d9a94465618f31b040dc9cea9a47ad7
                           .group:00000000 wm4.XMC1100.h.114.be3711f71ee045884346be801053f4c0
                           .group:00000000 wm4.stddef.h.40.50cf36416e06376af8a9dca28536f2e4
                           .group:00000000 wm4.types.h.60.e75c47576398c648cdcf9000ace5e3d8
                           .group:00000000 wm4.MULTIPLEXER.h.46.383e3edbb9cbf6e538f7c1532ef623c1
                           .group:00000000 wm4.uc_id.h.35.eaf9b374d895319eacbb56387e04af18
                           .group:00000000 wm4.Usic.h.90.22743468abc46f16747d12430b219aaf
                           .group:00000000 wm4.UART001_Conf.h.53.f334402b2e237110b77f625dfc27af0e
                           .group:00000000 wm4.UART001.h.109.3e835815a7a59791d8bd39655f4d4cc9
                           .group:00000000 wm4.CCU4Global_Conf.h.63.a52fac0daa39b5f58343578312b4eb54
                           .group:00000000 wm4.PWMSP001.h.57.29b732b86baf3e81f49153f5f495912e
                           .group:00000000 wm4.IO004.h.53.442ea5eb47ad9eedc675253aa35f3107
                           .group:00000000 wm4.SYSTM001.h.64.aec07633e24163b6539b13abf1730eae

UNDEFINED SYMBOLS
PWMSP001_lSetCompareEdgeAlign
PWMSP001_lSetDutyEdgeAlign
